[ 2018-06-18T09:37:42+08:00 ] 127.0.0.1 /index.php/index
INFO: [ app_init ] --START--
INFO: Run Behavior\BuildLiteBehavior [ RunTime:0.000007s ]
INFO: [ app_init ] --END-- [ RunTime:0.000414s ]
SQL: SHOW COLUMNS FROM `lj_site` [ RunTime:0.0134s ]
SQL: SELECT `value` FROM `lj_site` WHERE `name` = 'extend' LIMIT 1   [ RunTime:0.0011s ]
NOTIC: [8] Undefined index: MAIL_HOST F:\anji\WEB\Index\Conf\config.php 第 50 行.
NOTIC: [8] Undefined index: MAIL_SMTPAUTH F:\anji\WEB\Index\Conf\config.php 第 51 行.
NOTIC: [8] Undefined index: MAIL_USERNAME F:\anji\WEB\Index\Conf\config.php 第 52 行.
NOTIC: [8] Undefined index: MAIL_FROM F:\anji\WEB\Index\Conf\config.php 第 53 行.
NOTIC: [8] Undefined index: MAIL_FROMNAME F:\anji\WEB\Index\Conf\config.php 第 54 行.
NOTIC: [8] Undefined index: MAIL_PASSWORD F:\anji\WEB\Index\Conf\config.php 第 55 行.
NOTIC: [8] Undefined index: MAIL_CHARSET F:\anji\WEB\Index\Conf\config.php 第 56 行.
NOTIC: [8] Undefined index: MAIL_ISHTML F:\anji\WEB\Index\Conf\config.php 第 57 行.
NOTIC: [8] Undefined index: partner F:\anji\WEB\Index\Conf\config.php 第 71 行.
NOTIC: [8] Undefined index: key F:\anji\WEB\Index\Conf\config.php 第 72 行.
NOTIC: [8] Use of undefined constant __APP__ - assumed '__APP__' F:\anji\Core\Common\functions.php 第 1003 行.
NOTIC: [8] Use of undefined constant __APP__ - assumed '__APP__' F:\anji\Core\Common\functions.php 第 1003 行.
INFO: [ app_begin ] --START--
INFO: Run Behavior\ReadHtmlCacheBehavior [ RunTime:0.000909s ]
INFO: [ app_begin ] --END-- [ RunTime:0.000982s ]
NOTIC: [8192] mysql_connect(): The mysql extension is deprecated and will be removed in the future: use mysqli or PDO instead F:\anji\Core\Library\Think\Session\Driver\Db.class.php 第 95 行.
SQL: SELECT `value` FROM `lj_site` WHERE `name` = 'basic' LIMIT 1   [ RunTime:0.0011s ]
INFO: [ view_parse ] --START--
NOTIC: [8] Undefined index: id F:\anji\WEB\TagLib\TagLibLj.class.php 第 31 行.
INFO: [ template_filter ] --START--
INFO: Run Behavior\ContentReplaceBehavior [ RunTime:0.000140s ]
INFO: [ template_filter ] --END-- [ RunTime:0.000201s ]
INFO: [ view_parse ] --START--
INFO: [ template_filter ] --START--
INFO: Run Behavior\ContentReplaceBehavior [ RunTime:0.000024s ]
INFO: [ template_filter ] --END-- [ RunTime:-0.021563s ]
SQL: SHOW COLUMNS FROM `lj_banner` [ RunTime:0.0105s ]
SQL: SELECT * FROM `lj_banner` WHERE ( type=1 and pic<>'' ) ORDER BY id DESC,sort ASC LIMIT 5   [ RunTime:0.0003s ]
INFO: Run Behavior\ParseTemplateBehavior [ RunTime:0.021060s ]
INFO: [ view_parse ] --END-- [ RunTime:0.021126s ]
INFO: [ view_filter ] --START--
INFO: Run Behavior\WriteHtmlCacheBehavior [ RunTime:0.001390s ]
INFO: [ view_filter ] --END-- [ RunTime:0.001496s ]
SQL: SELECT `value` FROM `lj_site` WHERE `name` = 'basic' LIMIT 1   [ RunTime:0.0008s ]
SQL: SHOW COLUMNS FROM `lj_class` [ RunTime:0.0302s ]
SQL: SELECT `id`,`title`,`classname`,`pics` FROM `lj_class` WHERE `pics` <> '' ORDER BY id desc LIMIT 4   [ RunTime:0.0113s ]
SQL: SHOW COLUMNS FROM `lj_article` [ RunTime:0.0227s ]
SQL: SELECT `id`,`title`,`description`,`pic`,`time`,`click` FROM `lj_article` WHERE `pic` <> '' AND `tj` = 1 ORDER BY time desc LIMIT 6   [ RunTime:0.0007s ]
SQL: SELECT `value` FROM `lj_site` WHERE `name` = 'basic' LIMIT 1   [ RunTime:0.0008s ]
INFO: Run Behavior\ParseTemplateBehavior [ RunTime:0.093456s ]
INFO: [ view_parse ] --END-- [ RunTime:0.021126s ]
INFO: [ view_filter ] --START--
INFO: Run Behavior\WriteHtmlCacheBehavior [ RunTime:0.000029s ]
INFO: [ view_filter ] --END-- [ RunTime:-0.070904s ]
INFO: [ app_end ] --START--
INFO: Run Behavior\ShowPageTraceBehavior [ RunTime:0.001297s ]
INFO: [ app_end ] --END-- [ RunTime:0.001367s ]

