[ 2018-06-17T09:23:23+08:00 ] 127.0.0.1 /index.php/jobs/index
INFO: [ app_init ] --START--
INFO: Run Behavior\BuildLiteBehavior [ RunTime:0.000008s ]
INFO: [ app_init ] --END-- [ RunTime:0.000367s ]
SQL: SHOW COLUMNS FROM `lj_site` [ RunTime:0.0412s ]
SQL: SELECT `value` FROM `lj_site` WHERE `name` = 'extend' LIMIT 1   [ RunTime:0.0006s ]
NOTIC: [8] Undefined index: MAIL_HOST F:\anji\WEB\Index\Conf\config.php 第 50 行.
NOTIC: [8] Undefined index: MAIL_SMTPAUTH F:\anji\WEB\Index\Conf\config.php 第 51 行.
NOTIC: [8] Undefined index: MAIL_USERNAME F:\anji\WEB\Index\Conf\config.php 第 52 行.
NOTIC: [8] Undefined index: MAIL_FROM F:\anji\WEB\Index\Conf\config.php 第 53 行.
NOTIC: [8] Undefined index: MAIL_FROMNAME F:\anji\WEB\Index\Conf\config.php 第 54 行.
NOTIC: [8] Undefined index: MAIL_PASSWORD F:\anji\WEB\Index\Conf\config.php 第 55 行.
NOTIC: [8] Undefined index: MAIL_CHARSET F:\anji\WEB\Index\Conf\config.php 第 56 行.
NOTIC: [8] Undefined index: MAIL_ISHTML F:\anji\WEB\Index\Conf\config.php 第 57 行.
NOTIC: [8] Undefined index: partner F:\anji\WEB\Index\Conf\config.php 第 71 行.
NOTIC: [8] Undefined index: key F:\anji\WEB\Index\Conf\config.php 第 72 行.
NOTIC: [8] Use of undefined constant __APP__ - assumed '__APP__' F:\anji\Core\Common\functions.php 第 1003 行.
NOTIC: [8] Use of undefined constant __APP__ - assumed '__APP__' F:\anji\Core\Common\functions.php 第 1003 行.
INFO: [ app_begin ] --START--
INFO: Run Behavior\ReadHtmlCacheBehavior [ RunTime:0.001143s ]
INFO: [ app_begin ] --END-- [ RunTime:0.001231s ]
NOTIC: [8192] mysql_connect(): The mysql extension is deprecated and will be removed in the future: use mysqli or PDO instead F:\anji\Core\Library\Think\Session\Driver\Db.class.php 第 95 行.
SQL: SHOW COLUMNS FROM `lj_jobs` [ RunTime:0.0294s ]
SQL: SELECT COUNT(*) AS tp_count FROM `lj_jobs` LIMIT 1   [ RunTime:0.0008s ]
SQL: SELECT `id`,`title`,`time` FROM `lj_jobs` ORDER BY time DESC LIMIT 0,10   [ RunTime:0.0017s ]
INFO: [ view_parse ] --START--
INFO: [ template_filter ] --START--
INFO: Run Behavior\ContentReplaceBehavior [ RunTime:0.000138s ]
INFO: [ template_filter ] --END-- [ RunTime:0.000214s ]
NOTIC: [8] Undefined variable: title F:\anji\WEB\Runtime\Cache\Index\1729c8c3df185b5717444e077ba85842.php 第 5 行.
NOTIC: [8] Undefined variable: keywords F:\anji\WEB\Runtime\Cache\Index\1729c8c3df185b5717444e077ba85842.php 第 11 行.
NOTIC: [8] Undefined variable: description F:\anji\WEB\Runtime\Cache\Index\1729c8c3df185b5717444e077ba85842.php 第 12 行.
NOTIC: [8] Undefined variable: title F:\anji\WEB\Runtime\Cache\Index\1729c8c3df185b5717444e077ba85842.php 第 33 行.
NOTIC: [8] Undefined variable: description F:\anji\WEB\Runtime\Cache\Index\1729c8c3df185b5717444e077ba85842.php 第 36 行.
SQL: SELECT `value` FROM `lj_site` WHERE `name` = 'basic' LIMIT 1   [ RunTime:0.0003s ]
INFO: Run Behavior\ParseTemplateBehavior [ RunTime:0.051875s ]
INFO: [ view_parse ] --END-- [ RunTime:0.051981s ]
INFO: [ view_filter ] --START--
INFO: Run Behavior\WriteHtmlCacheBehavior [ RunTime:0.000421s ]
INFO: [ view_filter ] --END-- [ RunTime:0.000448s ]
INFO: [ app_end ] --START--
INFO: Run Behavior\ShowPageTraceBehavior [ RunTime:0.000537s ]
INFO: [ app_end ] --END-- [ RunTime:0.000566s ]

