[ 2018-06-19T10:18:34+08:00 ] 127.0.0.1 /index.php/
INFO: [ app_init ] --START--
INFO: Run Behavior\BuildLiteBehavior [ RunTime:0.000021s ]
INFO: [ app_init ] --END-- [ RunTime:0.001563s ]
SQL: SHOW COLUMNS FROM `lj_site` [ RunTime:0.0565s ]
SQL: SELECT `value` FROM `lj_site` WHERE `name` = 'extend' LIMIT 1   [ RunTime:0.0127s ]
NOTIC: [8] Undefined index: MAIL_HOST D:\WWW\anji\WEB\Index\Conf\config.php 第 50 行.
NOTIC: [8] Undefined index: MAIL_SMTPAUTH D:\WWW\anji\WEB\Index\Conf\config.php 第 51 行.
NOTIC: [8] Undefined index: MAIL_USERNAME D:\WWW\anji\WEB\Index\Conf\config.php 第 52 行.
NOTIC: [8] Undefined index: MAIL_FROM D:\WWW\anji\WEB\Index\Conf\config.php 第 53 行.
NOTIC: [8] Undefined index: MAIL_FROMNAME D:\WWW\anji\WEB\Index\Conf\config.php 第 54 行.
NOTIC: [8] Undefined index: MAIL_PASSWORD D:\WWW\anji\WEB\Index\Conf\config.php 第 55 行.
NOTIC: [8] Undefined index: MAIL_CHARSET D:\WWW\anji\WEB\Index\Conf\config.php 第 56 行.
NOTIC: [8] Undefined index: MAIL_ISHTML D:\WWW\anji\WEB\Index\Conf\config.php 第 57 行.
NOTIC: [8] Undefined index: partner D:\WWW\anji\WEB\Index\Conf\config.php 第 71 行.
NOTIC: [8] Undefined index: key D:\WWW\anji\WEB\Index\Conf\config.php 第 72 行.
NOTIC: [8] Use of undefined constant __APP__ - assumed '__APP__' D:\WWW\anji\Core\Common\functions.php 第 1003 行.
NOTIC: [8] Use of undefined constant __APP__ - assumed '__APP__' D:\WWW\anji\Core\Common\functions.php 第 1003 行.
INFO: [ app_begin ] --START--
INFO: Run Behavior\ReadHtmlCacheBehavior [ RunTime:0.002245s ]
INFO: [ app_begin ] --END-- [ RunTime:0.002354s ]
NOTIC: [8192] mysql_connect(): The mysql extension is deprecated and will be removed in the future: use mysqli or PDO instead D:\WWW\anji\Core\Library\Think\Session\Driver\Db.class.php 第 95 行.
NOTIC: [8] Undefined property: stdClass::$access_token D:\WWW\anji\Core\Library\Vendor\Wxshare\class.jssdk.php 第 78 行.
NOTIC: [8] Undefined property: stdClass::$ticket D:\WWW\anji\Core\Library\Vendor\Wxshare\class.jssdk.php 第 57 行.
SQL: SELECT `value` FROM `lj_site` WHERE `name` = 'basic' LIMIT 1   [ RunTime:0.0005s ]
INFO: [ view_parse ] --START--
NOTIC: [8] Undefined index: id D:\WWW\anji\WEB\TagLib\TagLibLj.class.php 第 31 行.
INFO: [ template_filter ] --START--
INFO: Run Behavior\ContentReplaceBehavior [ RunTime:0.000881s ]
INFO: [ template_filter ] --END-- [ RunTime:0.000969s ]
INFO: [ view_parse ] --START--
INFO: [ template_filter ] --START--
INFO: Run Behavior\ContentReplaceBehavior [ RunTime:0.000057s ]
INFO: [ template_filter ] --END-- [ RunTime:-0.014927s ]
SQL: SHOW COLUMNS FROM `lj_banner` [ RunTime:0.0196s ]
SQL: SELECT * FROM `lj_banner` WHERE ( type=1 and pic<>'' ) ORDER BY id DESC,sort ASC LIMIT 5   [ RunTime:0.0007s ]
INFO: Run Behavior\ParseTemplateBehavior [ RunTime:0.032704s ]
INFO: [ view_parse ] --END-- [ RunTime:0.032776s ]
INFO: [ view_filter ] --START--
INFO: Run Behavior\WriteHtmlCacheBehavior [ RunTime:0.001349s ]
INFO: [ view_filter ] --END-- [ RunTime:0.001430s ]
SQL: SELECT `value` FROM `lj_site` WHERE `name` = 'basic' LIMIT 1   [ RunTime:0.0006s ]
SQL: SHOW COLUMNS FROM `lj_class` [ RunTime:0.0404s ]
SQL: SELECT `id`,`title`,`classname`,`pics` FROM `lj_class` WHERE `pics` <> '' AND `tj` = 1 ORDER BY id desc LIMIT 4   [ RunTime:0.0186s ]
SQL: SHOW COLUMNS FROM `lj_article` [ RunTime:0.0451s ]
SQL: SELECT `id`,`title`,`description`,`pic`,`time`,`click` FROM `lj_article` WHERE `pic` <> '' AND `tj` = 1 ORDER BY time desc LIMIT 6   [ RunTime:0.0007s ]
SQL: SELECT `value` FROM `lj_site` WHERE `name` = 'basic' LIMIT 1   [ RunTime:0.0006s ]
INFO: Run Behavior\ParseTemplateBehavior [ RunTime:0.276314s ]
INFO: [ view_parse ] --END-- [ RunTime:0.032776s ]
INFO: [ view_filter ] --START--
INFO: Run Behavior\WriteHtmlCacheBehavior [ RunTime:0.000017s ]
INFO: [ view_filter ] --END-- [ RunTime:-0.242172s ]
INFO: [ app_end ] --START--
INFO: Run Behavior\ShowPageTraceBehavior [ RunTime:0.022554s ]
INFO: [ app_end ] --END-- [ RunTime:0.022633s ]

[ 2018-06-19T10:19:32+08:00 ] 127.0.0.1 /index.php/
INFO: [ app_init ] --START--
INFO: Run Behavior\BuildLiteBehavior [ RunTime:0.000019s ]
INFO: [ app_init ] --END-- [ RunTime:0.000646s ]
SQL: SHOW COLUMNS FROM `lj_site` [ RunTime:0.0072s ]
SQL: SELECT `value` FROM `lj_site` WHERE `name` = 'extend' LIMIT 1   [ RunTime:0.0007s ]
NOTIC: [8] Undefined index: MAIL_HOST D:\WWW\anji\WEB\Index\Conf\config.php 第 50 行.
NOTIC: [8] Undefined index: MAIL_SMTPAUTH D:\WWW\anji\WEB\Index\Conf\config.php 第 51 行.
NOTIC: [8] Undefined index: MAIL_USERNAME D:\WWW\anji\WEB\Index\Conf\config.php 第 52 行.
NOTIC: [8] Undefined index: MAIL_FROM D:\WWW\anji\WEB\Index\Conf\config.php 第 53 行.
NOTIC: [8] Undefined index: MAIL_FROMNAME D:\WWW\anji\WEB\Index\Conf\config.php 第 54 行.
NOTIC: [8] Undefined index: MAIL_PASSWORD D:\WWW\anji\WEB\Index\Conf\config.php 第 55 行.
NOTIC: [8] Undefined index: MAIL_CHARSET D:\WWW\anji\WEB\Index\Conf\config.php 第 56 行.
NOTIC: [8] Undefined index: MAIL_ISHTML D:\WWW\anji\WEB\Index\Conf\config.php 第 57 行.
NOTIC: [8] Undefined index: partner D:\WWW\anji\WEB\Index\Conf\config.php 第 71 行.
NOTIC: [8] Undefined index: key D:\WWW\anji\WEB\Index\Conf\config.php 第 72 行.
NOTIC: [8] Use of undefined constant __APP__ - assumed '__APP__' D:\WWW\anji\Core\Common\functions.php 第 1003 行.
NOTIC: [8] Use of undefined constant __APP__ - assumed '__APP__' D:\WWW\anji\Core\Common\functions.php 第 1003 行.
INFO: [ app_begin ] --START--
INFO: Run Behavior\ReadHtmlCacheBehavior [ RunTime:0.000997s ]
INFO: [ app_begin ] --END-- [ RunTime:0.001088s ]
NOTIC: [8192] mysql_connect(): The mysql extension is deprecated and will be removed in the future: use mysqli or PDO instead D:\WWW\anji\Core\Library\Think\Session\Driver\Db.class.php 第 95 行.
NOTIC: [8] Undefined property: stdClass::$access_token D:\WWW\anji\Core\Library\Vendor\Wxshare\class.jssdk.php 第 78 行.
NOTIC: [8] Undefined property: stdClass::$ticket D:\WWW\anji\Core\Library\Vendor\Wxshare\class.jssdk.php 第 57 行.
SQL: SELECT `value` FROM `lj_site` WHERE `name` = 'basic' LIMIT 1   [ RunTime:0.0005s ]
INFO: [ view_parse ] --START--
NOTIC: [8] Undefined index: id D:\WWW\anji\WEB\TagLib\TagLibLj.class.php 第 31 行.
INFO: [ template_filter ] --START--
INFO: Run Behavior\ContentReplaceBehavior [ RunTime:0.000125s ]
INFO: [ template_filter ] --END-- [ RunTime:0.000199s ]
INFO: [ view_parse ] --START--
INFO: [ template_filter ] --START--
INFO: Run Behavior\ContentReplaceBehavior [ RunTime:0.000054s ]
INFO: [ template_filter ] --END-- [ RunTime:-0.006880s ]
SQL: SHOW COLUMNS FROM `lj_banner` [ RunTime:0.0065s ]
SQL: SELECT * FROM `lj_banner` WHERE ( type=1 and pic<>'' ) ORDER BY id DESC,sort ASC LIMIT 5   [ RunTime:0.0019s ]
INFO: Run Behavior\ParseTemplateBehavior [ RunTime:0.012464s ]
INFO: [ view_parse ] --END-- [ RunTime:0.012538s ]
INFO: [ view_filter ] --START--
INFO: Run Behavior\WriteHtmlCacheBehavior [ RunTime:0.000939s ]
INFO: [ view_filter ] --END-- [ RunTime:0.001008s ]
SQL: SELECT `value` FROM `lj_site` WHERE `name` = 'basic' LIMIT 1   [ RunTime:0.0012s ]
SQL: SHOW COLUMNS FROM `lj_class` [ RunTime:0.0085s ]
SQL: SELECT `id`,`title`,`classname`,`pics` FROM `lj_class` WHERE `pics` <> '' AND `tj` = 1 ORDER BY id desc LIMIT 4   [ RunTime:0.0010s ]
SQL: SHOW COLUMNS FROM `lj_article` [ RunTime:0.0089s ]
SQL: SELECT `id`,`title`,`description`,`pic`,`time`,`click` FROM `lj_article` WHERE `pic` <> '' AND `tj` = 1 ORDER BY time desc LIMIT 6   [ RunTime:0.0006s ]
SQL: SELECT `value` FROM `lj_site` WHERE `name` = 'basic' LIMIT 1   [ RunTime:0.0004s ]
INFO: Run Behavior\ParseTemplateBehavior [ RunTime:0.036582s ]
INFO: [ view_parse ] --END-- [ RunTime:0.012538s ]
INFO: [ view_filter ] --START--
INFO: Run Behavior\WriteHtmlCacheBehavior [ RunTime:0.000017s ]
INFO: [ view_filter ] --END-- [ RunTime:-0.023101s ]
INFO: [ app_end ] --START--
INFO: Run Behavior\ShowPageTraceBehavior [ RunTime:0.001104s ]
INFO: [ app_end ] --END-- [ RunTime:0.001170s ]

[ 2018-06-19T14:02:32+08:00 ] 127.0.0.1 /
INFO: [ app_init ] --START--
INFO: Run Behavior\BuildLiteBehavior [ RunTime:0.000017s ]
INFO: [ app_init ] --END-- [ RunTime:0.000647s ]
SQL: SHOW COLUMNS FROM `lj_site` [ RunTime:0.0176s ]
SQL: SELECT `value` FROM `lj_site` WHERE `name` = 'extend' LIMIT 1   [ RunTime:0.0006s ]
NOTIC: [8] Undefined index: MAIL_HOST D:\WWW\anji\WEB\Index\Conf\config.php 第 50 行.
NOTIC: [8] Undefined index: MAIL_SMTPAUTH D:\WWW\anji\WEB\Index\Conf\config.php 第 51 行.
NOTIC: [8] Undefined index: MAIL_USERNAME D:\WWW\anji\WEB\Index\Conf\config.php 第 52 行.
NOTIC: [8] Undefined index: MAIL_FROM D:\WWW\anji\WEB\Index\Conf\config.php 第 53 行.
NOTIC: [8] Undefined index: MAIL_FROMNAME D:\WWW\anji\WEB\Index\Conf\config.php 第 54 行.
NOTIC: [8] Undefined index: MAIL_PASSWORD D:\WWW\anji\WEB\Index\Conf\config.php 第 55 行.
NOTIC: [8] Undefined index: MAIL_CHARSET D:\WWW\anji\WEB\Index\Conf\config.php 第 56 行.
NOTIC: [8] Undefined index: MAIL_ISHTML D:\WWW\anji\WEB\Index\Conf\config.php 第 57 行.
NOTIC: [8] Undefined index: partner D:\WWW\anji\WEB\Index\Conf\config.php 第 71 行.
NOTIC: [8] Undefined index: key D:\WWW\anji\WEB\Index\Conf\config.php 第 72 行.
NOTIC: [8] Use of undefined constant __APP__ - assumed '__APP__' D:\WWW\anji\Core\Common\functions.php 第 1003 行.
NOTIC: [8] Use of undefined constant __APP__ - assumed '__APP__' D:\WWW\anji\Core\Common\functions.php 第 1003 行.
INFO: [ app_begin ] --START--
INFO: Run Behavior\ReadHtmlCacheBehavior [ RunTime:0.001044s ]
INFO: [ app_begin ] --END-- [ RunTime:0.001136s ]
NOTIC: [8192] mysql_connect(): The mysql extension is deprecated and will be removed in the future: use mysqli or PDO instead D:\WWW\anji\Core\Library\Think\Session\Driver\Db.class.php 第 95 行.
NOTIC: [8] Undefined property: stdClass::$access_token D:\WWW\anji\Core\Library\Vendor\Wxshare\class.jssdk.php 第 78 行.
NOTIC: [8] Undefined property: stdClass::$ticket D:\WWW\anji\Core\Library\Vendor\Wxshare\class.jssdk.php 第 57 行.
SQL: SELECT `value` FROM `lj_site` WHERE `name` = 'basic' LIMIT 1   [ RunTime:0.0006s ]
INFO: [ view_parse ] --START--
NOTIC: [8] Undefined index: id D:\WWW\anji\WEB\TagLib\TagLibLj.class.php 第 31 行.
INFO: [ template_filter ] --START--
INFO: Run Behavior\ContentReplaceBehavior [ RunTime:0.000137s ]
INFO: [ template_filter ] --END-- [ RunTime:0.000218s ]
INFO: [ view_parse ] --START--
INFO: [ template_filter ] --START--
INFO: Run Behavior\ContentReplaceBehavior [ RunTime:0.000055s ]
INFO: [ template_filter ] --END-- [ RunTime:-0.007061s ]
SQL: SHOW COLUMNS FROM `lj_banner` [ RunTime:0.0094s ]
SQL: SELECT * FROM `lj_banner` WHERE ( type=1 and pic<>'' ) ORDER BY id DESC,sort ASC LIMIT 5   [ RunTime:0.0005s ]
INFO: Run Behavior\ParseTemplateBehavior [ RunTime:0.015638s ]
INFO: [ view_parse ] --END-- [ RunTime:0.015706s ]
INFO: [ view_filter ] --START--
INFO: Run Behavior\WriteHtmlCacheBehavior [ RunTime:0.000798s ]
INFO: [ view_filter ] --END-- [ RunTime:0.000860s ]
SQL: SELECT `value` FROM `lj_site` WHERE `name` = 'basic' LIMIT 1   [ RunTime:0.0005s ]
SQL: SHOW COLUMNS FROM `lj_class` [ RunTime:0.0099s ]
SQL: SELECT `id`,`title`,`classname`,`pics` FROM `lj_class` WHERE `pics` <> '' AND `tj` = 1 ORDER BY id desc LIMIT 4   [ RunTime:0.0005s ]
SQL: SHOW COLUMNS FROM `lj_article` [ RunTime:0.0088s ]
SQL: SELECT `id`,`title`,`description`,`pic`,`time`,`click` FROM `lj_article` WHERE `pic` <> '' AND `tj` = 1 ORDER BY time desc LIMIT 6   [ RunTime:0.0008s ]
SQL: SELECT `value` FROM `lj_site` WHERE `name` = 'basic' LIMIT 1   [ RunTime:0.0007s ]
INFO: Run Behavior\ParseTemplateBehavior [ RunTime:0.040550s ]
INFO: [ view_parse ] --END-- [ RunTime:0.015706s ]
INFO: [ view_filter ] --START--
INFO: Run Behavior\WriteHtmlCacheBehavior [ RunTime:0.000215s ]
INFO: [ view_filter ] --END-- [ RunTime:-0.024140s ]
INFO: [ app_end ] --START--
INFO: Run Behavior\ShowPageTraceBehavior [ RunTime:0.001604s ]
INFO: [ app_end ] --END-- [ RunTime:0.001678s ]

[ 2018-06-19T14:02:41+08:00 ] 127.0.0.1 /
INFO: [ app_init ] --START--
INFO: Run Behavior\BuildLiteBehavior [ RunTime:0.000026s ]
INFO: [ app_init ] --END-- [ RunTime:0.000943s ]
SQL: SHOW COLUMNS FROM `lj_site` [ RunTime:0.0061s ]
SQL: SELECT `value` FROM `lj_site` WHERE `name` = 'extend' LIMIT 1   [ RunTime:0.0005s ]
NOTIC: [8] Undefined index: MAIL_HOST D:\WWW\anji\WEB\Index\Conf\config.php 第 50 行.
NOTIC: [8] Undefined index: MAIL_SMTPAUTH D:\WWW\anji\WEB\Index\Conf\config.php 第 51 行.
NOTIC: [8] Undefined index: MAIL_USERNAME D:\WWW\anji\WEB\Index\Conf\config.php 第 52 行.
NOTIC: [8] Undefined index: MAIL_FROM D:\WWW\anji\WEB\Index\Conf\config.php 第 53 行.
NOTIC: [8] Undefined index: MAIL_FROMNAME D:\WWW\anji\WEB\Index\Conf\config.php 第 54 行.
NOTIC: [8] Undefined index: MAIL_PASSWORD D:\WWW\anji\WEB\Index\Conf\config.php 第 55 行.
NOTIC: [8] Undefined index: MAIL_CHARSET D:\WWW\anji\WEB\Index\Conf\config.php 第 56 行.
NOTIC: [8] Undefined index: MAIL_ISHTML D:\WWW\anji\WEB\Index\Conf\config.php 第 57 行.
NOTIC: [8] Undefined index: partner D:\WWW\anji\WEB\Index\Conf\config.php 第 71 行.
NOTIC: [8] Undefined index: key D:\WWW\anji\WEB\Index\Conf\config.php 第 72 行.
NOTIC: [8] Use of undefined constant __APP__ - assumed '__APP__' D:\WWW\anji\Core\Common\functions.php 第 1003 行.
NOTIC: [8] Use of undefined constant __APP__ - assumed '__APP__' D:\WWW\anji\Core\Common\functions.php 第 1003 行.
INFO: [ app_begin ] --START--
INFO: Run Behavior\ReadHtmlCacheBehavior [ RunTime:0.001494s ]
INFO: [ app_begin ] --END-- [ RunTime:0.001613s ]
NOTIC: [8192] mysql_connect(): The mysql extension is deprecated and will be removed in the future: use mysqli or PDO instead D:\WWW\anji\Core\Library\Think\Session\Driver\Db.class.php 第 95 行.
NOTIC: [8] Undefined property: stdClass::$access_token D:\WWW\anji\Core\Library\Vendor\Wxshare\class.jssdk.php 第 78 行.
NOTIC: [8] Undefined property: stdClass::$ticket D:\WWW\anji\Core\Library\Vendor\Wxshare\class.jssdk.php 第 57 行.
SQL: SELECT `value` FROM `lj_site` WHERE `name` = 'basic' LIMIT 1   [ RunTime:0.0005s ]
INFO: [ view_parse ] --START--
NOTIC: [8] Undefined index: id D:\WWW\anji\WEB\TagLib\TagLibLj.class.php 第 31 行.
INFO: [ template_filter ] --START--
INFO: Run Behavior\ContentReplaceBehavior [ RunTime:0.000114s ]
INFO: [ template_filter ] --END-- [ RunTime:0.000183s ]
INFO: [ view_parse ] --START--
INFO: [ template_filter ] --START--
INFO: Run Behavior\ContentReplaceBehavior [ RunTime:0.000053s ]
INFO: [ template_filter ] --END-- [ RunTime:-0.006703s ]
SQL: SHOW COLUMNS FROM `lj_banner` [ RunTime:0.0068s ]
SQL: SELECT * FROM `lj_banner` WHERE ( type=1 and pic<>'' ) ORDER BY id DESC,sort ASC LIMIT 5   [ RunTime:0.0004s ]
INFO: Run Behavior\ParseTemplateBehavior [ RunTime:0.011294s ]
INFO: [ view_parse ] --END-- [ RunTime:0.011366s ]
INFO: [ view_filter ] --START--
INFO: Run Behavior\WriteHtmlCacheBehavior [ RunTime:0.000678s ]
INFO: [ view_filter ] --END-- [ RunTime:0.000740s ]
SQL: SELECT `value` FROM `lj_site` WHERE `name` = 'basic' LIMIT 1   [ RunTime:0.0004s ]
SQL: SHOW COLUMNS FROM `lj_class` [ RunTime:0.0066s ]
SQL: SELECT `id`,`title`,`classname`,`pics` FROM `lj_class` WHERE `pics` <> '' AND `tj` = 1 ORDER BY id desc LIMIT 4   [ RunTime:0.0004s ]
SQL: SHOW COLUMNS FROM `lj_article` [ RunTime:0.0059s ]
SQL: SELECT `id`,`title`,`description`,`pic`,`time`,`click` FROM `lj_article` WHERE `pic` <> '' AND `tj` = 1 ORDER BY time desc LIMIT 6   [ RunTime:0.0005s ]
SQL: SELECT `value` FROM `lj_site` WHERE `name` = 'basic' LIMIT 1   [ RunTime:0.0005s ]
INFO: Run Behavior\ParseTemplateBehavior [ RunTime:0.028601s ]
INFO: [ view_parse ] --END-- [ RunTime:0.011366s ]
INFO: [ view_filter ] --START--
INFO: Run Behavior\WriteHtmlCacheBehavior [ RunTime:0.000018s ]
INFO: [ view_filter ] --END-- [ RunTime:-0.016564s ]
INFO: [ app_end ] --START--
INFO: Run Behavior\ShowPageTraceBehavior [ RunTime:0.001254s ]
INFO: [ app_end ] --END-- [ RunTime:0.001326s ]

[ 2018-06-19T14:02:48+08:00 ] 127.0.0.1 /index.php/Index/ashow_1.html
INFO: [ app_init ] --START--
INFO: Run Behavior\BuildLiteBehavior [ RunTime:0.000022s ]
INFO: [ app_init ] --END-- [ RunTime:0.000824s ]
SQL: SHOW COLUMNS FROM `lj_site` [ RunTime:0.0058s ]
SQL: SELECT `value` FROM `lj_site` WHERE `name` = 'extend' LIMIT 1   [ RunTime:0.0005s ]
NOTIC: [8] Undefined index: MAIL_HOST D:\WWW\anji\WEB\Index\Conf\config.php 第 50 行.
NOTIC: [8] Undefined index: MAIL_SMTPAUTH D:\WWW\anji\WEB\Index\Conf\config.php 第 51 行.
NOTIC: [8] Undefined index: MAIL_USERNAME D:\WWW\anji\WEB\Index\Conf\config.php 第 52 行.
NOTIC: [8] Undefined index: MAIL_FROM D:\WWW\anji\WEB\Index\Conf\config.php 第 53 行.
NOTIC: [8] Undefined index: MAIL_FROMNAME D:\WWW\anji\WEB\Index\Conf\config.php 第 54 行.
NOTIC: [8] Undefined index: MAIL_PASSWORD D:\WWW\anji\WEB\Index\Conf\config.php 第 55 行.
NOTIC: [8] Undefined index: MAIL_CHARSET D:\WWW\anji\WEB\Index\Conf\config.php 第 56 行.
NOTIC: [8] Undefined index: MAIL_ISHTML D:\WWW\anji\WEB\Index\Conf\config.php 第 57 行.
NOTIC: [8] Undefined index: partner D:\WWW\anji\WEB\Index\Conf\config.php 第 71 行.
NOTIC: [8] Undefined index: key D:\WWW\anji\WEB\Index\Conf\config.php 第 72 行.
NOTIC: [8] Use of undefined constant __APP__ - assumed '__APP__' D:\WWW\anji\Core\Common\functions.php 第 1003 行.
NOTIC: [8] Use of undefined constant __APP__ - assumed '__APP__' D:\WWW\anji\Core\Common\functions.php 第 1003 行.
INFO: [ app_begin ] --START--
INFO: Run Behavior\ReadHtmlCacheBehavior [ RunTime:0.000928s ]
INFO: [ app_begin ] --END-- [ RunTime:0.001010s ]
NOTIC: [8192] mysql_connect(): The mysql extension is deprecated and will be removed in the future: use mysqli or PDO instead D:\WWW\anji\Core\Library\Think\Session\Driver\Db.class.php 第 95 行.
NOTIC: [8] Undefined property: stdClass::$access_token D:\WWW\anji\Core\Library\Vendor\Wxshare\class.jssdk.php 第 78 行.
NOTIC: [8] Undefined property: stdClass::$ticket D:\WWW\anji\Core\Library\Vendor\Wxshare\class.jssdk.php 第 57 行.
NOTIC: [8] Use of undefined constant intval - assumed 'intval' D:\WWW\anji\WEB\Index\Controller\ArticleController.class.php 第 26 行.
SQL: SHOW COLUMNS FROM `lj_article` [ RunTime:0.0068s ]
SQL: SELECT * FROM `lj_article` WHERE `id` = 1 LIMIT 1   [ RunTime:0.0006s ]
NOTIC: [8] Undefined variable: cid D:\WWW\anji\WEB\Index\Controller\ArticleController.class.php 第 39 行.
SQL: SELECT * FROM `lj_article` WHERE `id` > 1 AND `cid` = null ORDER BY `id` ASC LIMIT 1   [ RunTime:0.0005s ]
NOTIC: [8] Undefined variable: cid D:\WWW\anji\WEB\Index\Controller\ArticleController.class.php 第 40 行.
SQL: SELECT * FROM `lj_article` WHERE `id` < 1 AND `cid` = null ORDER BY `id` DESC LIMIT 1   [ RunTime:0.0005s ]
INFO: [ view_parse ] --START--
INFO: [ template_filter ] --START--
INFO: Run Behavior\ContentReplaceBehavior [ RunTime:0.000124s ]
INFO: [ template_filter ] --END-- [ RunTime:0.000407s ]
NOTIC: [8] Undefined variable: description D:\WWW\anji\WEB\Runtime\Cache\Index\e167ca75b030e9399b5814cedc7af324.php 第 12 行.
NOTIC: [8] Undefined variable: description D:\WWW\anji\WEB\Runtime\Cache\Index\e167ca75b030e9399b5814cedc7af324.php 第 36 行.
SQL: SELECT `value` FROM `lj_site` WHERE `name` = 'basic' LIMIT 1   [ RunTime:0.0021s ]
INFO: Run Behavior\ParseTemplateBehavior [ RunTime:0.026829s ]
INFO: [ view_parse ] --END-- [ RunTime:0.026897s ]
INFO: [ view_filter ] --START--
INFO: Run Behavior\WriteHtmlCacheBehavior [ RunTime:0.000716s ]
INFO: [ view_filter ] --END-- [ RunTime:0.000778s ]
INFO: [ app_end ] --START--
INFO: Run Behavior\ShowPageTraceBehavior [ RunTime:0.000908s ]
INFO: [ app_end ] --END-- [ RunTime:0.000971s ]

[ 2018-06-19T14:02:51+08:00 ] 127.0.0.1 /index.php/Index/Article/getclick/id/1.html
INFO: [ app_init ] --START--
INFO: Run Behavior\BuildLiteBehavior [ RunTime:0.000018s ]
INFO: [ app_init ] --END-- [ RunTime:0.000569s ]
SQL: SHOW COLUMNS FROM `lj_site` [ RunTime:0.0063s ]
SQL: SELECT `value` FROM `lj_site` WHERE `name` = 'extend' LIMIT 1   [ RunTime:0.0011s ]
NOTIC: [8] Undefined index: MAIL_HOST D:\WWW\anji\WEB\Index\Conf\config.php 第 50 行.
NOTIC: [8] Undefined index: MAIL_SMTPAUTH D:\WWW\anji\WEB\Index\Conf\config.php 第 51 行.
NOTIC: [8] Undefined index: MAIL_USERNAME D:\WWW\anji\WEB\Index\Conf\config.php 第 52 行.
NOTIC: [8] Undefined index: MAIL_FROM D:\WWW\anji\WEB\Index\Conf\config.php 第 53 行.
NOTIC: [8] Undefined index: MAIL_FROMNAME D:\WWW\anji\WEB\Index\Conf\config.php 第 54 行.
NOTIC: [8] Undefined index: MAIL_PASSWORD D:\WWW\anji\WEB\Index\Conf\config.php 第 55 行.
NOTIC: [8] Undefined index: MAIL_CHARSET D:\WWW\anji\WEB\Index\Conf\config.php 第 56 行.
NOTIC: [8] Undefined index: MAIL_ISHTML D:\WWW\anji\WEB\Index\Conf\config.php 第 57 行.
NOTIC: [8] Undefined index: partner D:\WWW\anji\WEB\Index\Conf\config.php 第 71 行.
NOTIC: [8] Undefined index: key D:\WWW\anji\WEB\Index\Conf\config.php 第 72 行.
NOTIC: [8] Use of undefined constant __APP__ - assumed '__APP__' D:\WWW\anji\Core\Common\functions.php 第 1003 行.
NOTIC: [8] Use of undefined constant __APP__ - assumed '__APP__' D:\WWW\anji\Core\Common\functions.php 第 1003 行.
INFO: [ app_begin ] --START--
INFO: Run Behavior\ReadHtmlCacheBehavior [ RunTime:0.000982s ]
INFO: [ app_begin ] --END-- [ RunTime:0.001069s ]
NOTIC: [8192] mysql_connect(): The mysql extension is deprecated and will be removed in the future: use mysqli or PDO instead D:\WWW\anji\Core\Library\Think\Session\Driver\Db.class.php 第 95 行.
NOTIC: [8] Undefined property: stdClass::$access_token D:\WWW\anji\Core\Library\Vendor\Wxshare\class.jssdk.php 第 78 行.
NOTIC: [8] Undefined property: stdClass::$ticket D:\WWW\anji\Core\Library\Vendor\Wxshare\class.jssdk.php 第 57 行.
SQL: SHOW COLUMNS FROM `lj_article` [ RunTime:0.0109s ]
SQL: UPDATE `lj_article` SET `click`=click+1 WHERE `id` = 1 [ RunTime:0.0007s ]
SQL: SELECT `click` FROM `lj_article` WHERE `id` = 1 LIMIT 1   [ RunTime:0.0008s ]
INFO: [ app_end ] --START--
INFO: Run Behavior\ShowPageTraceBehavior [ RunTime:0.001333s ]
INFO: [ app_end ] --END-- [ RunTime:0.001416s ]

