[ 2018-06-25T16:56:31+08:00 ] 127.0.0.1 /index.php/
NOTIC: [2] mkdir(): File exists D:\WWW\anji\Core\Library\Think\Build.class.php 第 110 行.
INFO: [ app_init ] --START--
INFO: Run Behavior\BuildLiteBehavior [ RunTime:0.000021s ]
INFO: [ app_init ] --END-- [ RunTime:0.000728s ]
SQL: SHOW COLUMNS FROM `lj_site` [ RunTime:0.0083s ]
SQL: SELECT `value` FROM `lj_site` WHERE `name` = 'extend' LIMIT 1   [ RunTime:0.0010s ]
NOTIC: [8] Undefined index: MAIL_HOST D:\WWW\anji\WEB\Index\Conf\config.php 第 50 行.
NOTIC: [8] Undefined index: MAIL_SMTPAUTH D:\WWW\anji\WEB\Index\Conf\config.php 第 51 行.
NOTIC: [8] Undefined index: MAIL_USERNAME D:\WWW\anji\WEB\Index\Conf\config.php 第 52 行.
NOTIC: [8] Undefined index: MAIL_FROM D:\WWW\anji\WEB\Index\Conf\config.php 第 53 行.
NOTIC: [8] Undefined index: MAIL_FROMNAME D:\WWW\anji\WEB\Index\Conf\config.php 第 54 行.
NOTIC: [8] Undefined index: MAIL_PASSWORD D:\WWW\anji\WEB\Index\Conf\config.php 第 55 行.
NOTIC: [8] Undefined index: MAIL_CHARSET D:\WWW\anji\WEB\Index\Conf\config.php 第 56 行.
NOTIC: [8] Undefined index: MAIL_ISHTML D:\WWW\anji\WEB\Index\Conf\config.php 第 57 行.
NOTIC: [8] Undefined index: partner D:\WWW\anji\WEB\Index\Conf\config.php 第 71 行.
NOTIC: [8] Undefined index: key D:\WWW\anji\WEB\Index\Conf\config.php 第 72 行.
NOTIC: [8] Use of undefined constant __APP__ - assumed '__APP__' D:\WWW\anji\Core\Common\functions.php 第 1003 行.
NOTIC: [8] Use of undefined constant __APP__ - assumed '__APP__' D:\WWW\anji\Core\Common\functions.php 第 1003 行.
INFO: [ app_begin ] --START--
INFO: Run Behavior\ReadHtmlCacheBehavior [ RunTime:0.001169s ]
INFO: [ app_begin ] --END-- [ RunTime:0.001269s ]
NOTIC: [8192] mysql_connect(): The mysql extension is deprecated and will be removed in the future: use mysqli or PDO instead D:\WWW\anji\Core\Library\Think\Session\Driver\Db.class.php 第 95 行.

[ 2018-06-25T16:56:33+08:00 ] 127.0.0.1 /index.php/Index/Redirect/index.html
INFO: [ app_init ] --START--
INFO: Run Behavior\BuildLiteBehavior [ RunTime:0.000021s ]
INFO: [ app_init ] --END-- [ RunTime:0.000750s ]
SQL: SHOW COLUMNS FROM `lj_site` [ RunTime:0.0062s ]
SQL: SELECT `value` FROM `lj_site` WHERE `name` = 'extend' LIMIT 1   [ RunTime:0.0014s ]
NOTIC: [8] Undefined index: MAIL_HOST D:\WWW\anji\WEB\Index\Conf\config.php 第 50 行.
NOTIC: [8] Undefined index: MAIL_SMTPAUTH D:\WWW\anji\WEB\Index\Conf\config.php 第 51 行.
NOTIC: [8] Undefined index: MAIL_USERNAME D:\WWW\anji\WEB\Index\Conf\config.php 第 52 行.
NOTIC: [8] Undefined index: MAIL_FROM D:\WWW\anji\WEB\Index\Conf\config.php 第 53 行.
NOTIC: [8] Undefined index: MAIL_FROMNAME D:\WWW\anji\WEB\Index\Conf\config.php 第 54 行.
NOTIC: [8] Undefined index: MAIL_PASSWORD D:\WWW\anji\WEB\Index\Conf\config.php 第 55 行.
NOTIC: [8] Undefined index: MAIL_CHARSET D:\WWW\anji\WEB\Index\Conf\config.php 第 56 行.
NOTIC: [8] Undefined index: MAIL_ISHTML D:\WWW\anji\WEB\Index\Conf\config.php 第 57 行.
NOTIC: [8] Undefined index: partner D:\WWW\anji\WEB\Index\Conf\config.php 第 71 行.
NOTIC: [8] Undefined index: key D:\WWW\anji\WEB\Index\Conf\config.php 第 72 行.
NOTIC: [8] Use of undefined constant __APP__ - assumed '__APP__' D:\WWW\anji\Core\Common\functions.php 第 1003 行.
NOTIC: [8] Use of undefined constant __APP__ - assumed '__APP__' D:\WWW\anji\Core\Common\functions.php 第 1003 行.
INFO: [ app_begin ] --START--
INFO: Run Behavior\ReadHtmlCacheBehavior [ RunTime:0.002540s ]
INFO: [ app_begin ] --END-- [ RunTime:0.002653s ]
NOTIC: [8192] mysql_connect(): The mysql extension is deprecated and will be removed in the future: use mysqli or PDO instead D:\WWW\anji\Core\Library\Think\Session\Driver\Db.class.php 第 95 行.
INFO: [ view_parse ] --START--
INFO: [ template_filter ] --START--
INFO: Run Behavior\ContentReplaceBehavior [ RunTime:0.000891s ]
INFO: [ template_filter ] --END-- [ RunTime:0.000976s ]
INFO: Run Behavior\ParseTemplateBehavior [ RunTime:0.034557s ]
INFO: [ view_parse ] --END-- [ RunTime:0.034668s ]
INFO: [ view_filter ] --START--
INFO: Run Behavior\WriteHtmlCacheBehavior [ RunTime:0.000649s ]
INFO: [ view_filter ] --END-- [ RunTime:0.000704s ]
INFO: [ app_end ] --START--
INFO: Run Behavior\ShowPageTraceBehavior [ RunTime:0.000975s ]
INFO: [ app_end ] --END-- [ RunTime:0.001032s ]

