[ 2018-06-13T11:41:48+08:00 ] 127.0.0.1 /index.php/website/index
INFO: [ app_init ] --START--
INFO: Run Behavior\BuildLiteBehavior [ RunTime:0.000040s ]
INFO: [ app_init ] --END-- [ RunTime:0.002015s ]
INFO: [ app_begin ] --START--
INFO: Run Behavior\ReadHtmlCacheBehavior [ RunTime:0.001248s ]
INFO: [ app_begin ] --END-- [ RunTime:0.001340s ]
NOTIC: [8192] mysql_connect(): The mysql extension is deprecated and will be removed in the future: use mysqli or PDO instead D:\WWW\anji\Core\Library\Think\Session\Driver\Db.class.php ç¬¬ 95 è¡Œ.
NOTIC: [2] mysql_connect(): ï¿½ï¿½ï¿½ï¿½Ä¿ï¿½ï¿½ï¿½ï¿½ï¿½ï¿½ï¿½ï¿½ï¿½ï¿½Ü¾ï¿½ï¿½ï¿½ï¿½Ş·ï¿½ï¿½ï¿½ï¿½Ó¡ï¿½
 D:\WWW\anji\Core\Library\Think\Session\Driver\Db.class.php ç¬¬ 95 è¡Œ.
NOTIC: [2] mysql_select_db() expects parameter 2 to be resource, boolean given D:\WWW\anji\Core\Library\Think\Session\Driver\Db.class.php ç¬¬ 98 è¡Œ.
NOTIC: [8] Undefined offset: 1 D:\WWW\anji\Core\Library\Think\Session\Driver\Db.class.php ç¬¬ 124 è¡Œ.
NOTIC: [2] mysql_query() expects parameter 2 to be resource, null given D:\WWW\anji\Core\Library\Think\Session\Driver\Db.class.php ç¬¬ 125 è¡Œ.
INFO: [ view_parse ] --START--
INFO: [ template_filter ] --START--
INFO: Run Behavior\ContentReplaceBehavior [ RunTime:0.001164s ]
INFO: [ template_filter ] --END-- [ RunTime:0.001289s ]
INFO: Run Behavior\ParseTemplateBehavior [ RunTime:0.059870s ]
INFO: [ view_parse ] --END-- [ RunTime:0.059962s ]
INFO: [ view_filter ] --START--
INFO: Run Behavior\WriteHtmlCacheBehavior [ RunTime:0.001088s ]
INFO: [ view_filter ] --END-- [ RunTime:0.001161s ]
INFO: [ app_end ] --START--
INFO: Run Behavior\ShowPageTraceBehavior [ RunTime:0.001507s ]
INFO: [ app_end ] --END-- [ RunTime:0.001610s ]

[ 2018-06-13T11:41:51+08:00 ] 127.0.0.1 /index.php/Website/Index/welcom
INFO: [ app_init ] --START--
INFO: Run Behavior\BuildLiteBehavior [ RunTime:0.000021s ]
INFO: [ app_init ] --END-- [ RunTime:0.000948s ]
INFO: [ app_begin ] --START--
INFO: Run Behavior\ReadHtmlCacheBehavior [ RunTime:0.000841s ]
INFO: [ app_begin ] --END-- [ RunTime:0.000927s ]
NOTIC: [8192] mysql_connect(): The mysql extension is deprecated and will be removed in the future: use mysqli or PDO instead D:\WWW\anji\Core\Library\Think\Session\Driver\Db.class.php ç¬¬ 95 è¡Œ.
NOTIC: [2] mysql_connect(): ï¿½ï¿½ï¿½ï¿½Ä¿ï¿½ï¿½ï¿½ï¿½ï¿½ï¿½ï¿½ï¿½ï¿½ï¿½Ü¾ï¿½ï¿½ï¿½ï¿½Ş·ï¿½ï¿½ï¿½ï¿½Ó¡ï¿½
 D:\WWW\anji\Core\Library\Think\Session\Driver\Db.class.php ç¬¬ 95 è¡Œ.
NOTIC: [2] mysql_select_db() expects parameter 2 to be resource, boolean given D:\WWW\anji\Core\Library\Think\Session\Driver\Db.class.php ç¬¬ 98 è¡Œ.
NOTIC: [8] Undefined offset: 1 D:\WWW\anji\Core\Library\Think\Session\Driver\Db.class.php ç¬¬ 124 è¡Œ.
NOTIC: [2] mysql_query() expects parameter 2 to be resource, null given D:\WWW\anji\Core\Library\Think\Session\Driver\Db.class.php ç¬¬ 125 è¡Œ.
INFO: [ view_parse ] --START--
INFO: [ template_filter ] --START--
INFO: Run Behavior\ContentReplaceBehavior [ RunTime:0.000081s ]
INFO: [ template_filter ] --END-- [ RunTime:0.000155s ]
INFO: Run Behavior\ParseTemplateBehavior [ RunTime:0.032147s ]
INFO: [ view_parse ] --END-- [ RunTime:0.032239s ]
INFO: [ view_filter ] --START--
INFO: Run Behavior\WriteHtmlCacheBehavior [ RunTime:0.000627s ]
INFO: [ view_filter ] --END-- [ RunTime:0.000693s ]
INFO: [ app_end ] --START--
INFO: Run Behavior\ShowPageTraceBehavior [ RunTime:0.000894s ]
INFO: [ app_end ] --END-- [ RunTime:0.001212s ]

[ 2018-06-13T11:42:31+08:00 ] 127.0.0.1 /index.php/Website/Car/classtype
INFO: [ app_init ] --START--
INFO: Run Behavior\BuildLiteBehavior [ RunTime:0.000021s ]
INFO: [ app_init ] --END-- [ RunTime:0.000722s ]
INFO: [ app_begin ] --START--
INFO: Run Behavior\ReadHtmlCacheBehavior [ RunTime:0.001108s ]
INFO: [ app_begin ] --END-- [ RunTime:0.001373s ]
NOTIC: [8192] mysql_connect(): The mysql extension is deprecated and will be removed in the future: use mysqli or PDO instead D:\WWW\anji\Core\Library\Think\Session\Driver\Db.class.php ç¬¬ 95 è¡Œ.
NOTIC: [2] mysql_connect(): ï¿½ï¿½ï¿½ï¿½Ä¿ï¿½ï¿½ï¿½ï¿½ï¿½ï¿½ï¿½ï¿½ï¿½ï¿½Ü¾ï¿½ï¿½ï¿½ï¿½Ş·ï¿½ï¿½ï¿½ï¿½Ó¡ï¿½
 D:\WWW\anji\Core\Library\Think\Session\Driver\Db.class.php ç¬¬ 95 è¡Œ.
NOTIC: [2] mysql_select_db() expects parameter 2 to be resource, boolean given D:\WWW\anji\Core\Library\Think\Session\Driver\Db.class.php ç¬¬ 98 è¡Œ.
NOTIC: [8] Undefined offset: 1 D:\WWW\anji\Core\Library\Think\Session\Driver\Db.class.php ç¬¬ 124 è¡Œ.
NOTIC: [2] mysql_query() expects parameter 2 to be resource, null given D:\WWW\anji\Core\Library\Think\Session\Driver\Db.class.php ç¬¬ 125 è¡Œ.
ERR: SQLSTATE[HY000] [2002] ÓÉÓÚÄ¿±ê¼ÆËã»ú»ı¼«¾Ü¾ø£¬ÎŞ·¨Á¬½Ó¡£


[ 2018-06-13T11:42:57+08:00 ] 127.0.0.1 /index.php/website/index
INFO: [ app_init ] --START--
INFO: Run Behavior\BuildLiteBehavior [ RunTime:0.000020s ]
INFO: [ app_init ] --END-- [ RunTime:0.000893s ]
INFO: [ app_begin ] --START--
INFO: Run Behavior\ReadHtmlCacheBehavior [ RunTime:0.000971s ]
INFO: [ app_begin ] --END-- [ RunTime:0.001085s ]
NOTIC: [8192] mysql_connect(): The mysql extension is deprecated and will be removed in the future: use mysqli or PDO instead D:\WWW\anji\Core\Library\Think\Session\Driver\Db.class.php ç¬¬ 95 è¡Œ.
INFO: [ view_parse ] --START--
INFO: [ template_filter ] --START--
INFO: Run Behavior\ContentReplaceBehavior [ RunTime:0.000299s ]
INFO: [ template_filter ] --END-- [ RunTime:0.000390s ]
INFO: Run Behavior\ParseTemplateBehavior [ RunTime:0.045879s ]
INFO: [ view_parse ] --END-- [ RunTime:0.045970s ]
INFO: [ view_filter ] --START--
INFO: Run Behavior\WriteHtmlCacheBehavior [ RunTime:0.000801s ]
INFO: [ view_filter ] --END-- [ RunTime:0.000872s ]
INFO: [ app_end ] --START--
INFO: Run Behavior\ShowPageTraceBehavior [ RunTime:0.001496s ]
INFO: [ app_end ] --END-- [ RunTime:0.001598s ]

[ 2018-06-13T11:42:58+08:00 ] 127.0.0.1 /index.php/Website/Index/welcom
INFO: [ app_init ] --START--
INFO: Run Behavior\BuildLiteBehavior [ RunTime:0.000018s ]
INFO: [ app_init ] --END-- [ RunTime:0.000708s ]
INFO: [ app_begin ] --START--
INFO: Run Behavior\ReadHtmlCacheBehavior [ RunTime:0.000792s ]
INFO: [ app_begin ] --END-- [ RunTime:0.000871s ]
NOTIC: [8192] mysql_connect(): The mysql extension is deprecated and will be removed in the future: use mysqli or PDO instead D:\WWW\anji\Core\Library\Think\Session\Driver\Db.class.php ç¬¬ 95 è¡Œ.
INFO: [ view_parse ] --START--
INFO: [ template_filter ] --START--
INFO: Run Behavior\ContentReplaceBehavior [ RunTime:0.000078s ]
INFO: [ template_filter ] --END-- [ RunTime:0.000151s ]
INFO: Run Behavior\ParseTemplateBehavior [ RunTime:0.011572s ]
INFO: [ view_parse ] --END-- [ RunTime:0.011726s ]
INFO: [ view_filter ] --START--
INFO: Run Behavior\WriteHtmlCacheBehavior [ RunTime:0.001468s ]
INFO: [ view_filter ] --END-- [ RunTime:0.001540s ]
INFO: [ app_end ] --START--
INFO: Run Behavior\ShowPageTraceBehavior [ RunTime:0.000906s ]
INFO: [ app_end ] --END-- [ RunTime:0.000971s ]

[ 2018-06-13T11:43:04+08:00 ] 127.0.0.1 /index.php/Website/Car/classtype
INFO: [ app_init ] --START--
INFO: Run Behavior\BuildLiteBehavior [ RunTime:0.000020s ]
INFO: [ app_init ] --END-- [ RunTime:0.000639s ]
INFO: [ app_begin ] --START--
INFO: Run Behavior\ReadHtmlCacheBehavior [ RunTime:0.000836s ]
INFO: [ app_begin ] --END-- [ RunTime:0.001483s ]
NOTIC: [8192] mysql_connect(): The mysql extension is deprecated and will be removed in the future: use mysqli or PDO instead D:\WWW\anji\Core\Library\Think\Session\Driver\Db.class.php ç¬¬ 95 è¡Œ.
SQL: SHOW COLUMNS FROM `lj_class` [ RunTime:0.0384s ]
SQL: SELECT COUNT(*) AS tp_count FROM `lj_class` LIMIT 1   [ RunTime:0.0003s ]
SQL: SELECT `id`,`classname`,`pid`,`sort`,`title`,`pics`,`canshu` FROM `lj_class` ORDER BY sort asc,id asc LIMIT 0,10   [ RunTime:0.0009s ]
INFO: [ view_parse ] --START--
INFO: [ template_filter ] --START--
INFO: Run Behavior\ContentReplaceBehavior [ RunTime:0.000081s ]
INFO: [ template_filter ] --END-- [ RunTime:0.000163s ]
INFO: Run Behavior\ParseTemplateBehavior [ RunTime:0.027487s ]
INFO: [ view_parse ] --END-- [ RunTime:0.027565s ]
INFO: [ view_filter ] --START--
INFO: Run Behavior\WriteHtmlCacheBehavior [ RunTime:0.000524s ]
INFO: [ view_filter ] --END-- [ RunTime:0.000579s ]
INFO: [ app_end ] --START--
INFO: Run Behavior\ShowPageTraceBehavior [ RunTime:0.000792s ]
INFO: [ app_end ] --END-- [ RunTime:0.000853s ]

[ 2018-06-13T11:43:10+08:00 ] 127.0.0.1 /index.php/Website/Car/edit/id/1
INFO: [ app_init ] --START--
INFO: Run Behavior\BuildLiteBehavior [ RunTime:0.000021s ]
INFO: [ app_init ] --END-- [ RunTime:0.000791s ]
INFO: [ app_begin ] --START--
INFO: Run Behavior\ReadHtmlCacheBehavior [ RunTime:0.001309s ]
INFO: [ app_begin ] --END-- [ RunTime:0.001406s ]
NOTIC: [8192] mysql_connect(): The mysql extension is deprecated and will be removed in the future: use mysqli or PDO instead D:\WWW\anji\Core\Library\Think\Session\Driver\Db.class.php ç¬¬ 95 è¡Œ.
SQL: SHOW COLUMNS FROM `lj_class` [ RunTime:0.0051s ]
SQL: SELECT * FROM `lj_class` WHERE ( id=1 ) LIMIT 1   [ RunTime:0.0005s ]
NOTIC: [8] Use of undefined constant addtype - assumed 'addtype' D:\WWW\anji\WEB\Website\Controller\CarController.class.php ç¬¬ 144 è¡Œ.
INFO: [ view_parse ] --START--
INFO: [ template_filter ] --START--
INFO: Run Behavior\ContentReplaceBehavior [ RunTime:0.000106s ]
INFO: [ template_filter ] --END-- [ RunTime:0.000181s ]
INFO: Run Behavior\ParseTemplateBehavior [ RunTime:0.039378s ]
INFO: [ view_parse ] --END-- [ RunTime:0.039466s ]
INFO: [ view_filter ] --START--
INFO: Run Behavior\WriteHtmlCacheBehavior [ RunTime:0.000720s ]
INFO: [ view_filter ] --END-- [ RunTime:0.001991s ]
INFO: [ app_end ] --START--
INFO: Run Behavior\ShowPageTraceBehavior [ RunTime:0.001073s ]
INFO: [ app_end ] --END-- [ RunTime:0.001151s ]

[ 2018-06-13T11:48:45+08:00 ] 127.0.0.1 /index.php/Website/Car/classtype
INFO: [ app_init ] --START--
INFO: Run Behavior\BuildLiteBehavior [ RunTime:0.000019s ]
INFO: [ app_init ] --END-- [ RunTime:0.000676s ]
INFO: [ app_begin ] --START--
INFO: Run Behavior\ReadHtmlCacheBehavior [ RunTime:0.000918s ]
INFO: [ app_begin ] --END-- [ RunTime:0.001003s ]
NOTIC: [8192] mysql_connect(): The mysql extension is deprecated and will be removed in the future: use mysqli or PDO instead D:\WWW\anji\Core\Library\Think\Session\Driver\Db.class.php ç¬¬ 95 è¡Œ.
SQL: SHOW COLUMNS FROM `lj_class` [ RunTime:0.0045s ]
SQL: SELECT COUNT(*) AS tp_count FROM `lj_class` LIMIT 1   [ RunTime:0.0003s ]
SQL: SELECT `id`,`classname`,`pid`,`sort`,`title`,`pics`,`canshu` FROM `lj_class` ORDER BY sort asc,id asc LIMIT 0,10   [ RunTime:0.0005s ]
INFO: [ view_parse ] --START--
INFO: [ template_filter ] --START--
INFO: Run Behavior\ContentReplaceBehavior [ RunTime:0.000077s ]
INFO: [ template_filter ] --END-- [ RunTime:0.000147s ]
INFO: Run Behavior\ParseTemplateBehavior [ RunTime:0.016446s ]
INFO: [ view_parse ] --END-- [ RunTime:0.016518s ]
INFO: [ view_filter ] --START--
INFO: Run Behavior\WriteHtmlCacheBehavior [ RunTime:0.000600s ]
INFO: [ view_filter ] --END-- [ RunTime:0.000660s ]
INFO: [ app_end ] --START--
INFO: Run Behavior\ShowPageTraceBehavior [ RunTime:0.000860s ]
INFO: [ app_end ] --END-- [ RunTime:0.000919s ]

[ 2018-06-13T11:49:09+08:00 ] 127.0.0.1 /index.php/Website/Car/edit/id/1
INFO: [ app_init ] --START--
INFO: Run Behavior\BuildLiteBehavior [ RunTime:0.000023s ]
INFO: [ app_init ] --END-- [ RunTime:0.001084s ]
INFO: [ app_begin ] --START--
INFO: Run Behavior\ReadHtmlCacheBehavior [ RunTime:0.001052s ]
INFO: [ app_begin ] --END-- [ RunTime:0.001184s ]
NOTIC: [8192] mysql_connect(): The mysql extension is deprecated and will be removed in the future: use mysqli or PDO instead D:\WWW\anji\Core\Library\Think\Session\Driver\Db.class.php ç¬¬ 95 è¡Œ.
SQL: SHOW COLUMNS FROM `lj_class` [ RunTime:0.0056s ]
SQL: SELECT * FROM `lj_class` WHERE ( id=1 ) LIMIT 1   [ RunTime:0.0005s ]
NOTIC: [8] Use of undefined constant addtype - assumed 'addtype' D:\WWW\anji\WEB\Website\Controller\CarController.class.php ç¬¬ 144 è¡Œ.
INFO: [ view_parse ] --START--
INFO: [ template_filter ] --START--
INFO: Run Behavior\ContentReplaceBehavior [ RunTime:0.000129s ]
INFO: [ template_filter ] --END-- [ RunTime:0.000218s ]
INFO: Run Behavior\ParseTemplateBehavior [ RunTime:0.044829s ]
INFO: [ view_parse ] --END-- [ RunTime:0.044914s ]
INFO: [ view_filter ] --START--
INFO: Run Behavior\WriteHtmlCacheBehavior [ RunTime:0.000954s ]
INFO: [ view_filter ] --END-- [ RunTime:0.001025s ]
INFO: [ app_end ] --START--
INFO: Run Behavior\ShowPageTraceBehavior [ RunTime:0.000994s ]
INFO: [ app_end ] --END-- [ RunTime:0.001065s ]

[ 2018-06-13T12:08:37+08:00 ] 127.0.0.1 /index.php/website/index
INFO: [ app_init ] --START--
INFO: Run Behavior\BuildLiteBehavior [ RunTime:0.000018s ]
INFO: [ app_init ] --END-- [ RunTime:0.000724s ]
INFO: [ app_begin ] --START--
INFO: Run Behavior\ReadHtmlCacheBehavior [ RunTime:0.000857s ]
INFO: [ app_begin ] --END-- [ RunTime:0.000944s ]
NOTIC: [8192] mysql_connect(): The mysql extension is deprecated and will be removed in the future: use mysqli or PDO instead D:\WWW\anji\Core\Library\Think\Session\Driver\Db.class.php ç¬¬ 95 è¡Œ.
INFO: [ view_parse ] --START--
INFO: [ template_filter ] --START--
INFO: Run Behavior\ContentReplaceBehavior [ RunTime:0.000307s ]
INFO: [ template_filter ] --END-- [ RunTime:0.000407s ]
INFO: Run Behavior\ParseTemplateBehavior [ RunTime:0.053204s ]
INFO: [ view_parse ] --END-- [ RunTime:0.053295s ]
INFO: [ view_filter ] --START--
INFO: Run Behavior\WriteHtmlCacheBehavior [ RunTime:0.000823s ]
INFO: [ view_filter ] --END-- [ RunTime:0.000894s ]
INFO: [ app_end ] --START--
INFO: Run Behavior\ShowPageTraceBehavior [ RunTime:0.003091s ]
INFO: [ app_end ] --END-- [ RunTime:0.003205s ]

[ 2018-06-13T12:08:39+08:00 ] 127.0.0.1 /index.php/Website/Index/welcom
INFO: [ app_init ] --START--
INFO: Run Behavior\BuildLiteBehavior [ RunTime:0.000019s ]
INFO: [ app_init ] --END-- [ RunTime:0.000609s ]
INFO: [ app_begin ] --START--
INFO: Run Behavior\ReadHtmlCacheBehavior [ RunTime:0.000801s ]
INFO: [ app_begin ] --END-- [ RunTime:0.000882s ]
NOTIC: [8192] mysql_connect(): The mysql extension is deprecated and will be removed in the future: use mysqli or PDO instead D:\WWW\anji\Core\Library\Think\Session\Driver\Db.class.php ç¬¬ 95 è¡Œ.
INFO: [ view_parse ] --START--
INFO: [ template_filter ] --START--
INFO: Run Behavior\ContentReplaceBehavior [ RunTime:0.000078s ]
INFO: [ template_filter ] --END-- [ RunTime:0.000153s ]
INFO: Run Behavior\ParseTemplateBehavior [ RunTime:0.014675s ]
INFO: [ view_parse ] --END-- [ RunTime:0.014758s ]
INFO: [ view_filter ] --START--
INFO: Run Behavior\WriteHtmlCacheBehavior [ RunTime:0.000514s ]
INFO: [ view_filter ] --END-- [ RunTime:0.000571s ]
INFO: [ app_end ] --START--
INFO: Run Behavior\ShowPageTraceBehavior [ RunTime:0.000792s ]
INFO: [ app_end ] --END-- [ RunTime:0.000851s ]

[ 2018-06-13T12:08:43+08:00 ] 127.0.0.1 /index.php/Website/Car/index
INFO: [ app_init ] --START--
INFO: Run Behavior\BuildLiteBehavior [ RunTime:0.000120s ]
INFO: [ app_init ] --END-- [ RunTime:0.001316s ]
INFO: [ app_begin ] --START--
INFO: Run Behavior\ReadHtmlCacheBehavior [ RunTime:0.000930s ]
INFO: [ app_begin ] --END-- [ RunTime:0.001021s ]
NOTIC: [8192] mysql_connect(): The mysql extension is deprecated and will be removed in the future: use mysqli or PDO instead D:\WWW\anji\Core\Library\Think\Session\Driver\Db.class.php ç¬¬ 95 è¡Œ.
INFO: [ view_parse ] --START--
INFO: [ template_filter ] --START--
INFO: Run Behavior\ContentReplaceBehavior [ RunTime:0.000089s ]
INFO: [ template_filter ] --END-- [ RunTime:0.000168s ]
INFO: Run Behavior\ParseTemplateBehavior [ RunTime:0.033780s ]
INFO: [ view_parse ] --END-- [ RunTime:0.034109s ]
INFO: [ view_filter ] --START--
INFO: Run Behavior\WriteHtmlCacheBehavior [ RunTime:0.000657s ]
INFO: [ view_filter ] --END-- [ RunTime:0.000734s ]
INFO: [ app_end ] --START--
INFO: Run Behavior\ShowPageTraceBehavior [ RunTime:0.001069s ]
INFO: [ app_end ] --END-- [ RunTime:0.001143s ]

[ 2018-06-13T12:08:45+08:00 ] 127.0.0.1 /index.php/Website/Car/fpage?sEcho=1&iColumns=6&sColumns=%2C%2C%2C%2C%2C&iDisplayStart=0&iDisplayLength=20&mDataProp_0=id&sSearch_0=&bRegex_0=false&bSearchable_0=true&bSortable_0=true&mDataProp_1=carnum&sSearch_1=&bRegex_1=false&bSearchable_1=true&bSortable_1=true&mDataProp_2=driver&sSearch_2=&bRegex_2=false&bSearchable_2=true&bSortable_2=false&mDataProp_3=tel&sSearch_3=&bRegex_3=false&bSearchable_3=true&bSortable_3=false&mDataProp_4=classname&sSearch_4=&bRegex_4=false&bSearchable_4=true&bSortable_4=true&mDataProp_5=id&sSearch_5=&bRegex_5=false&bSearchable_5=true&bSortable_5=false&iSortCol_0=0&sSortDir_0=desc&sSearch=&bRegex=false&iSortingCols=1&_=1528862923476
INFO: [ app_init ] --START--
INFO: Run Behavior\BuildLiteBehavior [ RunTime:0.000026s ]
INFO: [ app_init ] --END-- [ RunTime:0.000811s ]
INFO: [ app_begin ] --START--
INFO: Run Behavior\ReadHtmlCacheBehavior [ RunTime:0.001681s ]
INFO: [ app_begin ] --END-- [ RunTime:0.001772s ]
NOTIC: [8192] mysql_connect(): The mysql extension is deprecated and will be removed in the future: use mysqli or PDO instead D:\WWW\anji\Core\Library\Think\Session\Driver\Db.class.php ç¬¬ 95 è¡Œ.
SQL: SHOW COLUMNS FROM `lj_car` [ RunTime:0.0149s ]
SQL: SELECT lj_car.*,lj_class.classname as classname FROM `lj_car` LEFT JOIN lj_class ON lj_car.type = lj_class.id  WHERE lj_car.id > 0 ORDER BY id desc LIMIT 0,20   [ RunTime:0.0013s ]
SQL: SELECT COUNT(*) AS tp_count FROM `lj_car` WHERE lj_car.id > 0 LIMIT 1   [ RunTime:0.0005s ]

[ 2018-06-13T12:08:48+08:00 ] 127.0.0.1 /index.php/Website/Car/classtype
INFO: [ app_init ] --START--
INFO: Run Behavior\BuildLiteBehavior [ RunTime:0.000022s ]
INFO: [ app_init ] --END-- [ RunTime:0.000856s ]
INFO: [ app_begin ] --START--
INFO: Run Behavior\ReadHtmlCacheBehavior [ RunTime:0.001200s ]
INFO: [ app_begin ] --END-- [ RunTime:0.001355s ]
NOTIC: [8192] mysql_connect(): The mysql extension is deprecated and will be removed in the future: use mysqli or PDO instead D:\WWW\anji\Core\Library\Think\Session\Driver\Db.class.php ç¬¬ 95 è¡Œ.
SQL: SHOW COLUMNS FROM `lj_class` [ RunTime:0.0050s ]
SQL: SELECT COUNT(*) AS tp_count FROM `lj_class` LIMIT 1   [ RunTime:0.0003s ]
SQL: SELECT `id`,`classname`,`pid`,`sort`,`title`,`pics`,`canshu` FROM `lj_class` ORDER BY sort asc,id asc LIMIT 0,10   [ RunTime:0.0011s ]
INFO: [ view_parse ] --START--
INFO: [ template_filter ] --START--
INFO: Run Behavior\ContentReplaceBehavior [ RunTime:0.000087s ]
INFO: [ template_filter ] --END-- [ RunTime:0.000167s ]
INFO: Run Behavior\ParseTemplateBehavior [ RunTime:0.017009s ]
INFO: [ view_parse ] --END-- [ RunTime:0.017096s ]
INFO: [ view_filter ] --START--
INFO: Run Behavior\WriteHtmlCacheBehavior [ RunTime:0.000611s ]
INFO: [ view_filter ] --END-- [ RunTime:0.000674s ]
INFO: [ app_end ] --START--
INFO: Run Behavior\ShowPageTraceBehavior [ RunTime:0.000899s ]
INFO: [ app_end ] --END-- [ RunTime:0.000966s ]

[ 2018-06-13T12:08:52+08:00 ] 127.0.0.1 /index.php/Website/Car/edit/id/1
INFO: [ app_init ] --START--
INFO: Run Behavior\BuildLiteBehavior [ RunTime:0.000018s ]
INFO: [ app_init ] --END-- [ RunTime:0.000565s ]
INFO: [ app_begin ] --START--
INFO: Run Behavior\ReadHtmlCacheBehavior [ RunTime:0.000738s ]
INFO: [ app_begin ] --END-- [ RunTime:0.000810s ]
NOTIC: [8192] mysql_connect(): The mysql extension is deprecated and will be removed in the future: use mysqli or PDO instead D:\WWW\anji\Core\Library\Think\Session\Driver\Db.class.php ç¬¬ 95 è¡Œ.
SQL: SHOW COLUMNS FROM `lj_class` [ RunTime:0.0051s ]
SQL: SELECT * FROM `lj_class` WHERE ( id=1 ) LIMIT 1   [ RunTime:0.0005s ]
NOTIC: [8] Use of undefined constant addtype - assumed 'addtype' D:\WWW\anji\WEB\Website\Controller\CarController.class.php ç¬¬ 144 è¡Œ.
INFO: [ view_parse ] --START--
INFO: [ template_filter ] --START--
INFO: Run Behavior\ContentReplaceBehavior [ RunTime:0.000135s ]
INFO: [ template_filter ] --END-- [ RunTime:0.000212s ]
NOTIC: [8] Undefined index: oilj D:\WWW\anji\WEB\Runtime\Cache\Website\b3a336b70561c65d041856f8a34f3248.php ç¬¬ 57 è¡Œ.
NOTIC: [8] Undefined index: oilh D:\WWW\anji\WEB\Runtime\Cache\Website\b3a336b70561c65d041856f8a34f3248.php ç¬¬ 64 è¡Œ.
NOTIC: [8] Undefined index: glf D:\WWW\anji\WEB\Runtime\Cache\Website\b3a336b70561c65d041856f8a34f3248.php ç¬¬ 71 è¡Œ.
NOTIC: [8] Undefined index: lr D:\WWW\anji\WEB\Runtime\Cache\Website\b3a336b70561c65d041856f8a34f3248.php ç¬¬ 78 è¡Œ.
INFO: Run Behavior\ParseTemplateBehavior [ RunTime:0.018839s ]
INFO: [ view_parse ] --END-- [ RunTime:0.018917s ]
INFO: [ view_filter ] --START--
INFO: Run Behavior\WriteHtmlCacheBehavior [ RunTime:0.000779s ]
INFO: [ view_filter ] --END-- [ RunTime:0.000850s ]
INFO: [ app_end ] --START--
INFO: Run Behavior\ShowPageTraceBehavior [ RunTime:0.001126s ]
INFO: [ app_end ] --END-- [ RunTime:0.001202s ]

[ 2018-06-13T12:10:03+08:00 ] 127.0.0.1 /index.php/Website/Car/classtype
INFO: [ app_init ] --START--
INFO: Run Behavior\BuildLiteBehavior [ RunTime:0.000021s ]
INFO: [ app_init ] --END-- [ RunTime:0.000774s ]
INFO: [ app_begin ] --START--
INFO: Run Behavior\ReadHtmlCacheBehavior [ RunTime:0.001422s ]
INFO: [ app_begin ] --END-- [ RunTime:0.001526s ]
NOTIC: [8192] mysql_connect(): The mysql extension is deprecated and will be removed in the future: use mysqli or PDO instead D:\WWW\anji\Core\Library\Think\Session\Driver\Db.class.php ç¬¬ 95 è¡Œ.
SQL: SHOW COLUMNS FROM `lj_class` [ RunTime:0.0057s ]
SQL: SELECT COUNT(*) AS tp_count FROM `lj_class` LIMIT 1   [ RunTime:0.0003s ]
SQL: SELECT `id`,`classname`,`pid`,`sort`,`title`,`pics`,`canshu` FROM `lj_class` ORDER BY sort asc,id asc LIMIT 0,10   [ RunTime:0.0005s ]
INFO: [ view_parse ] --START--
INFO: [ template_filter ] --START--
INFO: Run Behavior\ContentReplaceBehavior [ RunTime:0.000088s ]
INFO: [ template_filter ] --END-- [ RunTime:0.000172s ]
INFO: Run Behavior\ParseTemplateBehavior [ RunTime:0.018953s ]
INFO: [ view_parse ] --END-- [ RunTime:0.019042s ]
INFO: [ view_filter ] --START--
INFO: Run Behavior\WriteHtmlCacheBehavior [ RunTime:0.001407s ]
INFO: [ view_filter ] --END-- [ RunTime:0.001481s ]
INFO: [ app_end ] --START--
INFO: Run Behavior\ShowPageTraceBehavior [ RunTime:0.000997s ]
INFO: [ app_end ] --END-- [ RunTime:0.001065s ]

[ 2018-06-13T12:10:06+08:00 ] 127.0.0.1 /index.php/Website/Car/edit/id/1
INFO: [ app_init ] --START--
INFO: Run Behavior\BuildLiteBehavior [ RunTime:0.000022s ]
INFO: [ app_init ] --END-- [ RunTime:0.002524s ]
INFO: [ app_begin ] --START--
INFO: Run Behavior\ReadHtmlCacheBehavior [ RunTime:0.000756s ]
INFO: [ app_begin ] --END-- [ RunTime:0.000841s ]
NOTIC: [8192] mysql_connect(): The mysql extension is deprecated and will be removed in the future: use mysqli or PDO instead D:\WWW\anji\Core\Library\Think\Session\Driver\Db.class.php ç¬¬ 95 è¡Œ.
SQL: SHOW COLUMNS FROM `lj_class` [ RunTime:0.0052s ]
SQL: SELECT * FROM `lj_class` WHERE ( id=1 ) LIMIT 1   [ RunTime:0.0008s ]
NOTIC: [8] Use of undefined constant addtype - assumed 'addtype' D:\WWW\anji\WEB\Website\Controller\CarController.class.php ç¬¬ 144 è¡Œ.
INFO: [ view_parse ] --START--
INFO: [ template_filter ] --START--
INFO: Run Behavior\ContentReplaceBehavior [ RunTime:0.000162s ]
INFO: [ template_filter ] --END-- [ RunTime:0.000241s ]
NOTIC: [8] Undefined index: oilj D:\WWW\anji\WEB\Runtime\Cache\Website\b3a336b70561c65d041856f8a34f3248.php ç¬¬ 57 è¡Œ.
NOTIC: [8] Undefined index: oilh D:\WWW\anji\WEB\Runtime\Cache\Website\b3a336b70561c65d041856f8a34f3248.php ç¬¬ 64 è¡Œ.
NOTIC: [8] Undefined index: glf D:\WWW\anji\WEB\Runtime\Cache\Website\b3a336b70561c65d041856f8a34f3248.php ç¬¬ 71 è¡Œ.
NOTIC: [8] Undefined index: lr D:\WWW\anji\WEB\Runtime\Cache\Website\b3a336b70561c65d041856f8a34f3248.php ç¬¬ 78 è¡Œ.
INFO: Run Behavior\ParseTemplateBehavior [ RunTime:0.017997s ]
INFO: [ view_parse ] --END-- [ RunTime:0.018070s ]
INFO: [ view_filter ] --START--
INFO: Run Behavior\WriteHtmlCacheBehavior [ RunTime:0.000692s ]
INFO: [ view_filter ] --END-- [ RunTime:0.000761s ]
INFO: [ app_end ] --START--
INFO: Run Behavior\ShowPageTraceBehavior [ RunTime:0.001163s ]
INFO: [ app_end ] --END-- [ RunTime:0.001240s ]

[ 2018-06-13T12:10:25+08:00 ] 127.0.0.1 /index.php/Website/Car/classtype
INFO: [ app_init ] --START--
INFO: Run Behavior\BuildLiteBehavior [ RunTime:0.000066s ]
INFO: [ app_init ] --END-- [ RunTime:0.000937s ]
INFO: [ app_begin ] --START--
INFO: Run Behavior\ReadHtmlCacheBehavior [ RunTime:0.000978s ]
INFO: [ app_begin ] --END-- [ RunTime:0.001068s ]
NOTIC: [8192] mysql_connect(): The mysql extension is deprecated and will be removed in the future: use mysqli or PDO instead D:\WWW\anji\Core\Library\Think\Session\Driver\Db.class.php ç¬¬ 95 è¡Œ.
SQL: SHOW COLUMNS FROM `lj_class` [ RunTime:0.0051s ]
SQL: SELECT COUNT(*) AS tp_count FROM `lj_class` LIMIT 1   [ RunTime:0.0003s ]
SQL: SELECT `id`,`classname`,`pid`,`sort`,`title`,`pics`,`canshu` FROM `lj_class` ORDER BY sort asc,id asc LIMIT 0,10   [ RunTime:0.0005s ]
INFO: [ view_parse ] --START--
INFO: [ template_filter ] --START--
INFO: Run Behavior\ContentReplaceBehavior [ RunTime:0.000085s ]
INFO: [ template_filter ] --END-- [ RunTime:0.000165s ]
INFO: Run Behavior\ParseTemplateBehavior [ RunTime:0.016245s ]
INFO: [ view_parse ] --END-- [ RunTime:0.016342s ]
INFO: [ view_filter ] --START--
INFO: Run Behavior\WriteHtmlCacheBehavior [ RunTime:0.000673s ]
INFO: [ view_filter ] --END-- [ RunTime:0.000741s ]
INFO: [ app_end ] --START--
INFO: Run Behavior\ShowPageTraceBehavior [ RunTime:0.000924s ]
INFO: [ app_end ] --END-- [ RunTime:0.000989s ]

[ 2018-06-13T12:10:30+08:00 ] 127.0.0.1 /index.php/Website/Car/edit/id/1
INFO: [ app_init ] --START--
INFO: Run Behavior\BuildLiteBehavior [ RunTime:0.000022s ]
INFO: [ app_init ] --END-- [ RunTime:0.000765s ]
INFO: [ app_begin ] --START--
INFO: Run Behavior\ReadHtmlCacheBehavior [ RunTime:0.000891s ]
INFO: [ app_begin ] --END-- [ RunTime:0.000972s ]
NOTIC: [8192] mysql_connect(): The mysql extension is deprecated and will be removed in the future: use mysqli or PDO instead D:\WWW\anji\Core\Library\Think\Session\Driver\Db.class.php ç¬¬ 95 è¡Œ.
SQL: SHOW COLUMNS FROM `lj_class` [ RunTime:0.0058s ]
SQL: SELECT * FROM `lj_class` WHERE ( id=1 ) LIMIT 1   [ RunTime:0.0005s ]
NOTIC: [8] Use of undefined constant addtype - assumed 'addtype' D:\WWW\anji\WEB\Website\Controller\CarController.class.php ç¬¬ 144 è¡Œ.
INFO: [ view_parse ] --START--
INFO: [ template_filter ] --START--
INFO: Run Behavior\ContentReplaceBehavior [ RunTime:0.000599s ]
INFO: [ template_filter ] --END-- [ RunTime:0.000786s ]
NOTIC: [8] Undefined index: oilj D:\WWW\anji\WEB\Runtime\Cache\Website\b3a336b70561c65d041856f8a34f3248.php ç¬¬ 57 è¡Œ.
NOTIC: [8] Undefined index: oilh D:\WWW\anji\WEB\Runtime\Cache\Website\b3a336b70561c65d041856f8a34f3248.php ç¬¬ 64 è¡Œ.
NOTIC: [8] Undefined index: glf D:\WWW\anji\WEB\Runtime\Cache\Website\b3a336b70561c65d041856f8a34f3248.php ç¬¬ 71 è¡Œ.
NOTIC: [8] Undefined index: lr D:\WWW\anji\WEB\Runtime\Cache\Website\b3a336b70561c65d041856f8a34f3248.php ç¬¬ 78 è¡Œ.
INFO: Run Behavior\ParseTemplateBehavior [ RunTime:0.018818s ]
INFO: [ view_parse ] --END-- [ RunTime:0.018893s ]
INFO: [ view_filter ] --START--
INFO: Run Behavior\WriteHtmlCacheBehavior [ RunTime:0.000698s ]
INFO: [ view_filter ] --END-- [ RunTime:0.000758s ]
INFO: [ app_end ] --START--
INFO: Run Behavior\ShowPageTraceBehavior [ RunTime:0.001099s ]
INFO: [ app_end ] --END-- [ RunTime:0.001177s ]

[ 2018-06-13T12:11:22+08:00 ] 127.0.0.1 /index.php/Website/Car/classtype
INFO: [ app_init ] --START--
INFO: Run Behavior\BuildLiteBehavior [ RunTime:0.000024s ]
INFO: [ app_init ] --END-- [ RunTime:0.000867s ]
INFO: [ app_begin ] --START--
INFO: Run Behavior\ReadHtmlCacheBehavior [ RunTime:0.001097s ]
INFO: [ app_begin ] --END-- [ RunTime:0.001190s ]
NOTIC: [8192] mysql_connect(): The mysql extension is deprecated and will be removed in the future: use mysqli or PDO instead D:\WWW\anji\Core\Library\Think\Session\Driver\Db.class.php ç¬¬ 95 è¡Œ.
SQL: SHOW COLUMNS FROM `lj_class` [ RunTime:0.0051s ]
SQL: SELECT COUNT(*) AS tp_count FROM `lj_class` LIMIT 1   [ RunTime:0.0004s ]
SQL: SELECT `id`,`classname`,`pid`,`sort`,`title`,`pics`,`canshu` FROM `lj_class` ORDER BY sort asc,id asc LIMIT 0,10   [ RunTime:0.0005s ]
INFO: [ view_parse ] --START--
INFO: [ template_filter ] --START--
INFO: Run Behavior\ContentReplaceBehavior [ RunTime:0.000084s ]
INFO: [ template_filter ] --END-- [ RunTime:0.000165s ]
INFO: Run Behavior\ParseTemplateBehavior [ RunTime:0.018670s ]
INFO: [ view_parse ] --END-- [ RunTime:0.018757s ]
INFO: [ view_filter ] --START--
INFO: Run Behavior\WriteHtmlCacheBehavior [ RunTime:0.000818s ]
INFO: [ view_filter ] --END-- [ RunTime:0.000907s ]
INFO: [ app_end ] --START--
INFO: Run Behavior\ShowPageTraceBehavior [ RunTime:0.001093s ]
INFO: [ app_end ] --END-- [ RunTime:0.001166s ]

[ 2018-06-13T12:11:26+08:00 ] 127.0.0.1 /index.php/Website/Car/edit/id/1
INFO: [ app_init ] --START--
INFO: Run Behavior\BuildLiteBehavior [ RunTime:0.000019s ]
INFO: [ app_init ] --END-- [ RunTime:0.000658s ]
INFO: [ app_begin ] --START--
INFO: Run Behavior\ReadHtmlCacheBehavior [ RunTime:0.000788s ]
INFO: [ app_begin ] --END-- [ RunTime:0.000869s ]
NOTIC: [8192] mysql_connect(): The mysql extension is deprecated and will be removed in the future: use mysqli or PDO instead D:\WWW\anji\Core\Library\Think\Session\Driver\Db.class.php ç¬¬ 95 è¡Œ.
SQL: SHOW COLUMNS FROM `lj_class` [ RunTime:0.0049s ]
SQL: SELECT * FROM `lj_class` WHERE ( id=1 ) LIMIT 1   [ RunTime:0.0005s ]
NOTIC: [8] Use of undefined constant addtype - assumed 'addtype' D:\WWW\anji\WEB\Website\Controller\CarController.class.php ç¬¬ 144 è¡Œ.
INFO: [ view_parse ] --START--
INFO: [ template_filter ] --START--
INFO: Run Behavior\ContentReplaceBehavior [ RunTime:0.000125s ]
INFO: [ template_filter ] --END-- [ RunTime:0.000199s ]
NOTIC: [8] Undefined index: oilj D:\WWW\anji\WEB\Runtime\Cache\Website\b3a336b70561c65d041856f8a34f3248.php ç¬¬ 57 è¡Œ.
NOTIC: [8] Undefined index: oilh D:\WWW\anji\WEB\Runtime\Cache\Website\b3a336b70561c65d041856f8a34f3248.php ç¬¬ 64 è¡Œ.
NOTIC: [8] Undefined index: glf D:\WWW\anji\WEB\Runtime\Cache\Website\b3a336b70561c65d041856f8a34f3248.php ç¬¬ 71 è¡Œ.
NOTIC: [8] Undefined index: lr D:\WWW\anji\WEB\Runtime\Cache\Website\b3a336b70561c65d041856f8a34f3248.php ç¬¬ 78 è¡Œ.
INFO: Run Behavior\ParseTemplateBehavior [ RunTime:0.017535s ]
INFO: [ view_parse ] --END-- [ RunTime:0.017608s ]
INFO: [ view_filter ] --START--
INFO: Run Behavior\WriteHtmlCacheBehavior [ RunTime:0.000571s ]
INFO: [ view_filter ] --END-- [ RunTime:0.000629s ]
INFO: [ app_end ] --START--
INFO: Run Behavior\ShowPageTraceBehavior [ RunTime:0.000957s ]
INFO: [ app_end ] --END-- [ RunTime:0.001030s ]

[ 2018-06-13T12:11:45+08:00 ] 127.0.0.1 /index.php/Website/Car/classtype
INFO: [ app_init ] --START--
INFO: Run Behavior\BuildLiteBehavior [ RunTime:0.000023s ]
INFO: [ app_init ] --END-- [ RunTime:0.000774s ]
INFO: [ app_begin ] --START--
INFO: Run Behavior\ReadHtmlCacheBehavior [ RunTime:0.001452s ]
INFO: [ app_begin ] --END-- [ RunTime:0.001558s ]
NOTIC: [8192] mysql_connect(): The mysql extension is deprecated and will be removed in the future: use mysqli or PDO instead D:\WWW\anji\Core\Library\Think\Session\Driver\Db.class.php ç¬¬ 95 è¡Œ.
SQL: SHOW COLUMNS FROM `lj_class` [ RunTime:0.0053s ]
SQL: SELECT COUNT(*) AS tp_count FROM `lj_class` LIMIT 1   [ RunTime:0.0005s ]
SQL: SELECT `id`,`classname`,`pid`,`sort`,`title`,`pics`,`canshu` FROM `lj_class` ORDER BY sort asc,id asc LIMIT 0,10   [ RunTime:0.0010s ]
INFO: [ view_parse ] --START--
INFO: [ template_filter ] --START--
INFO: Run Behavior\ContentReplaceBehavior [ RunTime:0.000084s ]
INFO: [ template_filter ] --END-- [ RunTime:0.000164s ]
INFO: Run Behavior\ParseTemplateBehavior [ RunTime:0.016868s ]
INFO: [ view_parse ] --END-- [ RunTime:0.016974s ]
INFO: [ view_filter ] --START--
INFO: Run Behavior\WriteHtmlCacheBehavior [ RunTime:0.000708s ]
INFO: [ view_filter ] --END-- [ RunTime:0.000779s ]
INFO: [ app_end ] --START--
INFO: Run Behavior\ShowPageTraceBehavior [ RunTime:0.001000s ]
INFO: [ app_end ] --END-- [ RunTime:0.001073s ]

[ 2018-06-13T12:12:05+08:00 ] 127.0.0.1 /index.php/Website/Car/edit/id/1
INFO: [ app_init ] --START--
INFO: Run Behavior\BuildLiteBehavior [ RunTime:0.000018s ]
INFO: [ app_init ] --END-- [ RunTime:0.000606s ]
INFO: [ app_begin ] --START--
INFO: Run Behavior\ReadHtmlCacheBehavior [ RunTime:0.000756s ]
INFO: [ app_begin ] --END-- [ RunTime:0.000841s ]
NOTIC: [8192] mysql_connect(): The mysql extension is deprecated and will be removed in the future: use mysqli or PDO instead D:\WWW\anji\Core\Library\Think\Session\Driver\Db.class.php ç¬¬ 95 è¡Œ.
SQL: SHOW COLUMNS FROM `lj_class` [ RunTime:0.0062s ]
SQL: SELECT * FROM `lj_class` WHERE ( id=1 ) LIMIT 1   [ RunTime:0.0006s ]
NOTIC: [8] Use of undefined constant addtype - assumed 'addtype' D:\WWW\anji\WEB\Website\Controller\CarController.class.php ç¬¬ 144 è¡Œ.
INFO: [ view_parse ] --START--
INFO: [ template_filter ] --START--
INFO: Run Behavior\ContentReplaceBehavior [ RunTime:0.000131s ]
INFO: [ template_filter ] --END-- [ RunTime:0.000210s ]
NOTIC: [8] Undefined index: oilj D:\WWW\anji\WEB\Runtime\Cache\Website\b3a336b70561c65d041856f8a34f3248.php ç¬¬ 57 è¡Œ.
NOTIC: [8] Undefined index: oilh D:\WWW\anji\WEB\Runtime\Cache\Website\b3a336b70561c65d041856f8a34f3248.php ç¬¬ 64 è¡Œ.
NOTIC: [8] Undefined index: glf D:\WWW\anji\WEB\Runtime\Cache\Website\b3a336b70561c65d041856f8a34f3248.php ç¬¬ 71 è¡Œ.
NOTIC: [8] Undefined index: lr D:\WWW\anji\WEB\Runtime\Cache\Website\b3a336b70561c65d041856f8a34f3248.php ç¬¬ 78 è¡Œ.
INFO: Run Behavior\ParseTemplateBehavior [ RunTime:0.017861s ]
INFO: [ view_parse ] --END-- [ RunTime:0.017938s ]
INFO: [ view_filter ] --START--
INFO: Run Behavior\WriteHtmlCacheBehavior [ RunTime:0.000556s ]
INFO: [ view_filter ] --END-- [ RunTime:0.000621s ]
INFO: [ app_end ] --START--
INFO: Run Behavior\ShowPageTraceBehavior [ RunTime:0.003427s ]
INFO: [ app_end ] --END-- [ RunTime:0.003510s ]

[ 2018-06-13T13:59:09+08:00 ] 127.0.0.1 /index.php/website/index
INFO: [ app_init ] --START--
INFO: Run Behavior\BuildLiteBehavior [ RunTime:0.000021s ]
INFO: [ app_init ] --END-- [ RunTime:0.000873s ]
INFO: [ app_begin ] --START--
INFO: Run Behavior\ReadHtmlCacheBehavior [ RunTime:0.000927s ]
INFO: [ app_begin ] --END-- [ RunTime:0.001014s ]
NOTIC: [8192] mysql_connect(): The mysql extension is deprecated and will be removed in the future: use mysqli or PDO instead D:\WWW\anji\Core\Library\Think\Session\Driver\Db.class.php ç¬¬ 95 è¡Œ.
INFO: [ view_parse ] --START--
INFO: [ template_filter ] --START--
INFO: Run Behavior\ContentReplaceBehavior [ RunTime:0.000232s ]
INFO: [ template_filter ] --END-- [ RunTime:0.000319s ]
INFO: Run Behavior\ParseTemplateBehavior [ RunTime:0.049029s ]
INFO: [ view_parse ] --END-- [ RunTime:0.049114s ]
INFO: [ view_filter ] --START--
INFO: Run Behavior\WriteHtmlCacheBehavior [ RunTime:0.000793s ]
INFO: [ view_filter ] --END-- [ RunTime:0.000862s ]
INFO: [ app_end ] --START--
INFO: Run Behavior\ShowPageTraceBehavior [ RunTime:0.001209s ]
INFO: [ app_end ] --END-- [ RunTime:0.001308s ]

[ 2018-06-13T13:59:11+08:00 ] 127.0.0.1 /index.php/Website/Index/welcom
INFO: [ app_init ] --START--
INFO: Run Behavior\BuildLiteBehavior [ RunTime:0.000019s ]
INFO: [ app_init ] --END-- [ RunTime:0.000608s ]
INFO: [ app_begin ] --START--
INFO: Run Behavior\ReadHtmlCacheBehavior [ RunTime:0.000896s ]
INFO: [ app_begin ] --END-- [ RunTime:0.000982s ]
NOTIC: [8192] mysql_connect(): The mysql extension is deprecated and will be removed in the future: use mysqli or PDO instead D:\WWW\anji\Core\Library\Think\Session\Driver\Db.class.php ç¬¬ 95 è¡Œ.
INFO: [ view_parse ] --START--
INFO: [ template_filter ] --START--
INFO: Run Behavior\ContentReplaceBehavior [ RunTime:0.000080s ]
INFO: [ template_filter ] --END-- [ RunTime:0.000154s ]
INFO: Run Behavior\ParseTemplateBehavior [ RunTime:0.013966s ]
INFO: [ view_parse ] --END-- [ RunTime:0.014055s ]
INFO: [ view_filter ] --START--
INFO: Run Behavior\WriteHtmlCacheBehavior [ RunTime:0.000538s ]
INFO: [ view_filter ] --END-- [ RunTime:0.000592s ]
INFO: [ app_end ] --START--
INFO: Run Behavior\ShowPageTraceBehavior [ RunTime:0.000773s ]
INFO: [ app_end ] --END-- [ RunTime:0.000831s ]

[ 2018-06-13T13:59:15+08:00 ] 127.0.0.1 /index.php/Website/Car/index
INFO: [ app_init ] --START--
INFO: Run Behavior\BuildLiteBehavior [ RunTime:0.000023s ]
INFO: [ app_init ] --END-- [ RunTime:0.000754s ]
INFO: [ app_begin ] --START--
INFO: Run Behavior\ReadHtmlCacheBehavior [ RunTime:0.001297s ]
INFO: [ app_begin ] --END-- [ RunTime:0.001386s ]
NOTIC: [8192] mysql_connect(): The mysql extension is deprecated and will be removed in the future: use mysqli or PDO instead D:\WWW\anji\Core\Library\Think\Session\Driver\Db.class.php ç¬¬ 95 è¡Œ.
INFO: [ view_parse ] --START--
INFO: [ template_filter ] --START--
INFO: Run Behavior\ContentReplaceBehavior [ RunTime:0.000094s ]
INFO: [ template_filter ] --END-- [ RunTime:0.000179s ]
INFO: Run Behavior\ParseTemplateBehavior [ RunTime:0.016896s ]
INFO: [ view_parse ] --END-- [ RunTime:0.016986s ]
INFO: [ view_filter ] --START--
INFO: Run Behavior\WriteHtmlCacheBehavior [ RunTime:0.000614s ]
INFO: [ view_filter ] --END-- [ RunTime:0.000680s ]
INFO: [ app_end ] --START--
INFO: Run Behavior\ShowPageTraceBehavior [ RunTime:0.001690s ]
INFO: [ app_end ] --END-- [ RunTime:0.001853s ]

[ 2018-06-13T13:59:17+08:00 ] 127.0.0.1 /index.php/Website/Car/classtype
INFO: [ app_init ] --START--
INFO: Run Behavior\BuildLiteBehavior [ RunTime:0.000016s ]
INFO: [ app_init ] --END-- [ RunTime:0.000551s ]
INFO: [ app_begin ] --START--
INFO: Run Behavior\ReadHtmlCacheBehavior [ RunTime:0.000721s ]
INFO: [ app_begin ] --END-- [ RunTime:0.000795s ]
NOTIC: [8192] mysql_connect(): The mysql extension is deprecated and will be removed in the future: use mysqli or PDO instead D:\WWW\anji\Core\Library\Think\Session\Driver\Db.class.php ç¬¬ 95 è¡Œ.
SQL: SHOW COLUMNS FROM `lj_class` [ RunTime:0.0069s ]
SQL: SELECT COUNT(*) AS tp_count FROM `lj_class` LIMIT 1   [ RunTime:0.0004s ]
SQL: SELECT `id`,`classname`,`pid`,`sort`,`title`,`pics`,`oilj`,`oilh`,`glf`,`lr` FROM `lj_class` ORDER BY sort asc,id asc LIMIT 0,10   [ RunTime:0.0006s ]
INFO: [ view_parse ] --START--
INFO: [ template_filter ] --START--
INFO: Run Behavior\ContentReplaceBehavior [ RunTime:0.000084s ]
INFO: [ template_filter ] --END-- [ RunTime:0.000162s ]
NOTIC: [8] Undefined index: canshu D:\WWW\anji\WEB\Runtime\Cache\Website\bb577fb94512747dbc266a8996e2e7b3.php ç¬¬ 45 è¡Œ.
INFO: Run Behavior\ParseTemplateBehavior [ RunTime:0.018253s ]
INFO: [ view_parse ] --END-- [ RunTime:0.018338s ]
INFO: [ view_filter ] --START--
INFO: Run Behavior\WriteHtmlCacheBehavior [ RunTime:0.000631s ]
INFO: [ view_filter ] --END-- [ RunTime:0.000696s ]
INFO: [ app_end ] --START--
INFO: Run Behavior\ShowPageTraceBehavior [ RunTime:0.001004s ]
INFO: [ app_end ] --END-- [ RunTime:0.001079s ]

[ 2018-06-13T13:59:18+08:00 ] 127.0.0.1 /index.php/Website/Car/fpage?sEcho=1&iColumns=6&sColumns=%2C%2C%2C%2C%2C&iDisplayStart=0&iDisplayLength=20&mDataProp_0=id&sSearch_0=&bRegex_0=false&bSearchable_0=true&bSortable_0=true&mDataProp_1=carnum&sSearch_1=&bRegex_1=false&bSearchable_1=true&bSortable_1=true&mDataProp_2=driver&sSearch_2=&bRegex_2=false&bSearchable_2=true&bSortable_2=false&mDataProp_3=tel&sSearch_3=&bRegex_3=false&bSearchable_3=true&bSortable_3=false&mDataProp_4=classname&sSearch_4=&bRegex_4=false&bSearchable_4=true&bSortable_4=true&mDataProp_5=id&sSearch_5=&bRegex_5=false&bSearchable_5=true&bSortable_5=false&iSortCol_0=0&sSortDir_0=desc&sSearch=&bRegex=false&iSortingCols=1&_=1528869555623
INFO: [ app_init ] --START--
INFO: Run Behavior\BuildLiteBehavior [ RunTime:0.000018s ]
INFO: [ app_init ] --END-- [ RunTime:0.000784s ]
INFO: [ app_begin ] --START--
INFO: Run Behavior\ReadHtmlCacheBehavior [ RunTime:0.000771s ]
INFO: [ app_begin ] --END-- [ RunTime:0.000872s ]
NOTIC: [8192] mysql_connect(): The mysql extension is deprecated and will be removed in the future: use mysqli or PDO instead D:\WWW\anji\Core\Library\Think\Session\Driver\Db.class.php ç¬¬ 95 è¡Œ.
SQL: SHOW COLUMNS FROM `lj_car` [ RunTime:0.0059s ]
SQL: SELECT lj_car.*,lj_class.classname as classname FROM `lj_car` LEFT JOIN lj_class ON lj_car.type = lj_class.id  WHERE lj_car.id > 0 ORDER BY id desc LIMIT 0,20   [ RunTime:0.0006s ]
SQL: SELECT COUNT(*) AS tp_count FROM `lj_car` WHERE lj_car.id > 0 LIMIT 1   [ RunTime:0.0004s ]

[ 2018-06-13T13:59:23+08:00 ] 127.0.0.1 /index.php/Website/Car/edit/id/1
INFO: [ app_init ] --START--
INFO: Run Behavior\BuildLiteBehavior [ RunTime:0.000016s ]
INFO: [ app_init ] --END-- [ RunTime:0.000528s ]
INFO: [ app_begin ] --START--
INFO: Run Behavior\ReadHtmlCacheBehavior [ RunTime:0.000649s ]
INFO: [ app_begin ] --END-- [ RunTime:0.000714s ]
NOTIC: [8192] mysql_connect(): The mysql extension is deprecated and will be removed in the future: use mysqli or PDO instead D:\WWW\anji\Core\Library\Think\Session\Driver\Db.class.php ç¬¬ 95 è¡Œ.
SQL: SHOW COLUMNS FROM `lj_class` [ RunTime:0.0052s ]
SQL: SELECT * FROM `lj_class` WHERE ( id=1 ) LIMIT 1   [ RunTime:0.0006s ]
NOTIC: [8] Use of undefined constant addtype - assumed 'addtype' D:\WWW\anji\WEB\Website\Controller\CarController.class.php ç¬¬ 150 è¡Œ.
INFO: [ view_parse ] --START--
INFO: [ template_filter ] --START--
INFO: Run Behavior\ContentReplaceBehavior [ RunTime:0.000123s ]
INFO: [ template_filter ] --END-- [ RunTime:0.000204s ]
INFO: Run Behavior\ParseTemplateBehavior [ RunTime:0.020465s ]
INFO: [ view_parse ] --END-- [ RunTime:0.020552s ]
INFO: [ view_filter ] --START--
INFO: Run Behavior\WriteHtmlCacheBehavior [ RunTime:0.000700s ]
INFO: [ view_filter ] --END-- [ RunTime:0.000771s ]
INFO: [ app_end ] --START--
INFO: Run Behavior\ShowPageTraceBehavior [ RunTime:0.001106s ]
INFO: [ app_end ] --END-- [ RunTime:0.001194s ]

[ 2018-06-13T14:00:51+08:00 ] 127.0.0.1 /index.php/Website/Car/runadd
INFO: [ app_init ] --START--
INFO: Run Behavior\BuildLiteBehavior [ RunTime:0.000017s ]
INFO: [ app_init ] --END-- [ RunTime:0.000592s ]
INFO: [ app_begin ] --START--
INFO: Run Behavior\ReadHtmlCacheBehavior [ RunTime:0.000794s ]
INFO: [ app_begin ] --END-- [ RunTime:0.000871s ]
NOTIC: [8192] mysql_connect(): The mysql extension is deprecated and will be removed in the future: use mysqli or PDO instead D:\WWW\anji\Core\Library\Think\Session\Driver\Db.class.php ç¬¬ 95 è¡Œ.
SQL: SHOW COLUMNS FROM `lj_class` [ RunTime:0.0052s ]
NOTIC: [8] Use of undefined constant intval - assumed 'intval' D:\WWW\anji\WEB\Website\Controller\CarController.class.php ç¬¬ 122 è¡Œ.
NOTIC: [8] Undefined index: auto D:\WWW\anji\Core\Library\Think\Model.class.php ç¬¬ 1128 è¡Œ.
SQL: UPDATE `lj_class` SET `title`='èˆ’é€‚è±ªåæ—…æ¸¸å¤§å·´',`classname`='å®‡é€š35åº§',`sort`='99',`oilj`='6.44',`oilh`='0.23',`glf`='1.2',`lr`='900',`pics`='/Upload/image/2018-06-02/5b125c5f48c2d.jpg',`content`='<span style=\"color:#444444;font-family:Tahoma, Helvetica, SimSun, sans-serif, Hei;font-size:14px;background-color:#FFFFFF;\"> æ¹–åŒ—çš„æ—…æ¸¸è½¦æœ‰ä¸€ä¸ªå…±åŒç‰¹æ€§ï¼Œé‚£å°±æ˜¯æ­£è§„æ—…æ¸¸è½¦éƒ½æ˜¯LYå’ŒLVå¼€å¤´çš„ï¼Œæ‰€ä»¥é€šè¿‡è½¦ç‰Œå¾ˆå®¹æ˜“è¯†åˆ«æ˜¯å¦ä¸ºæ—…æ¸¸è½¦ï¼Œå¦ä¸€èˆ¬æ—…æ¸¸è½¦è½¦èº«éƒ½æœ‰æ¹–åŒ—æ—…æ¸¸å®¢è¿å­—æ ·ï¼Œå¦‚å‡ºç§Ÿè½¦ä¸€æ ·ï¼Œå‡ºç§Ÿè½¦ä¹Ÿæ˜¯å±äºä¸åŒå…¬å¸ï¼Œæ­¦æ±‰æ—…æ¸¸è½¦ä¹Ÿæ˜¯ä¸€æ ·ï¼Œåˆ†å¸ƒäº26å®¶æ—…æ¸¸è½¦é˜Ÿï¼Œæ¯å®¶è½¦é˜Ÿéƒ½æœ‰ä¸åŒè½¦è¾†è½¦å‹ï¼Œä½†æ¯å®¶è½¦å‹å’Œä¸šåŠ¡é‡ä»¥åŠä¸šåŠ¡ç±»å‹éƒ½æœ‰å¾ˆå¤§å·®åˆ«ï¼Œè¿™æ ·åœ¨æ—…æ¸¸é«˜å³°æœŸå°±å¯¼è‡´å¾ˆå¤šäººç§Ÿè½¦éƒ½è¿›å…¥ä¸€ä¸ªè¯¯åŒºï¼Œæ„Ÿè§‰æ²¡æœ‰è½¦ï¼Œå…¶å®å¹¶ä¸ä¸€å®šæ˜¯é‚£æ ·ï¼Œè½¦é˜Ÿé‡Œé¢çš„è½¦å¾ˆå¤§ä¸€éƒ¨åˆ†éƒ½æ˜¯ç§äººæŒ‚é åœ¨è½¦é˜Ÿï¼ŒåŒä¸€ä¸ªè½¦é˜Ÿä¹Ÿæœ‰ä¸åŒä¸šåŠ¡ç³»ç»Ÿï¼Œæœ€ç»ˆå¯¼è‡´èµ„æºä¿¡æ¯ä¸å¯¹ç§°ï¼Œå°±ç»™å¤§å®¶é€ æˆä¸€ä¸ªå‡è±¡ï¼ŒåŒ…æ‹¬å¾ˆå¤šæ—…è¡Œç¤¾éƒ½è¿›å»è¿™ä¸ªè¯¯åŒºäº†ã€‚</span>' WHERE `id` = 1 [ RunTime:0.0006s ]
INFO: [ view_parse ] --START--
INFO: [ template_filter ] --START--
INFO: Run Behavior\ContentReplaceBehavior [ RunTime:0.000088s ]
INFO: [ template_filter ] --END-- [ RunTime:0.000164s ]
INFO: Run Behavior\ParseTemplateBehavior [ RunTime:0.031679s ]
INFO: [ view_parse ] --END-- [ RunTime:0.031775s ]
INFO: [ view_filter ] --START--
INFO: Run Behavior\WriteHtmlCacheBehavior [ RunTime:0.000685s ]
INFO: [ view_filter ] --END-- [ RunTime:0.000753s ]
INFO: [ app_end ] --START--
INFO: Run Behavior\ShowPageTraceBehavior [ RunTime:0.001070s ]
INFO: [ app_end ] --END-- [ RunTime:0.001143s ]

[ 2018-06-13T14:00:54+08:00 ] 127.0.0.1 /index.php/Website/Car/classtype
INFO: [ app_init ] --START--
INFO: Run Behavior\BuildLiteBehavior [ RunTime:0.000018s ]
INFO: [ app_init ] --END-- [ RunTime:0.000643s ]
INFO: [ app_begin ] --START--
INFO: Run Behavior\ReadHtmlCacheBehavior [ RunTime:0.001234s ]
INFO: [ app_begin ] --END-- [ RunTime:0.001330s ]
NOTIC: [8192] mysql_connect(): The mysql extension is deprecated and will be removed in the future: use mysqli or PDO instead D:\WWW\anji\Core\Library\Think\Session\Driver\Db.class.php ç¬¬ 95 è¡Œ.
SQL: SHOW COLUMNS FROM `lj_class` [ RunTime:0.0050s ]
SQL: SELECT COUNT(*) AS tp_count FROM `lj_class` LIMIT 1   [ RunTime:0.0004s ]
SQL: SELECT `id`,`classname`,`pid`,`sort`,`title`,`pics`,`oilj`,`oilh`,`glf`,`lr` FROM `lj_class` ORDER BY sort asc,id asc LIMIT 0,10   [ RunTime:0.0005s ]
INFO: [ view_parse ] --START--
INFO: [ template_filter ] --START--
INFO: Run Behavior\ContentReplaceBehavior [ RunTime:0.000112s ]
INFO: [ template_filter ] --END-- [ RunTime:0.000192s ]
NOTIC: [8] Undefined index: canshu D:\WWW\anji\WEB\Runtime\Cache\Website\bb577fb94512747dbc266a8996e2e7b3.php ç¬¬ 45 è¡Œ.
INFO: Run Behavior\ParseTemplateBehavior [ RunTime:0.017928s ]
INFO: [ view_parse ] --END-- [ RunTime:0.018086s ]
INFO: [ view_filter ] --START--
INFO: Run Behavior\WriteHtmlCacheBehavior [ RunTime:0.000791s ]
INFO: [ view_filter ] --END-- [ RunTime:0.000858s ]
INFO: [ app_end ] --START--
INFO: Run Behavior\ShowPageTraceBehavior [ RunTime:0.001072s ]
INFO: [ app_end ] --END-- [ RunTime:0.001153s ]

[ 2018-06-13T14:05:46+08:00 ] 127.0.0.1 /index.php/website/index
INFO: [ app_init ] --START--
INFO: Run Behavior\BuildLiteBehavior [ RunTime:0.000022s ]
INFO: [ app_init ] --END-- [ RunTime:0.001479s ]
INFO: [ app_begin ] --START--
INFO: Run Behavior\ReadHtmlCacheBehavior [ RunTime:0.001704s ]
INFO: [ app_begin ] --END-- [ RunTime:0.001860s ]
NOTIC: [8192] mysql_connect(): The mysql extension is deprecated and will be removed in the future: use mysqli or PDO instead D:\WWW\anji\Core\Library\Think\Session\Driver\Db.class.php ç¬¬ 95 è¡Œ.
INFO: [ view_parse ] --START--
INFO: [ template_filter ] --START--
INFO: Run Behavior\ContentReplaceBehavior [ RunTime:0.000204s ]
INFO: [ template_filter ] --END-- [ RunTime:0.000282s ]
INFO: Run Behavior\ParseTemplateBehavior [ RunTime:0.046391s ]
INFO: [ view_parse ] --END-- [ RunTime:0.046490s ]
INFO: [ view_filter ] --START--
INFO: Run Behavior\WriteHtmlCacheBehavior [ RunTime:0.000829s ]
INFO: [ view_filter ] --END-- [ RunTime:0.000896s ]
INFO: [ app_end ] --START--
INFO: Run Behavior\ShowPageTraceBehavior [ RunTime:0.001386s ]
INFO: [ app_end ] --END-- [ RunTime:0.001480s ]

[ 2018-06-13T14:05:47+08:00 ] 127.0.0.1 /index.php/Website/Index/welcom
INFO: [ app_init ] --START--
INFO: Run Behavior\BuildLiteBehavior [ RunTime:0.000020s ]
INFO: [ app_init ] --END-- [ RunTime:0.000664s ]
INFO: [ app_begin ] --START--
INFO: Run Behavior\ReadHtmlCacheBehavior [ RunTime:0.000826s ]
INFO: [ app_begin ] --END-- [ RunTime:0.000925s ]
NOTIC: [8192] mysql_connect(): The mysql extension is deprecated and will be removed in the future: use mysqli or PDO instead D:\WWW\anji\Core\Library\Think\Session\Driver\Db.class.php ç¬¬ 95 è¡Œ.
INFO: [ view_parse ] --START--
INFO: [ template_filter ] --START--
INFO: Run Behavior\ContentReplaceBehavior [ RunTime:0.000078s ]
INFO: [ template_filter ] --END-- [ RunTime:0.000153s ]
INFO: Run Behavior\ParseTemplateBehavior [ RunTime:0.014861s ]
INFO: [ view_parse ] --END-- [ RunTime:0.015145s ]
INFO: [ view_filter ] --START--
INFO: Run Behavior\WriteHtmlCacheBehavior [ RunTime:0.000650s ]
INFO: [ view_filter ] --END-- [ RunTime:0.000709s ]
INFO: [ app_end ] --START--
INFO: Run Behavior\ShowPageTraceBehavior [ RunTime:0.000800s ]
INFO: [ app_end ] --END-- [ RunTime:0.000860s ]

[ 2018-06-13T14:05:51+08:00 ] 127.0.0.1 /index.php/Website/Car/classtype
INFO: [ app_init ] --START--
INFO: Run Behavior\BuildLiteBehavior [ RunTime:0.000020s ]
INFO: [ app_init ] --END-- [ RunTime:0.000908s ]
INFO: [ app_begin ] --START--
INFO: Run Behavior\ReadHtmlCacheBehavior [ RunTime:0.001118s ]
INFO: [ app_begin ] --END-- [ RunTime:0.001262s ]
NOTIC: [8192] mysql_connect(): The mysql extension is deprecated and will be removed in the future: use mysqli or PDO instead D:\WWW\anji\Core\Library\Think\Session\Driver\Db.class.php ç¬¬ 95 è¡Œ.
SQL: SHOW COLUMNS FROM `lj_class` [ RunTime:0.0058s ]
SQL: SELECT COUNT(*) AS tp_count FROM `lj_class` LIMIT 1   [ RunTime:0.0005s ]
SQL: SELECT `id`,`classname`,`pid`,`sort`,`title`,`pics`,`oilj`,`oilh`,`glf`,`lr` FROM `lj_class` ORDER BY sort asc,id asc LIMIT 0,10   [ RunTime:0.0006s ]
INFO: [ view_parse ] --START--
INFO: [ template_filter ] --START--
INFO: Run Behavior\ContentReplaceBehavior [ RunTime:0.000088s ]
INFO: [ template_filter ] --END-- [ RunTime:0.000174s ]
INFO: Run Behavior\ParseTemplateBehavior [ RunTime:0.018343s ]
INFO: [ view_parse ] --END-- [ RunTime:0.018437s ]
INFO: [ view_filter ] --START--
INFO: Run Behavior\WriteHtmlCacheBehavior [ RunTime:0.000676s ]
INFO: [ view_filter ] --END-- [ RunTime:0.000750s ]
INFO: [ app_end ] --START--
INFO: Run Behavior\ShowPageTraceBehavior [ RunTime:0.000970s ]
INFO: [ app_end ] --END-- [ RunTime:0.001041s ]

[ 2018-06-13T14:06:15+08:00 ] 127.0.0.1 /index.php/website/index
INFO: [ app_init ] --START--
INFO: Run Behavior\BuildLiteBehavior [ RunTime:0.000020s ]
INFO: [ app_init ] --END-- [ RunTime:0.001384s ]
INFO: [ app_begin ] --START--
INFO: Run Behavior\ReadHtmlCacheBehavior [ RunTime:0.000757s ]
INFO: [ app_begin ] --END-- [ RunTime:0.000827s ]
NOTIC: [8192] mysql_connect(): The mysql extension is deprecated and will be removed in the future: use mysqli or PDO instead D:\WWW\anji\Core\Library\Think\Session\Driver\Db.class.php ç¬¬ 95 è¡Œ.
INFO: [ view_parse ] --START--
INFO: [ template_filter ] --START--
INFO: Run Behavior\ContentReplaceBehavior [ RunTime:0.000208s ]
INFO: [ template_filter ] --END-- [ RunTime:0.000285s ]
INFO: Run Behavior\ParseTemplateBehavior [ RunTime:0.044305s ]
INFO: [ view_parse ] --END-- [ RunTime:0.044393s ]
INFO: [ view_filter ] --START--
INFO: Run Behavior\WriteHtmlCacheBehavior [ RunTime:0.002430s ]
INFO: [ view_filter ] --END-- [ RunTime:0.002506s ]
INFO: [ app_end ] --START--
INFO: Run Behavior\ShowPageTraceBehavior [ RunTime:0.061954s ]
INFO: [ app_end ] --END-- [ RunTime:0.062070s ]

[ 2018-06-13T14:06:16+08:00 ] 127.0.0.1 /index.php/Website/Index/welcom
INFO: [ app_init ] --START--
INFO: Run Behavior\BuildLiteBehavior [ RunTime:0.000019s ]
INFO: [ app_init ] --END-- [ RunTime:0.000684s ]
INFO: [ app_begin ] --START--
INFO: Run Behavior\ReadHtmlCacheBehavior [ RunTime:0.000836s ]
INFO: [ app_begin ] --END-- [ RunTime:0.000917s ]
NOTIC: [8192] mysql_connect(): The mysql extension is deprecated and will be removed in the future: use mysqli or PDO instead D:\WWW\anji\Core\Library\Think\Session\Driver\Db.class.php ç¬¬ 95 è¡Œ.
INFO: [ view_parse ] --START--
INFO: [ template_filter ] --START--
INFO: Run Behavior\ContentReplaceBehavior [ RunTime:0.000080s ]
INFO: [ template_filter ] --END-- [ RunTime:0.000157s ]
INFO: Run Behavior\ParseTemplateBehavior [ RunTime:0.012285s ]
INFO: [ view_parse ] --END-- [ RunTime:0.014348s ]
INFO: [ view_filter ] --START--
INFO: Run Behavior\WriteHtmlCacheBehavior [ RunTime:0.000765s ]
INFO: [ view_filter ] --END-- [ RunTime:0.000834s ]
INFO: [ app_end ] --START--
INFO: Run Behavior\ShowPageTraceBehavior [ RunTime:0.001140s ]
INFO: [ app_end ] --END-- [ RunTime:0.001209s ]

