[ 2018-07-02T17:21:15+08:00 ] 127.0.0.1 /index.php/website/index
INFO: [ app_init ] --START--
INFO: Run Behavior\BuildLiteBehavior [ RunTime:0.000022s ]
INFO: [ app_init ] --END-- [ RunTime:0.001209s ]
SQL: SHOW COLUMNS FROM `lj_site` [ RunTime:0.0266s ]
SQL: SELECT `value` FROM `lj_site` WHERE `name` = 'extend' LIMIT 1   [ RunTime:0.0009s ]
INFO: [ app_begin ] --START--
INFO: Run Behavior\ReadHtmlCacheBehavior [ RunTime:0.001301s ]
INFO: [ app_begin ] --END-- [ RunTime:0.001397s ]
NOTIC: [8192] mysql_connect(): The mysql extension is deprecated and will be removed in the future: use mysqli or PDO instead D:\WWW\anji\Core\Library\Think\Session\Driver\Db.class.php 第 95 行.
INFO: [ view_parse ] --START--
INFO: [ template_filter ] --START--
INFO: Run Behavior\ContentReplaceBehavior [ RunTime:0.000101s ]
INFO: [ template_filter ] --END-- [ RunTime:0.000184s ]
INFO: Run Behavior\ParseTemplateBehavior [ RunTime:0.059784s ]
INFO: [ view_parse ] --END-- [ RunTime:0.059902s ]
INFO: [ view_filter ] --START--
INFO: Run Behavior\WriteHtmlCacheBehavior [ RunTime:0.001263s ]
INFO: [ view_filter ] --END-- [ RunTime:0.001333s ]

[ 2018-07-02T17:21:20+08:00 ] 127.0.0.1 /index.php/Website/Login/index
INFO: [ app_init ] --START--
INFO: Run Behavior\BuildLiteBehavior [ RunTime:0.000022s ]
INFO: [ app_init ] --END-- [ RunTime:0.000778s ]
SQL: SHOW COLUMNS FROM `lj_site` [ RunTime:0.0062s ]
SQL: SELECT `value` FROM `lj_site` WHERE `name` = 'extend' LIMIT 1   [ RunTime:0.0006s ]
INFO: [ app_begin ] --START--
INFO: Run Behavior\ReadHtmlCacheBehavior [ RunTime:0.001070s ]
INFO: [ app_begin ] --END-- [ RunTime:0.001166s ]
NOTIC: [8192] mysql_connect(): The mysql extension is deprecated and will be removed in the future: use mysqli or PDO instead D:\WWW\anji\Core\Library\Think\Session\Driver\Db.class.php 第 95 行.
INFO: [ view_parse ] --START--
INFO: [ template_filter ] --START--
INFO: Run Behavior\ContentReplaceBehavior [ RunTime:0.000088s ]
INFO: [ template_filter ] --END-- [ RunTime:0.000171s ]
INFO: Run Behavior\ParseTemplateBehavior [ RunTime:0.063114s ]
INFO: [ view_parse ] --END-- [ RunTime:0.063208s ]
INFO: [ view_filter ] --START--
INFO: Run Behavior\WriteHtmlCacheBehavior [ RunTime:0.000610s ]
INFO: [ view_filter ] --END-- [ RunTime:0.000679s ]
INFO: [ app_end ] --START--
INFO: Run Behavior\ShowPageTraceBehavior [ RunTime:0.001492s ]
INFO: [ app_end ] --END-- [ RunTime:0.001582s ]

[ 2018-07-02T17:21:22+08:00 ] 127.0.0.1 /index.php/Website/Login/verify
INFO: [ app_init ] --START--
INFO: Run Behavior\BuildLiteBehavior [ RunTime:0.000017s ]
INFO: [ app_init ] --END-- [ RunTime:0.000565s ]
SQL: SHOW COLUMNS FROM `lj_site` [ RunTime:0.0065s ]
SQL: SELECT `value` FROM `lj_site` WHERE `name` = 'extend' LIMIT 1   [ RunTime:0.0006s ]
INFO: [ app_begin ] --START--
INFO: Run Behavior\ReadHtmlCacheBehavior [ RunTime:0.000918s ]
INFO: [ app_begin ] --END-- [ RunTime:0.001005s ]
NOTIC: [8192] mysql_connect(): The mysql extension is deprecated and will be removed in the future: use mysqli or PDO instead D:\WWW\anji\Core\Library\Think\Session\Driver\Db.class.php 第 95 行.
INFO: [ app_end ] --START--
INFO: Run Behavior\ShowPageTraceBehavior [ RunTime:0.001074s ]
INFO: [ app_end ] --END-- [ RunTime:0.001164s ]

[ 2018-07-02T17:21:44+08:00 ] 127.0.0.1 /index.php/Website/Login/login
INFO: [ app_init ] --START--
INFO: Run Behavior\BuildLiteBehavior [ RunTime:0.000019s ]
INFO: [ app_init ] --END-- [ RunTime:0.000603s ]
SQL: SHOW COLUMNS FROM `lj_site` [ RunTime:0.0073s ]
SQL: SELECT `value` FROM `lj_site` WHERE `name` = 'extend' LIMIT 1   [ RunTime:0.0007s ]
INFO: [ app_begin ] --START--
INFO: Run Behavior\ReadHtmlCacheBehavior [ RunTime:0.000940s ]
INFO: [ app_begin ] --END-- [ RunTime:0.001022s ]
NOTIC: [8192] mysql_connect(): The mysql extension is deprecated and will be removed in the future: use mysqli or PDO instead D:\WWW\anji\Core\Library\Think\Session\Driver\Db.class.php 第 95 行.
NOTIC: [8] Use of undefined constant md5 - assumed 'md5' D:\WWW\anji\WEB\Website\Controller\LoginController.class.php 第 48 行.
SQL: SHOW COLUMNS FROM `lj_admin` [ RunTime:0.0144s ]
SQL: SELECT * FROM `lj_admin` WHERE `account` = 'dpwl_lj' LIMIT 1   [ RunTime:0.0006s ]
SQL: UPDATE `lj_admin` SET `logintime`='1530523304' WHERE `id` = 1 [ RunTime:0.0005s ]
SQL: SELECT c.title FROM lj_admin a LEFT JOIN lj_auth_group_access b ON a.id=b.uid LEFT JOIN lj_auth_group c ON b.group_id=c.id  LIMIT 1   [ RunTime:0.0578s ]
INFO: [ view_parse ] --START--
INFO: [ template_filter ] --START--
INFO: Run Behavior\ContentReplaceBehavior [ RunTime:0.000094s ]
INFO: [ template_filter ] --END-- [ RunTime:0.000176s ]
INFO: Run Behavior\ParseTemplateBehavior [ RunTime:0.017588s ]
INFO: [ view_parse ] --END-- [ RunTime:0.017691s ]
INFO: [ view_filter ] --START--
INFO: Run Behavior\WriteHtmlCacheBehavior [ RunTime:0.000700s ]
INFO: [ view_filter ] --END-- [ RunTime:0.000774s ]
INFO: [ app_end ] --START--
INFO: Run Behavior\ShowPageTraceBehavior [ RunTime:0.000904s ]
INFO: [ app_end ] --END-- [ RunTime:0.000969s ]

[ 2018-07-02T17:21:48+08:00 ] 127.0.0.1 /index.php/Website/Index/index
INFO: [ app_init ] --START--
INFO: Run Behavior\BuildLiteBehavior [ RunTime:0.000023s ]
INFO: [ app_init ] --END-- [ RunTime:0.000767s ]
SQL: SHOW COLUMNS FROM `lj_site` [ RunTime:0.0071s ]
SQL: SELECT `value` FROM `lj_site` WHERE `name` = 'extend' LIMIT 1   [ RunTime:0.0007s ]
INFO: [ app_begin ] --START--
INFO: Run Behavior\ReadHtmlCacheBehavior [ RunTime:0.000939s ]
INFO: [ app_begin ] --END-- [ RunTime:0.001034s ]
NOTIC: [8192] mysql_connect(): The mysql extension is deprecated and will be removed in the future: use mysqli or PDO instead D:\WWW\anji\Core\Library\Think\Session\Driver\Db.class.php 第 95 行.
SQL: SHOW COLUMNS FROM `lj_admin` [ RunTime:0.0070s ]
SQL: SELECT `csr` FROM `lj_admin` WHERE `id` = '1' LIMIT 1   [ RunTime:0.0005s ]
SQL: SHOW COLUMNS FROM `lj_orders` [ RunTime:0.0092s ]
SQL: SELECT `id`,`ordernum`,`ordtime` FROM `lj_orders` WHERE `type` = 1 AND `zt` IN ('-1','1') AND `ordtime` >= 1530460800  [ RunTime:0.0006s ]
SQL: SELECT COUNT(*) AS tp_count FROM `lj_orders` WHERE `type` = 1 AND `zt` IN ('-1','1') AND `ordtime` >= 1530460800 LIMIT 1   [ RunTime:0.0005s ]
SQL: SHOW COLUMNS FROM `lj_shen` [ RunTime:0.0277s ]
SQL: SELECT `carnum`,`type`,`dtime` FROM `lj_shen` WHERE `dtime` <= 1530523308  [ RunTime:0.0008s ]
SQL: SELECT COUNT(*) AS tp_count FROM `lj_shen` WHERE `dtime` <= 1530523308 LIMIT 1   [ RunTime:0.0005s ]
INFO: [ view_parse ] --START--
INFO: [ template_filter ] --START--
INFO: Run Behavior\ContentReplaceBehavior [ RunTime:0.000212s ]
INFO: [ template_filter ] --END-- [ RunTime:0.000295s ]
INFO: Run Behavior\ParseTemplateBehavior [ RunTime:0.038870s ]
INFO: [ view_parse ] --END-- [ RunTime:0.038953s ]
INFO: [ view_filter ] --START--
INFO: Run Behavior\WriteHtmlCacheBehavior [ RunTime:0.000771s ]
INFO: [ view_filter ] --END-- [ RunTime:0.000840s ]
INFO: [ app_end ] --START--
INFO: Run Behavior\ShowPageTraceBehavior [ RunTime:0.001124s ]
INFO: [ app_end ] --END-- [ RunTime:0.001201s ]

[ 2018-07-02T17:21:50+08:00 ] 127.0.0.1 /index.php/Website/Index/welcom
INFO: [ app_init ] --START--
INFO: Run Behavior\BuildLiteBehavior [ RunTime:0.000018s ]
INFO: [ app_init ] --END-- [ RunTime:0.001000s ]
SQL: SHOW COLUMNS FROM `lj_site` [ RunTime:0.0093s ]
SQL: SELECT `value` FROM `lj_site` WHERE `name` = 'extend' LIMIT 1   [ RunTime:0.0006s ]
INFO: [ app_begin ] --START--
INFO: Run Behavior\ReadHtmlCacheBehavior [ RunTime:0.002260s ]
INFO: [ app_begin ] --END-- [ RunTime:0.002469s ]
NOTIC: [8192] mysql_connect(): The mysql extension is deprecated and will be removed in the future: use mysqli or PDO instead D:\WWW\anji\Core\Library\Think\Session\Driver\Db.class.php 第 95 行.
SQL: SHOW COLUMNS FROM `lj_admin` [ RunTime:0.0080s ]
SQL: SELECT `csr` FROM `lj_admin` WHERE `id` = '1' LIMIT 1   [ RunTime:0.0006s ]
SQL: SHOW COLUMNS FROM `lj_orders` [ RunTime:0.0087s ]
SQL: SELECT count(id) as ds,Sum(money) as dq FROM `lj_orders` WHERE `zt` > 0 AND `ordtime` >= 1530460800  [ RunTime:0.0006s ]
SQL: SELECT count(id) as ms,Sum(money) as mq FROM `lj_orders` WHERE `zt` > 0 AND `ordtime` >= 1530374400  [ RunTime:0.0008s ]
SQL: SHOW COLUMNS FROM `lj_user` [ RunTime:0.0642s ]
SQL: SELECT COUNT(*) AS tp_count FROM `lj_user` WHERE `regtime` >= 1530460800 LIMIT 1   [ RunTime:0.0005s ]
SQL: SELECT COUNT(*) AS tp_count FROM `lj_user` WHERE `regtime` >= 1530374400 LIMIT 1   [ RunTime:0.0004s ]
SQL: SELECT COUNT(*) AS tp_count FROM `lj_user` WHERE `logintime` >= 1530460800 LIMIT 1   [ RunTime:0.0004s ]
SQL: SELECT COUNT(*) AS tp_count FROM `lj_user` WHERE `logintime` >= 1530374400 LIMIT 1   [ RunTime:0.0004s ]
SQL: SELECT COUNT(*) AS tp_count FROM `lj_user` LIMIT 1   [ RunTime:0.0003s ]
INFO: [ view_parse ] --START--
INFO: [ template_filter ] --START--
INFO: Run Behavior\ContentReplaceBehavior [ RunTime:0.000101s ]
INFO: [ template_filter ] --END-- [ RunTime:0.000178s ]
INFO: Run Behavior\ParseTemplateBehavior [ RunTime:0.017620s ]
INFO: [ view_parse ] --END-- [ RunTime:0.017711s ]
INFO: [ view_filter ] --START--
INFO: Run Behavior\WriteHtmlCacheBehavior [ RunTime:0.001047s ]
INFO: [ view_filter ] --END-- [ RunTime:0.001115s ]
INFO: [ app_end ] --START--
INFO: Run Behavior\ShowPageTraceBehavior [ RunTime:0.001049s ]
INFO: [ app_end ] --END-- [ RunTime:0.001130s ]

[ 2018-07-02T17:22:38+08:00 ] 127.0.0.1 /index.php/Website/Orders/tongji
INFO: [ app_init ] --START--
INFO: Run Behavior\BuildLiteBehavior [ RunTime:0.000021s ]
INFO: [ app_init ] --END-- [ RunTime:0.000728s ]
SQL: SHOW COLUMNS FROM `lj_site` [ RunTime:0.0068s ]
SQL: SELECT `value` FROM `lj_site` WHERE `name` = 'extend' LIMIT 1   [ RunTime:0.0005s ]
INFO: [ app_begin ] --START--
INFO: Run Behavior\ReadHtmlCacheBehavior [ RunTime:0.000908s ]
INFO: [ app_begin ] --END-- [ RunTime:0.000987s ]
NOTIC: [8192] mysql_connect(): The mysql extension is deprecated and will be removed in the future: use mysqli or PDO instead D:\WWW\anji\Core\Library\Think\Session\Driver\Db.class.php 第 95 行.
SQL: SHOW COLUMNS FROM `lj_admin` [ RunTime:0.0073s ]
SQL: SELECT `csr` FROM `lj_admin` WHERE `id` = '1' LIMIT 1   [ RunTime:0.0005s ]
INFO: [ view_parse ] --START--
INFO: [ template_filter ] --START--
INFO: Run Behavior\ContentReplaceBehavior [ RunTime:0.000100s ]
INFO: [ template_filter ] --END-- [ RunTime:0.000193s ]
INFO: Run Behavior\ParseTemplateBehavior [ RunTime:0.013300s ]
INFO: [ view_parse ] --END-- [ RunTime:0.013390s ]
INFO: [ view_filter ] --START--
INFO: Run Behavior\WriteHtmlCacheBehavior [ RunTime:0.000540s ]
INFO: [ view_filter ] --END-- [ RunTime:0.000600s ]
INFO: [ app_end ] --START--
INFO: Run Behavior\ShowPageTraceBehavior [ RunTime:0.000911s ]
INFO: [ app_end ] --END-- [ RunTime:0.000984s ]

[ 2018-07-02T17:22:58+08:00 ] 127.0.0.1 /index.php/Website/Orders/xianx
INFO: [ app_init ] --START--
INFO: Run Behavior\BuildLiteBehavior [ RunTime:0.000026s ]
INFO: [ app_init ] --END-- [ RunTime:0.000707s ]
SQL: SHOW COLUMNS FROM `lj_site` [ RunTime:0.0068s ]
SQL: SELECT `value` FROM `lj_site` WHERE `name` = 'extend' LIMIT 1   [ RunTime:0.0007s ]
INFO: [ app_begin ] --START--
INFO: Run Behavior\ReadHtmlCacheBehavior [ RunTime:0.000891s ]
INFO: [ app_begin ] --END-- [ RunTime:0.000972s ]
NOTIC: [8192] mysql_connect(): The mysql extension is deprecated and will be removed in the future: use mysqli or PDO instead D:\WWW\anji\Core\Library\Think\Session\Driver\Db.class.php 第 95 行.
SQL: SHOW COLUMNS FROM `lj_admin` [ RunTime:0.0074s ]
SQL: SELECT `csr` FROM `lj_admin` WHERE `id` = '1' LIMIT 1   [ RunTime:0.0004s ]
INFO: [ view_parse ] --START--
INFO: [ template_filter ] --START--
INFO: Run Behavior\ContentReplaceBehavior [ RunTime:0.000102s ]
INFO: [ template_filter ] --END-- [ RunTime:0.000184s ]
INFO: Run Behavior\ParseTemplateBehavior [ RunTime:0.033690s ]
INFO: [ view_parse ] --END-- [ RunTime:0.033780s ]
INFO: [ view_filter ] --START--
INFO: Run Behavior\WriteHtmlCacheBehavior [ RunTime:0.000700s ]
INFO: [ view_filter ] --END-- [ RunTime:0.000761s ]
INFO: [ app_end ] --START--
INFO: Run Behavior\ShowPageTraceBehavior [ RunTime:0.000903s ]
INFO: [ app_end ] --END-- [ RunTime:0.000964s ]

[ 2018-07-02T17:23:00+08:00 ] 127.0.0.1 /index.php/Website/Orders/fpage?sEcho=1&iColumns=8&sColumns=%2C%2C%2C%2C%2C%2C%2C&iDisplayStart=0&iDisplayLength=20&mDataProp_0=ordernum&sSearch_0=&bRegex_0=false&bSearchable_0=true&bSortable_0=true&mDataProp_1=title&sSearch_1=&bRegex_1=false&bSearchable_1=true&bSortable_1=false&mDataProp_2=num&sSearch_2=&bRegex_2=false&bSearchable_2=true&bSortable_2=false&mDataProp_3=money&sSearch_3=&bRegex_3=false&bSearchable_3=true&bSortable_3=true&mDataProp_4=times&sSearch_4=&bRegex_4=false&bSearchable_4=true&bSortable_4=true&mDataProp_5=timec&sSearch_5=&bRegex_5=false&bSearchable_5=true&bSortable_5=true&mDataProp_6=zt&sSearch_6=&bRegex_6=false&bSearchable_6=true&bSortable_6=false&mDataProp_7=id&sSearch_7=&bRegex_7=false&bSearchable_7=true&bSortable_7=false&iSortCol_0=0&sSortDir_0=desc&sSearch=&bRegex=false&iSortingCols=1&_=1530523378262
INFO: [ app_init ] --START--
INFO: Run Behavior\BuildLiteBehavior [ RunTime:0.000023s ]
INFO: [ app_init ] --END-- [ RunTime:0.000891s ]
SQL: SHOW COLUMNS FROM `lj_site` [ RunTime:0.0073s ]
SQL: SELECT `value` FROM `lj_site` WHERE `name` = 'extend' LIMIT 1   [ RunTime:0.0006s ]
INFO: [ app_begin ] --START--
INFO: Run Behavior\ReadHtmlCacheBehavior [ RunTime:0.001205s ]
INFO: [ app_begin ] --END-- [ RunTime:0.001283s ]
NOTIC: [8192] mysql_connect(): The mysql extension is deprecated and will be removed in the future: use mysqli or PDO instead D:\WWW\anji\Core\Library\Think\Session\Driver\Db.class.php 第 95 行.
SQL: SHOW COLUMNS FROM `lj_admin` [ RunTime:0.0066s ]
SQL: SELECT `csr` FROM `lj_admin` WHERE `id` = '1' LIMIT 1   [ RunTime:0.0005s ]
NOTIC: [8] Use of undefined constant intval - assumed 'intval' D:\WWW\anji\WEB\Website\Controller\OrdersController.class.php 第 12 行.
SQL: SHOW COLUMNS FROM `lj_orders` [ RunTime:0.0066s ]
SQL: SELECT `id`,`title`,`ordernum`,`num`,`money`,`zt`,FROM_UNIXTIME(ordtime,"%Y-%m-%d %H:%i") as times,FROM_UNIXTIME(stime,"%Y-%m-%d") as timec FROM `lj_orders` WHERE `uid` is null ORDER BY ordernum desc LIMIT 0,20   [ RunTime:0.0006s ]
SQL: SELECT COUNT(*) AS tp_count FROM `lj_orders` WHERE `uid` is null LIMIT 1   [ RunTime:0.0005s ]

[ 2018-07-02T17:33:19+08:00 ] 127.0.0.1 /index.php/Website/Index/index
INFO: [ app_init ] --START--
INFO: Run Behavior\BuildLiteBehavior [ RunTime:0.000022s ]
INFO: [ app_init ] --END-- [ RunTime:0.000732s ]
SQL: SHOW COLUMNS FROM `lj_site` [ RunTime:0.0068s ]
SQL: SELECT `value` FROM `lj_site` WHERE `name` = 'extend' LIMIT 1   [ RunTime:0.0006s ]
INFO: [ app_begin ] --START--
INFO: Run Behavior\ReadHtmlCacheBehavior [ RunTime:0.000988s ]
INFO: [ app_begin ] --END-- [ RunTime:0.001073s ]
NOTIC: [8192] mysql_connect(): The mysql extension is deprecated and will be removed in the future: use mysqli or PDO instead D:\WWW\anji\Core\Library\Think\Session\Driver\Db.class.php 第 95 行.
SQL: SHOW COLUMNS FROM `lj_admin` [ RunTime:0.0107s ]
SQL: SELECT `csr` FROM `lj_admin` WHERE `id` = '1' LIMIT 1   [ RunTime:0.0006s ]
SQL: SHOW COLUMNS FROM `lj_orders` [ RunTime:0.0077s ]
SQL: SELECT `id`,`ordernum`,`ordtime` FROM `lj_orders` WHERE `type` = 1 AND `zt` IN ('-1','1') AND `ordtime` >= 1530460800  [ RunTime:0.0015s ]
SQL: SELECT COUNT(*) AS tp_count FROM `lj_orders` WHERE `type` = 1 AND `zt` IN ('-1','1') AND `ordtime` >= 1530460800 LIMIT 1   [ RunTime:0.0007s ]
SQL: SHOW COLUMNS FROM `lj_shen` [ RunTime:0.0067s ]
SQL: SELECT `carnum`,`type`,`dtime` FROM `lj_shen` WHERE `dtime` <= 1530523999  [ RunTime:0.0005s ]
SQL: SELECT COUNT(*) AS tp_count FROM `lj_shen` WHERE `dtime` <= 1530523999 LIMIT 1   [ RunTime:0.0004s ]
INFO: [ view_parse ] --START--
INFO: [ template_filter ] --START--
INFO: Run Behavior\ContentReplaceBehavior [ RunTime:0.000332s ]
INFO: [ template_filter ] --END-- [ RunTime:0.000417s ]
INFO: Run Behavior\ParseTemplateBehavior [ RunTime:0.048962s ]
INFO: [ view_parse ] --END-- [ RunTime:0.049049s ]
INFO: [ view_filter ] --START--
INFO: Run Behavior\WriteHtmlCacheBehavior [ RunTime:0.001082s ]
INFO: [ view_filter ] --END-- [ RunTime:0.001210s ]
INFO: [ app_end ] --START--
INFO: Run Behavior\ShowPageTraceBehavior [ RunTime:0.001321s ]
INFO: [ app_end ] --END-- [ RunTime:0.001424s ]

[ 2018-07-02T17:33:22+08:00 ] 127.0.0.1 /index.php/Website/Index/welcom
INFO: [ app_init ] --START--
INFO: Run Behavior\BuildLiteBehavior [ RunTime:0.000018s ]
INFO: [ app_init ] --END-- [ RunTime:0.000545s ]
SQL: SHOW COLUMNS FROM `lj_site` [ RunTime:0.0065s ]
SQL: SELECT `value` FROM `lj_site` WHERE `name` = 'extend' LIMIT 1   [ RunTime:0.0006s ]
INFO: [ app_begin ] --START--
INFO: Run Behavior\ReadHtmlCacheBehavior [ RunTime:0.000920s ]
INFO: [ app_begin ] --END-- [ RunTime:0.001010s ]
NOTIC: [8192] mysql_connect(): The mysql extension is deprecated and will be removed in the future: use mysqli or PDO instead D:\WWW\anji\Core\Library\Think\Session\Driver\Db.class.php 第 95 行.
SQL: SHOW COLUMNS FROM `lj_admin` [ RunTime:0.0083s ]
SQL: SELECT `csr` FROM `lj_admin` WHERE `id` = '1' LIMIT 1   [ RunTime:0.0005s ]
SQL: SHOW COLUMNS FROM `lj_orders` [ RunTime:0.0071s ]
SQL: SELECT count(id) as ds,Sum(money) as dq FROM `lj_orders` WHERE `zt` > 0 AND `ordtime` >= 1530460800  [ RunTime:0.0005s ]
SQL: SELECT count(id) as ms,Sum(money) as mq FROM `lj_orders` WHERE `zt` > 0 AND `ordtime` >= 1530374400  [ RunTime:0.0005s ]
SQL: SHOW COLUMNS FROM `lj_user` [ RunTime:0.0089s ]
SQL: SELECT COUNT(*) AS tp_count FROM `lj_user` WHERE `regtime` >= 1530460800 LIMIT 1   [ RunTime:0.0006s ]
SQL: SELECT COUNT(*) AS tp_count FROM `lj_user` WHERE `regtime` >= 1530374400 LIMIT 1   [ RunTime:0.0005s ]
SQL: SELECT COUNT(*) AS tp_count FROM `lj_user` WHERE `logintime` >= 1530460800 LIMIT 1   [ RunTime:0.0005s ]
SQL: SELECT COUNT(*) AS tp_count FROM `lj_user` WHERE `logintime` >= 1530374400 LIMIT 1   [ RunTime:0.0006s ]
SQL: SELECT COUNT(*) AS tp_count FROM `lj_user` LIMIT 1   [ RunTime:0.0004s ]
INFO: [ view_parse ] --START--
INFO: [ template_filter ] --START--
INFO: Run Behavior\ContentReplaceBehavior [ RunTime:0.000106s ]
INFO: [ template_filter ] --END-- [ RunTime:0.000207s ]
INFO: Run Behavior\ParseTemplateBehavior [ RunTime:0.016076s ]
INFO: [ view_parse ] --END-- [ RunTime:0.016180s ]
INFO: [ view_filter ] --START--
INFO: Run Behavior\WriteHtmlCacheBehavior [ RunTime:0.000756s ]
INFO: [ view_filter ] --END-- [ RunTime:0.000894s ]
INFO: [ app_end ] --START--
INFO: Run Behavior\ShowPageTraceBehavior [ RunTime:0.000995s ]
INFO: [ app_end ] --END-- [ RunTime:0.001073s ]

[ 2018-07-02T17:33:25+08:00 ] 127.0.0.1 /index.php/Website/Orders/tongji
INFO: [ app_init ] --START--
INFO: Run Behavior\BuildLiteBehavior [ RunTime:0.000019s ]
INFO: [ app_init ] --END-- [ RunTime:0.000643s ]
SQL: SHOW COLUMNS FROM `lj_site` [ RunTime:0.0064s ]
SQL: SELECT `value` FROM `lj_site` WHERE `name` = 'extend' LIMIT 1   [ RunTime:0.0006s ]
INFO: [ app_begin ] --START--
INFO: Run Behavior\ReadHtmlCacheBehavior [ RunTime:0.000920s ]
INFO: [ app_begin ] --END-- [ RunTime:0.001018s ]
NOTIC: [8192] mysql_connect(): The mysql extension is deprecated and will be removed in the future: use mysqli or PDO instead D:\WWW\anji\Core\Library\Think\Session\Driver\Db.class.php 第 95 行.
SQL: SHOW COLUMNS FROM `lj_admin` [ RunTime:0.0057s ]
SQL: SELECT `csr` FROM `lj_admin` WHERE `id` = '1' LIMIT 1   [ RunTime:0.0015s ]
INFO: [ view_parse ] --START--
INFO: [ template_filter ] --START--
INFO: Run Behavior\ContentReplaceBehavior [ RunTime:0.000091s ]
INFO: [ template_filter ] --END-- [ RunTime:0.000164s ]
INFO: Run Behavior\ParseTemplateBehavior [ RunTime:0.013133s ]
INFO: [ view_parse ] --END-- [ RunTime:0.013222s ]
INFO: [ view_filter ] --START--
INFO: Run Behavior\WriteHtmlCacheBehavior [ RunTime:0.000589s ]
INFO: [ view_filter ] --END-- [ RunTime:0.000647s ]
INFO: [ app_end ] --START--
INFO: Run Behavior\ShowPageTraceBehavior [ RunTime:0.000831s ]
INFO: [ app_end ] --END-- [ RunTime:0.000888s ]

[ 2018-07-02T17:34:21+08:00 ] 127.0.0.1 /index.php/Website/Index/index
INFO: [ app_init ] --START--
INFO: Run Behavior\BuildLiteBehavior [ RunTime:0.000026s ]
INFO: [ app_init ] --END-- [ RunTime:0.000940s ]
SQL: SHOW COLUMNS FROM `lj_site` [ RunTime:0.0061s ]
SQL: SELECT `value` FROM `lj_site` WHERE `name` = 'extend' LIMIT 1   [ RunTime:0.0006s ]
INFO: [ app_begin ] --START--
INFO: Run Behavior\ReadHtmlCacheBehavior [ RunTime:0.001436s ]
INFO: [ app_begin ] --END-- [ RunTime:0.001530s ]
NOTIC: [8192] mysql_connect(): The mysql extension is deprecated and will be removed in the future: use mysqli or PDO instead D:\WWW\anji\Core\Library\Think\Session\Driver\Db.class.php 第 95 行.
SQL: SHOW COLUMNS FROM `lj_admin` [ RunTime:0.0065s ]
SQL: SELECT `csr` FROM `lj_admin` WHERE `id` = '1' LIMIT 1   [ RunTime:0.0005s ]
SQL: SHOW COLUMNS FROM `lj_orders` [ RunTime:0.0072s ]
SQL: SELECT `id`,`ordernum`,`ordtime` FROM `lj_orders` WHERE `type` = 1 AND `zt` IN ('-1','1') AND `ordtime` >= 1530460800  [ RunTime:0.0005s ]
SQL: SELECT COUNT(*) AS tp_count FROM `lj_orders` WHERE `type` = 1 AND `zt` IN ('-1','1') AND `ordtime` >= 1530460800 LIMIT 1   [ RunTime:0.0005s ]
SQL: SHOW COLUMNS FROM `lj_shen` [ RunTime:0.0073s ]
SQL: SELECT `carnum`,`type`,`dtime` FROM `lj_shen` WHERE `dtime` <= 1530524061  [ RunTime:0.0006s ]
SQL: SELECT COUNT(*) AS tp_count FROM `lj_shen` WHERE `dtime` <= 1530524061 LIMIT 1   [ RunTime:0.0005s ]
INFO: [ view_parse ] --START--
INFO: [ template_filter ] --START--
INFO: Run Behavior\ContentReplaceBehavior [ RunTime:0.000248s ]
INFO: [ template_filter ] --END-- [ RunTime:0.000333s ]
INFO: Run Behavior\ParseTemplateBehavior [ RunTime:0.031402s ]
INFO: [ view_parse ] --END-- [ RunTime:0.031485s ]
INFO: [ view_filter ] --START--
INFO: Run Behavior\WriteHtmlCacheBehavior [ RunTime:0.000725s ]
INFO: [ view_filter ] --END-- [ RunTime:0.000792s ]
INFO: [ app_end ] --START--
INFO: Run Behavior\ShowPageTraceBehavior [ RunTime:0.001679s ]
INFO: [ app_end ] --END-- [ RunTime:0.001776s ]

[ 2018-07-02T17:34:23+08:00 ] 127.0.0.1 /index.php/Website/Index/welcom
INFO: [ app_init ] --START--
INFO: Run Behavior\BuildLiteBehavior [ RunTime:0.000020s ]
INFO: [ app_init ] --END-- [ RunTime:0.000686s ]
SQL: SHOW COLUMNS FROM `lj_site` [ RunTime:0.0048s ]
SQL: SELECT `value` FROM `lj_site` WHERE `name` = 'extend' LIMIT 1   [ RunTime:0.0007s ]
INFO: [ app_begin ] --START--
INFO: Run Behavior\ReadHtmlCacheBehavior [ RunTime:0.000726s ]
INFO: [ app_begin ] --END-- [ RunTime:0.000798s ]
NOTIC: [8192] mysql_connect(): The mysql extension is deprecated and will be removed in the future: use mysqli or PDO instead D:\WWW\anji\Core\Library\Think\Session\Driver\Db.class.php 第 95 行.
SQL: SHOW COLUMNS FROM `lj_admin` [ RunTime:0.0064s ]
SQL: SELECT `csr` FROM `lj_admin` WHERE `id` = '1' LIMIT 1   [ RunTime:0.0005s ]
SQL: SHOW COLUMNS FROM `lj_orders` [ RunTime:0.0063s ]
SQL: SELECT count(id) as ds,Sum(money) as dq FROM `lj_orders` WHERE `zt` > 0 AND `ordtime` >= 1530460800  [ RunTime:0.0004s ]
SQL: SELECT count(id) as ms,Sum(money) as mq FROM `lj_orders` WHERE `zt` > 0 AND `ordtime` >= 1530374400  [ RunTime:0.0003s ]
SQL: SHOW COLUMNS FROM `lj_user` [ RunTime:0.0068s ]
SQL: SELECT COUNT(*) AS tp_count FROM `lj_user` WHERE `regtime` >= 1530460800 LIMIT 1   [ RunTime:0.0005s ]
SQL: SELECT COUNT(*) AS tp_count FROM `lj_user` WHERE `regtime` >= 1530374400 LIMIT 1   [ RunTime:0.0005s ]
SQL: SELECT COUNT(*) AS tp_count FROM `lj_user` WHERE `logintime` >= 1530460800 LIMIT 1   [ RunTime:0.0005s ]
SQL: SELECT COUNT(*) AS tp_count FROM `lj_user` WHERE `logintime` >= 1530374400 LIMIT 1   [ RunTime:0.0014s ]
SQL: SELECT COUNT(*) AS tp_count FROM `lj_user` LIMIT 1   [ RunTime:0.0004s ]
INFO: [ view_parse ] --START--
INFO: [ template_filter ] --START--
INFO: Run Behavior\ContentReplaceBehavior [ RunTime:0.000095s ]
INFO: [ template_filter ] --END-- [ RunTime:0.000170s ]
INFO: Run Behavior\ParseTemplateBehavior [ RunTime:0.015073s ]
INFO: [ view_parse ] --END-- [ RunTime:0.015236s ]
INFO: [ view_filter ] --START--
INFO: Run Behavior\WriteHtmlCacheBehavior [ RunTime:0.000778s ]
INFO: [ view_filter ] --END-- [ RunTime:0.000850s ]
INFO: [ app_end ] --START--
INFO: Run Behavior\ShowPageTraceBehavior [ RunTime:0.001104s ]
INFO: [ app_end ] --END-- [ RunTime:0.001279s ]

[ 2018-07-02T17:34:27+08:00 ] 127.0.0.1 /index.php/Website/Orders/tongji
INFO: [ app_init ] --START--
INFO: Run Behavior\BuildLiteBehavior [ RunTime:0.000018s ]
INFO: [ app_init ] --END-- [ RunTime:0.000571s ]
SQL: SHOW COLUMNS FROM `lj_site` [ RunTime:0.0110s ]
SQL: SELECT `value` FROM `lj_site` WHERE `name` = 'extend' LIMIT 1   [ RunTime:0.0007s ]
INFO: [ app_begin ] --START--
INFO: Run Behavior\ReadHtmlCacheBehavior [ RunTime:0.000981s ]
INFO: [ app_begin ] --END-- [ RunTime:0.001114s ]
NOTIC: [8192] mysql_connect(): The mysql extension is deprecated and will be removed in the future: use mysqli or PDO instead D:\WWW\anji\Core\Library\Think\Session\Driver\Db.class.php 第 95 行.
SQL: SHOW COLUMNS FROM `lj_admin` [ RunTime:0.0066s ]
SQL: SELECT `csr` FROM `lj_admin` WHERE `id` = '1' LIMIT 1   [ RunTime:0.0005s ]
INFO: [ view_parse ] --START--
INFO: [ template_filter ] --START--
INFO: Run Behavior\ContentReplaceBehavior [ RunTime:0.000096s ]
INFO: [ template_filter ] --END-- [ RunTime:0.000175s ]
INFO: Run Behavior\ParseTemplateBehavior [ RunTime:0.013458s ]
INFO: [ view_parse ] --END-- [ RunTime:0.013545s ]
INFO: [ view_filter ] --START--
INFO: Run Behavior\WriteHtmlCacheBehavior [ RunTime:0.000715s ]
INFO: [ view_filter ] --END-- [ RunTime:0.000791s ]
INFO: [ app_end ] --START--
INFO: Run Behavior\ShowPageTraceBehavior [ RunTime:0.001149s ]
INFO: [ app_end ] --END-- [ RunTime:0.001241s ]

[ 2018-07-02T17:35:16+08:00 ] 127.0.0.1 /index.php/Website/Index/index
INFO: [ app_init ] --START--
INFO: Run Behavior\BuildLiteBehavior [ RunTime:0.000029s ]
INFO: [ app_init ] --END-- [ RunTime:0.000865s ]
SQL: SHOW COLUMNS FROM `lj_site` [ RunTime:0.0061s ]
SQL: SELECT `value` FROM `lj_site` WHERE `name` = 'extend' LIMIT 1   [ RunTime:0.0005s ]
INFO: [ app_begin ] --START--
INFO: Run Behavior\ReadHtmlCacheBehavior [ RunTime:0.000899s ]
INFO: [ app_begin ] --END-- [ RunTime:0.000981s ]
NOTIC: [8192] mysql_connect(): The mysql extension is deprecated and will be removed in the future: use mysqli or PDO instead D:\WWW\anji\Core\Library\Think\Session\Driver\Db.class.php 第 95 行.
SQL: SHOW COLUMNS FROM `lj_admin` [ RunTime:0.0070s ]
SQL: SELECT `csr` FROM `lj_admin` WHERE `id` = '1' LIMIT 1   [ RunTime:0.0006s ]
SQL: SHOW COLUMNS FROM `lj_orders` [ RunTime:0.0087s ]
SQL: SELECT `id`,`ordernum`,`ordtime` FROM `lj_orders` WHERE `type` = 1 AND `zt` IN ('-1','1') AND `ordtime` >= 1530460800  [ RunTime:0.0006s ]
SQL: SELECT COUNT(*) AS tp_count FROM `lj_orders` WHERE `type` = 1 AND `zt` IN ('-1','1') AND `ordtime` >= 1530460800 LIMIT 1   [ RunTime:0.0005s ]
SQL: SHOW COLUMNS FROM `lj_shen` [ RunTime:0.0067s ]
SQL: SELECT `carnum`,`type`,`dtime` FROM `lj_shen` WHERE `dtime` <= 1530524116  [ RunTime:0.0006s ]
SQL: SELECT COUNT(*) AS tp_count FROM `lj_shen` WHERE `dtime` <= 1530524116 LIMIT 1   [ RunTime:0.0005s ]
INFO: [ view_parse ] --START--
INFO: [ template_filter ] --START--
INFO: Run Behavior\ContentReplaceBehavior [ RunTime:0.000192s ]
INFO: [ template_filter ] --END-- [ RunTime:0.000266s ]
INFO: Run Behavior\ParseTemplateBehavior [ RunTime:0.027562s ]
INFO: [ view_parse ] --END-- [ RunTime:0.027644s ]
INFO: [ view_filter ] --START--
INFO: Run Behavior\WriteHtmlCacheBehavior [ RunTime:0.000655s ]
INFO: [ view_filter ] --END-- [ RunTime:0.000714s ]
INFO: [ app_end ] --START--
INFO: Run Behavior\ShowPageTraceBehavior [ RunTime:0.001922s ]
INFO: [ app_end ] --END-- [ RunTime:0.001997s ]

[ 2018-07-02T17:35:18+08:00 ] 127.0.0.1 /index.php/Website/Index/welcom
INFO: [ app_init ] --START--
INFO: Run Behavior\BuildLiteBehavior [ RunTime:0.000015s ]
INFO: [ app_init ] --END-- [ RunTime:0.000469s ]
SQL: SHOW COLUMNS FROM `lj_site` [ RunTime:0.0072s ]
SQL: SELECT `value` FROM `lj_site` WHERE `name` = 'extend' LIMIT 1   [ RunTime:0.0007s ]
INFO: [ app_begin ] --START--
INFO: Run Behavior\ReadHtmlCacheBehavior [ RunTime:0.001070s ]
INFO: [ app_begin ] --END-- [ RunTime:0.001140s ]
NOTIC: [8192] mysql_connect(): The mysql extension is deprecated and will be removed in the future: use mysqli or PDO instead D:\WWW\anji\Core\Library\Think\Session\Driver\Db.class.php 第 95 行.
SQL: SHOW COLUMNS FROM `lj_admin` [ RunTime:0.0080s ]
SQL: SELECT `csr` FROM `lj_admin` WHERE `id` = '1' LIMIT 1   [ RunTime:0.0007s ]
SQL: SHOW COLUMNS FROM `lj_orders` [ RunTime:0.0095s ]
SQL: SELECT count(id) as ds,Sum(money) as dq FROM `lj_orders` WHERE `zt` > 0 AND `ordtime` >= 1530460800  [ RunTime:0.0007s ]
SQL: SELECT count(id) as ms,Sum(money) as mq FROM `lj_orders` WHERE `zt` > 0 AND `ordtime` >= 1530374400  [ RunTime:0.0004s ]
SQL: SHOW COLUMNS FROM `lj_user` [ RunTime:0.0079s ]
SQL: SELECT COUNT(*) AS tp_count FROM `lj_user` WHERE `regtime` >= 1530460800 LIMIT 1   [ RunTime:0.0010s ]
SQL: SELECT COUNT(*) AS tp_count FROM `lj_user` WHERE `regtime` >= 1530374400 LIMIT 1   [ RunTime:0.0005s ]
SQL: SELECT COUNT(*) AS tp_count FROM `lj_user` WHERE `logintime` >= 1530460800 LIMIT 1   [ RunTime:0.0006s ]
SQL: SELECT COUNT(*) AS tp_count FROM `lj_user` WHERE `logintime` >= 1530374400 LIMIT 1   [ RunTime:0.0006s ]
SQL: SELECT COUNT(*) AS tp_count FROM `lj_user` LIMIT 1   [ RunTime:0.0024s ]
INFO: [ view_parse ] --START--
INFO: [ template_filter ] --START--
INFO: Run Behavior\ContentReplaceBehavior [ RunTime:0.000096s ]
INFO: [ template_filter ] --END-- [ RunTime:0.000172s ]
INFO: Run Behavior\ParseTemplateBehavior [ RunTime:0.017661s ]
INFO: [ view_parse ] --END-- [ RunTime:0.017752s ]
INFO: [ view_filter ] --START--
INFO: Run Behavior\WriteHtmlCacheBehavior [ RunTime:0.000611s ]
INFO: [ view_filter ] --END-- [ RunTime:0.000672s ]
INFO: [ app_end ] --START--
INFO: Run Behavior\ShowPageTraceBehavior [ RunTime:0.000883s ]
INFO: [ app_end ] --END-- [ RunTime:0.000944s ]

[ 2018-07-02T17:35:26+08:00 ] 127.0.0.1 /index.php/Website/Orders/tongji
INFO: [ app_init ] --START--
INFO: Run Behavior\BuildLiteBehavior [ RunTime:0.000021s ]
INFO: [ app_init ] --END-- [ RunTime:0.000744s ]
SQL: SHOW COLUMNS FROM `lj_site` [ RunTime:0.0070s ]
SQL: SELECT `value` FROM `lj_site` WHERE `name` = 'extend' LIMIT 1   [ RunTime:0.0006s ]
INFO: [ app_begin ] --START--
INFO: Run Behavior\ReadHtmlCacheBehavior [ RunTime:0.001100s ]
INFO: [ app_begin ] --END-- [ RunTime:0.001202s ]
NOTIC: [8192] mysql_connect(): The mysql extension is deprecated and will be removed in the future: use mysqli or PDO instead D:\WWW\anji\Core\Library\Think\Session\Driver\Db.class.php 第 95 行.
SQL: SHOW COLUMNS FROM `lj_admin` [ RunTime:0.0064s ]
SQL: SELECT `csr` FROM `lj_admin` WHERE `id` = '1' LIMIT 1   [ RunTime:0.0006s ]
INFO: [ view_parse ] --START--
INFO: [ template_filter ] --START--
INFO: Run Behavior\ContentReplaceBehavior [ RunTime:0.000097s ]
INFO: [ template_filter ] --END-- [ RunTime:0.000181s ]
INFO: Run Behavior\ParseTemplateBehavior [ RunTime:0.016079s ]
INFO: [ view_parse ] --END-- [ RunTime:0.016187s ]
INFO: [ view_filter ] --START--
INFO: Run Behavior\WriteHtmlCacheBehavior [ RunTime:0.000754s ]
INFO: [ view_filter ] --END-- [ RunTime:0.000823s ]
INFO: [ app_end ] --START--
INFO: Run Behavior\ShowPageTraceBehavior [ RunTime:0.001075s ]
INFO: [ app_end ] --END-- [ RunTime:0.001146s ]

[ 2018-07-02T17:35:49+08:00 ] 127.0.0.1 /index.php/Website/Index/index
INFO: [ app_init ] --START--
INFO: Run Behavior\BuildLiteBehavior [ RunTime:0.000022s ]
INFO: [ app_init ] --END-- [ RunTime:0.000903s ]
SQL: SHOW COLUMNS FROM `lj_site` [ RunTime:0.0064s ]
SQL: SELECT `value` FROM `lj_site` WHERE `name` = 'extend' LIMIT 1   [ RunTime:0.0006s ]
INFO: [ app_begin ] --START--
INFO: Run Behavior\ReadHtmlCacheBehavior [ RunTime:0.000944s ]
INFO: [ app_begin ] --END-- [ RunTime:0.001031s ]
NOTIC: [8192] mysql_connect(): The mysql extension is deprecated and will be removed in the future: use mysqli or PDO instead D:\WWW\anji\Core\Library\Think\Session\Driver\Db.class.php 第 95 行.
SQL: SHOW COLUMNS FROM `lj_admin` [ RunTime:0.0079s ]
SQL: SELECT `csr` FROM `lj_admin` WHERE `id` = '1' LIMIT 1   [ RunTime:0.0005s ]
SQL: SHOW COLUMNS FROM `lj_orders` [ RunTime:0.0071s ]
SQL: SELECT `id`,`ordernum`,`ordtime` FROM `lj_orders` WHERE `type` = 1 AND `zt` IN ('-1','1') AND `ordtime` >= 1530460800  [ RunTime:0.0005s ]
SQL: SELECT COUNT(*) AS tp_count FROM `lj_orders` WHERE `type` = 1 AND `zt` IN ('-1','1') AND `ordtime` >= 1530460800 LIMIT 1   [ RunTime:0.0005s ]
SQL: SHOW COLUMNS FROM `lj_shen` [ RunTime:0.0077s ]
SQL: SELECT `carnum`,`type`,`dtime` FROM `lj_shen` WHERE `dtime` <= 1530524149  [ RunTime:0.0005s ]
SQL: SELECT COUNT(*) AS tp_count FROM `lj_shen` WHERE `dtime` <= 1530524149 LIMIT 1   [ RunTime:0.0005s ]
INFO: [ view_parse ] --START--
INFO: [ template_filter ] --START--
INFO: Run Behavior\ContentReplaceBehavior [ RunTime:0.000219s ]
INFO: [ template_filter ] --END-- [ RunTime:0.000303s ]
INFO: Run Behavior\ParseTemplateBehavior [ RunTime:0.029849s ]
INFO: [ view_parse ] --END-- [ RunTime:0.029966s ]
INFO: [ view_filter ] --START--
INFO: Run Behavior\WriteHtmlCacheBehavior [ RunTime:0.000717s ]
INFO: [ view_filter ] --END-- [ RunTime:0.000786s ]
INFO: [ app_end ] --START--
INFO: Run Behavior\ShowPageTraceBehavior [ RunTime:0.001437s ]
INFO: [ app_end ] --END-- [ RunTime:0.001580s ]

[ 2018-07-02T17:35:52+08:00 ] 127.0.0.1 /index.php/Website/Index/welcom
INFO: [ app_init ] --START--
INFO: Run Behavior\BuildLiteBehavior [ RunTime:0.000020s ]
INFO: [ app_init ] --END-- [ RunTime:0.000618s ]
SQL: SHOW COLUMNS FROM `lj_site` [ RunTime:0.0051s ]
SQL: SELECT `value` FROM `lj_site` WHERE `name` = 'extend' LIMIT 1   [ RunTime:0.0008s ]
INFO: [ app_begin ] --START--
INFO: Run Behavior\ReadHtmlCacheBehavior [ RunTime:0.000976s ]
INFO: [ app_begin ] --END-- [ RunTime:0.001047s ]
NOTIC: [8192] mysql_connect(): The mysql extension is deprecated and will be removed in the future: use mysqli or PDO instead D:\WWW\anji\Core\Library\Think\Session\Driver\Db.class.php 第 95 行.
SQL: SHOW COLUMNS FROM `lj_admin` [ RunTime:0.0062s ]
SQL: SELECT `csr` FROM `lj_admin` WHERE `id` = '1' LIMIT 1   [ RunTime:0.0006s ]
SQL: SHOW COLUMNS FROM `lj_orders` [ RunTime:0.0086s ]
SQL: SELECT count(id) as ds,Sum(money) as dq FROM `lj_orders` WHERE `zt` > 0 AND `ordtime` >= 1530460800  [ RunTime:0.0005s ]
SQL: SELECT count(id) as ms,Sum(money) as mq FROM `lj_orders` WHERE `zt` > 0 AND `ordtime` >= 1530374400  [ RunTime:0.0004s ]
SQL: SHOW COLUMNS FROM `lj_user` [ RunTime:0.0071s ]
SQL: SELECT COUNT(*) AS tp_count FROM `lj_user` WHERE `regtime` >= 1530460800 LIMIT 1   [ RunTime:0.0004s ]
SQL: SELECT COUNT(*) AS tp_count FROM `lj_user` WHERE `regtime` >= 1530374400 LIMIT 1   [ RunTime:0.0008s ]
SQL: SELECT COUNT(*) AS tp_count FROM `lj_user` WHERE `logintime` >= 1530460800 LIMIT 1   [ RunTime:0.0007s ]
SQL: SELECT COUNT(*) AS tp_count FROM `lj_user` WHERE `logintime` >= 1530374400 LIMIT 1   [ RunTime:0.0005s ]
SQL: SELECT COUNT(*) AS tp_count FROM `lj_user` LIMIT 1   [ RunTime:0.0014s ]
INFO: [ view_parse ] --START--
INFO: [ template_filter ] --START--
INFO: Run Behavior\ContentReplaceBehavior [ RunTime:0.000100s ]
INFO: [ template_filter ] --END-- [ RunTime:0.000176s ]
INFO: Run Behavior\ParseTemplateBehavior [ RunTime:0.015791s ]
INFO: [ view_parse ] --END-- [ RunTime:0.015903s ]
INFO: [ view_filter ] --START--
INFO: Run Behavior\WriteHtmlCacheBehavior [ RunTime:0.000544s ]
INFO: [ view_filter ] --END-- [ RunTime:0.000598s ]
INFO: [ app_end ] --START--
INFO: Run Behavior\ShowPageTraceBehavior [ RunTime:0.000842s ]
INFO: [ app_end ] --END-- [ RunTime:0.000906s ]

[ 2018-07-02T17:35:57+08:00 ] 127.0.0.1 /index.php/Website/Orders/tongji
INFO: [ app_init ] --START--
INFO: Run Behavior\BuildLiteBehavior [ RunTime:0.000025s ]
INFO: [ app_init ] --END-- [ RunTime:0.000726s ]
SQL: SHOW COLUMNS FROM `lj_site` [ RunTime:0.0068s ]
SQL: SELECT `value` FROM `lj_site` WHERE `name` = 'extend' LIMIT 1   [ RunTime:0.0007s ]
INFO: [ app_begin ] --START--
INFO: Run Behavior\ReadHtmlCacheBehavior [ RunTime:0.001927s ]
INFO: [ app_begin ] --END-- [ RunTime:0.002039s ]
NOTIC: [8192] mysql_connect(): The mysql extension is deprecated and will be removed in the future: use mysqli or PDO instead D:\WWW\anji\Core\Library\Think\Session\Driver\Db.class.php 第 95 行.
SQL: SHOW COLUMNS FROM `lj_admin` [ RunTime:0.0066s ]
SQL: SELECT `csr` FROM `lj_admin` WHERE `id` = '1' LIMIT 1   [ RunTime:0.0005s ]
INFO: [ view_parse ] --START--
INFO: [ template_filter ] --START--
INFO: Run Behavior\ContentReplaceBehavior [ RunTime:0.000105s ]
INFO: [ template_filter ] --END-- [ RunTime:0.000198s ]
INFO: Run Behavior\ParseTemplateBehavior [ RunTime:0.013556s ]
INFO: [ view_parse ] --END-- [ RunTime:0.013825s ]
INFO: [ view_filter ] --START--
INFO: Run Behavior\WriteHtmlCacheBehavior [ RunTime:0.000724s ]
INFO: [ view_filter ] --END-- [ RunTime:0.000884s ]
INFO: [ app_end ] --START--
INFO: Run Behavior\ShowPageTraceBehavior [ RunTime:0.000900s ]
INFO: [ app_end ] --END-- [ RunTime:0.000964s ]

[ 2018-07-02T17:36:43+08:00 ] 127.0.0.1 /index.php/Website/Index/index
INFO: [ app_init ] --START--
INFO: Run Behavior\BuildLiteBehavior [ RunTime:0.000027s ]
INFO: [ app_init ] --END-- [ RunTime:0.000759s ]
SQL: SHOW COLUMNS FROM `lj_site` [ RunTime:0.0069s ]
SQL: SELECT `value` FROM `lj_site` WHERE `name` = 'extend' LIMIT 1   [ RunTime:0.0005s ]
INFO: [ app_begin ] --START--
INFO: Run Behavior\ReadHtmlCacheBehavior [ RunTime:0.000899s ]
INFO: [ app_begin ] --END-- [ RunTime:0.000981s ]
NOTIC: [8192] mysql_connect(): The mysql extension is deprecated and will be removed in the future: use mysqli or PDO instead D:\WWW\anji\Core\Library\Think\Session\Driver\Db.class.php 第 95 行.
SQL: SHOW COLUMNS FROM `lj_admin` [ RunTime:0.0063s ]
SQL: SELECT `csr` FROM `lj_admin` WHERE `id` = '1' LIMIT 1   [ RunTime:0.0004s ]
SQL: SHOW COLUMNS FROM `lj_orders` [ RunTime:0.0065s ]
SQL: SELECT `id`,`ordernum`,`ordtime` FROM `lj_orders` WHERE `type` = 1 AND `zt` IN ('-1','1') AND `ordtime` >= 1530460800  [ RunTime:0.0005s ]
SQL: SELECT COUNT(*) AS tp_count FROM `lj_orders` WHERE `type` = 1 AND `zt` IN ('-1','1') AND `ordtime` >= 1530460800 LIMIT 1   [ RunTime:0.0005s ]
SQL: SHOW COLUMNS FROM `lj_shen` [ RunTime:0.0072s ]
SQL: SELECT `carnum`,`type`,`dtime` FROM `lj_shen` WHERE `dtime` <= 1530524203  [ RunTime:0.0006s ]
SQL: SELECT COUNT(*) AS tp_count FROM `lj_shen` WHERE `dtime` <= 1530524203 LIMIT 1   [ RunTime:0.0005s ]
INFO: [ view_parse ] --START--
INFO: [ template_filter ] --START--
INFO: Run Behavior\ContentReplaceBehavior [ RunTime:0.000239s ]
INFO: [ template_filter ] --END-- [ RunTime:0.000322s ]
INFO: Run Behavior\ParseTemplateBehavior [ RunTime:0.029334s ]
INFO: [ view_parse ] --END-- [ RunTime:0.029421s ]
INFO: [ view_filter ] --START--
INFO: Run Behavior\WriteHtmlCacheBehavior [ RunTime:0.000705s ]
INFO: [ view_filter ] --END-- [ RunTime:0.000774s ]
INFO: [ app_end ] --START--
INFO: Run Behavior\ShowPageTraceBehavior [ RunTime:0.001450s ]
INFO: [ app_end ] --END-- [ RunTime:0.001547s ]

[ 2018-07-02T17:36:45+08:00 ] 127.0.0.1 /index.php/Website/Index/welcom
INFO: [ app_init ] --START--
INFO: Run Behavior\BuildLiteBehavior [ RunTime:0.000020s ]
INFO: [ app_init ] --END-- [ RunTime:0.000670s ]
SQL: SHOW COLUMNS FROM `lj_site` [ RunTime:0.0072s ]
SQL: SELECT `value` FROM `lj_site` WHERE `name` = 'extend' LIMIT 1   [ RunTime:0.0006s ]
INFO: [ app_begin ] --START--
INFO: Run Behavior\ReadHtmlCacheBehavior [ RunTime:0.000750s ]
INFO: [ app_begin ] --END-- [ RunTime:0.000822s ]
NOTIC: [8192] mysql_connect(): The mysql extension is deprecated and will be removed in the future: use mysqli or PDO instead D:\WWW\anji\Core\Library\Think\Session\Driver\Db.class.php 第 95 行.
SQL: SHOW COLUMNS FROM `lj_admin` [ RunTime:0.0061s ]
SQL: SELECT `csr` FROM `lj_admin` WHERE `id` = '1' LIMIT 1   [ RunTime:0.0004s ]
SQL: SHOW COLUMNS FROM `lj_orders` [ RunTime:0.0064s ]
SQL: SELECT count(id) as ds,Sum(money) as dq FROM `lj_orders` WHERE `zt` > 0 AND `ordtime` >= 1530460800  [ RunTime:0.0006s ]
SQL: SELECT count(id) as ms,Sum(money) as mq FROM `lj_orders` WHERE `zt` > 0 AND `ordtime` >= 1530374400  [ RunTime:0.0005s ]
SQL: SHOW COLUMNS FROM `lj_user` [ RunTime:0.0072s ]
SQL: SELECT COUNT(*) AS tp_count FROM `lj_user` WHERE `regtime` >= 1530460800 LIMIT 1   [ RunTime:0.0004s ]
SQL: SELECT COUNT(*) AS tp_count FROM `lj_user` WHERE `regtime` >= 1530374400 LIMIT 1   [ RunTime:0.0004s ]
SQL: SELECT COUNT(*) AS tp_count FROM `lj_user` WHERE `logintime` >= 1530460800 LIMIT 1   [ RunTime:0.0003s ]
SQL: SELECT COUNT(*) AS tp_count FROM `lj_user` WHERE `logintime` >= 1530374400 LIMIT 1   [ RunTime:0.0003s ]
SQL: SELECT COUNT(*) AS tp_count FROM `lj_user` LIMIT 1   [ RunTime:0.0003s ]
INFO: [ view_parse ] --START--
INFO: [ template_filter ] --START--
INFO: Run Behavior\ContentReplaceBehavior [ RunTime:0.000091s ]
INFO: [ template_filter ] --END-- [ RunTime:0.000159s ]
INFO: Run Behavior\ParseTemplateBehavior [ RunTime:0.015507s ]
INFO: [ view_parse ] --END-- [ RunTime:0.015612s ]
INFO: [ view_filter ] --START--
INFO: Run Behavior\WriteHtmlCacheBehavior [ RunTime:0.000530s ]
INFO: [ view_filter ] --END-- [ RunTime:0.000586s ]
INFO: [ app_end ] --START--
INFO: Run Behavior\ShowPageTraceBehavior [ RunTime:0.000802s ]
INFO: [ app_end ] --END-- [ RunTime:0.000860s ]

[ 2018-07-02T17:36:52+08:00 ] 127.0.0.1 /index.php/Website/Orders/tongji
INFO: [ app_init ] --START--
INFO: Run Behavior\BuildLiteBehavior [ RunTime:0.000021s ]
INFO: [ app_init ] --END-- [ RunTime:0.000798s ]
SQL: SHOW COLUMNS FROM `lj_site` [ RunTime:0.0071s ]
SQL: SELECT `value` FROM `lj_site` WHERE `name` = 'extend' LIMIT 1   [ RunTime:0.0006s ]
INFO: [ app_begin ] --START--
INFO: Run Behavior\ReadHtmlCacheBehavior [ RunTime:0.001460s ]
INFO: [ app_begin ] --END-- [ RunTime:0.001569s ]
NOTIC: [8192] mysql_connect(): The mysql extension is deprecated and will be removed in the future: use mysqli or PDO instead D:\WWW\anji\Core\Library\Think\Session\Driver\Db.class.php 第 95 行.
SQL: SHOW COLUMNS FROM `lj_admin` [ RunTime:0.0065s ]
SQL: SELECT `csr` FROM `lj_admin` WHERE `id` = '1' LIMIT 1   [ RunTime:0.0007s ]
INFO: [ view_parse ] --START--
INFO: [ template_filter ] --START--
INFO: Run Behavior\ContentReplaceBehavior [ RunTime:0.000253s ]
INFO: [ template_filter ] --END-- [ RunTime:0.000394s ]
INFO: Run Behavior\ParseTemplateBehavior [ RunTime:0.014610s ]
INFO: [ view_parse ] --END-- [ RunTime:0.014701s ]
INFO: [ view_filter ] --START--
INFO: Run Behavior\WriteHtmlCacheBehavior [ RunTime:0.000670s ]
INFO: [ view_filter ] --END-- [ RunTime:0.000732s ]
INFO: [ app_end ] --START--
INFO: Run Behavior\ShowPageTraceBehavior [ RunTime:0.001065s ]
INFO: [ app_end ] --END-- [ RunTime:0.001132s ]

[ 2018-07-02T17:38:37+08:00 ] 127.0.0.1 /index.php/Website/Index/index
INFO: [ app_init ] --START--
INFO: Run Behavior\BuildLiteBehavior [ RunTime:0.000022s ]
INFO: [ app_init ] --END-- [ RunTime:0.000747s ]
SQL: SHOW COLUMNS FROM `lj_site` [ RunTime:0.0070s ]
SQL: SELECT `value` FROM `lj_site` WHERE `name` = 'extend' LIMIT 1   [ RunTime:0.0005s ]
INFO: [ app_begin ] --START--
INFO: Run Behavior\ReadHtmlCacheBehavior [ RunTime:0.000931s ]
INFO: [ app_begin ] --END-- [ RunTime:0.001014s ]
NOTIC: [8192] mysql_connect(): The mysql extension is deprecated and will be removed in the future: use mysqli or PDO instead D:\WWW\anji\Core\Library\Think\Session\Driver\Db.class.php 第 95 行.
SQL: SHOW COLUMNS FROM `lj_admin` [ RunTime:0.0070s ]
SQL: SELECT `csr` FROM `lj_admin` WHERE `id` = '1' LIMIT 1   [ RunTime:0.0005s ]
SQL: SHOW COLUMNS FROM `lj_orders` [ RunTime:0.0067s ]
SQL: SELECT `id`,`ordernum`,`ordtime` FROM `lj_orders` WHERE `type` = 1 AND `zt` IN ('-1','1') AND `ordtime` >= 1530460800  [ RunTime:0.0006s ]
SQL: SELECT COUNT(*) AS tp_count FROM `lj_orders` WHERE `type` = 1 AND `zt` IN ('-1','1') AND `ordtime` >= 1530460800 LIMIT 1   [ RunTime:0.0005s ]
SQL: SHOW COLUMNS FROM `lj_shen` [ RunTime:0.0072s ]
SQL: SELECT `carnum`,`type`,`dtime` FROM `lj_shen` WHERE `dtime` <= 1530524317  [ RunTime:0.0008s ]
SQL: SELECT COUNT(*) AS tp_count FROM `lj_shen` WHERE `dtime` <= 1530524317 LIMIT 1   [ RunTime:0.0005s ]
INFO: [ view_parse ] --START--
INFO: [ template_filter ] --START--
INFO: Run Behavior\ContentReplaceBehavior [ RunTime:0.000467s ]
INFO: [ template_filter ] --END-- [ RunTime:0.000849s ]
INFO: Run Behavior\ParseTemplateBehavior [ RunTime:0.029911s ]
INFO: [ view_parse ] --END-- [ RunTime:0.029996s ]
INFO: [ view_filter ] --START--
INFO: Run Behavior\WriteHtmlCacheBehavior [ RunTime:0.000825s ]
INFO: [ view_filter ] --END-- [ RunTime:0.000893s ]
INFO: [ app_end ] --START--
INFO: Run Behavior\ShowPageTraceBehavior [ RunTime:0.001477s ]
INFO: [ app_end ] --END-- [ RunTime:0.001556s ]

[ 2018-07-02T17:38:39+08:00 ] 127.0.0.1 /index.php/Website/Index/welcom
INFO: [ app_init ] --START--
INFO: Run Behavior\BuildLiteBehavior [ RunTime:0.000020s ]
INFO: [ app_init ] --END-- [ RunTime:0.000659s ]
SQL: SHOW COLUMNS FROM `lj_site` [ RunTime:0.0049s ]
SQL: SELECT `value` FROM `lj_site` WHERE `name` = 'extend' LIMIT 1   [ RunTime:0.0005s ]
INFO: [ app_begin ] --START--
INFO: Run Behavior\ReadHtmlCacheBehavior [ RunTime:0.000783s ]
INFO: [ app_begin ] --END-- [ RunTime:0.000861s ]
NOTIC: [8192] mysql_connect(): The mysql extension is deprecated and will be removed in the future: use mysqli or PDO instead D:\WWW\anji\Core\Library\Think\Session\Driver\Db.class.php 第 95 行.
SQL: SHOW COLUMNS FROM `lj_admin` [ RunTime:0.0060s ]
SQL: SELECT `csr` FROM `lj_admin` WHERE `id` = '1' LIMIT 1   [ RunTime:0.0008s ]
SQL: SHOW COLUMNS FROM `lj_orders` [ RunTime:0.0087s ]
SQL: SELECT count(id) as ds,Sum(money) as dq FROM `lj_orders` WHERE `zt` > 0 AND `ordtime` >= 1530460800  [ RunTime:0.0005s ]
SQL: SELECT count(id) as ms,Sum(money) as mq FROM `lj_orders` WHERE `zt` > 0 AND `ordtime` >= 1530374400  [ RunTime:0.0005s ]
SQL: SHOW COLUMNS FROM `lj_user` [ RunTime:0.0094s ]
SQL: SELECT COUNT(*) AS tp_count FROM `lj_user` WHERE `regtime` >= 1530460800 LIMIT 1   [ RunTime:0.0005s ]
SQL: SELECT COUNT(*) AS tp_count FROM `lj_user` WHERE `regtime` >= 1530374400 LIMIT 1   [ RunTime:0.0006s ]
SQL: SELECT COUNT(*) AS tp_count FROM `lj_user` WHERE `logintime` >= 1530460800 LIMIT 1   [ RunTime:0.0006s ]
SQL: SELECT COUNT(*) AS tp_count FROM `lj_user` WHERE `logintime` >= 1530374400 LIMIT 1   [ RunTime:0.0007s ]
SQL: SELECT COUNT(*) AS tp_count FROM `lj_user` LIMIT 1   [ RunTime:0.0004s ]
INFO: [ view_parse ] --START--
INFO: [ template_filter ] --START--
INFO: Run Behavior\ContentReplaceBehavior [ RunTime:0.000098s ]
INFO: [ template_filter ] --END-- [ RunTime:0.000173s ]
INFO: Run Behavior\ParseTemplateBehavior [ RunTime:0.019018s ]
INFO: [ view_parse ] --END-- [ RunTime:0.019114s ]
INFO: [ view_filter ] --START--
INFO: Run Behavior\WriteHtmlCacheBehavior [ RunTime:0.000597s ]
INFO: [ view_filter ] --END-- [ RunTime:0.000675s ]
INFO: [ app_end ] --START--
INFO: Run Behavior\ShowPageTraceBehavior [ RunTime:0.001330s ]
INFO: [ app_end ] --END-- [ RunTime:0.001405s ]

[ 2018-07-02T17:38:49+08:00 ] 127.0.0.1 /index.php/Website/Orders/xianx
INFO: [ app_init ] --START--
INFO: Run Behavior\BuildLiteBehavior [ RunTime:0.000023s ]
INFO: [ app_init ] --END-- [ RunTime:0.000748s ]
SQL: SHOW COLUMNS FROM `lj_site` [ RunTime:0.0079s ]
SQL: SELECT `value` FROM `lj_site` WHERE `name` = 'extend' LIMIT 1   [ RunTime:0.0006s ]
INFO: [ app_begin ] --START--
INFO: Run Behavior\ReadHtmlCacheBehavior [ RunTime:0.001332s ]
INFO: [ app_begin ] --END-- [ RunTime:0.001440s ]
NOTIC: [8192] mysql_connect(): The mysql extension is deprecated and will be removed in the future: use mysqli or PDO instead D:\WWW\anji\Core\Library\Think\Session\Driver\Db.class.php 第 95 行.
SQL: SHOW COLUMNS FROM `lj_admin` [ RunTime:0.0066s ]
SQL: SELECT `csr` FROM `lj_admin` WHERE `id` = '1' LIMIT 1   [ RunTime:0.0007s ]
INFO: [ view_parse ] --START--
INFO: [ template_filter ] --START--
INFO: Run Behavior\ContentReplaceBehavior [ RunTime:0.000105s ]
INFO: [ template_filter ] --END-- [ RunTime:0.000178s ]
INFO: Run Behavior\ParseTemplateBehavior [ RunTime:0.013860s ]
INFO: [ view_parse ] --END-- [ RunTime:0.014018s ]
INFO: [ view_filter ] --START--
INFO: Run Behavior\WriteHtmlCacheBehavior [ RunTime:0.001034s ]
INFO: [ view_filter ] --END-- [ RunTime:0.001160s ]
INFO: [ app_end ] --START--
INFO: Run Behavior\ShowPageTraceBehavior [ RunTime:0.001260s ]
INFO: [ app_end ] --END-- [ RunTime:0.001341s ]

[ 2018-07-02T17:38:52+08:00 ] 127.0.0.1 /index.php/Website/Orders/fpage?sEcho=1&iColumns=8&sColumns=%2C%2C%2C%2C%2C%2C%2C&iDisplayStart=0&iDisplayLength=20&mDataProp_0=ordernum&sSearch_0=&bRegex_0=false&bSearchable_0=true&bSortable_0=true&mDataProp_1=title&sSearch_1=&bRegex_1=false&bSearchable_1=true&bSortable_1=false&mDataProp_2=num&sSearch_2=&bRegex_2=false&bSearchable_2=true&bSortable_2=false&mDataProp_3=money&sSearch_3=&bRegex_3=false&bSearchable_3=true&bSortable_3=true&mDataProp_4=times&sSearch_4=&bRegex_4=false&bSearchable_4=true&bSortable_4=true&mDataProp_5=timec&sSearch_5=&bRegex_5=false&bSearchable_5=true&bSortable_5=true&mDataProp_6=zt&sSearch_6=&bRegex_6=false&bSearchable_6=true&bSortable_6=false&mDataProp_7=id&sSearch_7=&bRegex_7=false&bSearchable_7=true&bSortable_7=false&iSortCol_0=0&sSortDir_0=desc&sSearch=&bRegex=false&iSortingCols=1&_=1530524330006
INFO: [ app_init ] --START--
INFO: Run Behavior\BuildLiteBehavior [ RunTime:0.000020s ]
INFO: [ app_init ] --END-- [ RunTime:0.000638s ]
SQL: SHOW COLUMNS FROM `lj_site` [ RunTime:0.0077s ]
SQL: SELECT `value` FROM `lj_site` WHERE `name` = 'extend' LIMIT 1   [ RunTime:0.0029s ]
INFO: [ app_begin ] --START--
INFO: Run Behavior\ReadHtmlCacheBehavior [ RunTime:0.001086s ]
INFO: [ app_begin ] --END-- [ RunTime:0.001174s ]
NOTIC: [8192] mysql_connect(): The mysql extension is deprecated and will be removed in the future: use mysqli or PDO instead D:\WWW\anji\Core\Library\Think\Session\Driver\Db.class.php 第 95 行.
SQL: SHOW COLUMNS FROM `lj_admin` [ RunTime:0.0080s ]
SQL: SELECT `csr` FROM `lj_admin` WHERE `id` = '1' LIMIT 1   [ RunTime:0.0005s ]
NOTIC: [8] Use of undefined constant intval - assumed 'intval' D:\WWW\anji\WEB\Website\Controller\OrdersController.class.php 第 12 行.
SQL: SHOW COLUMNS FROM `lj_orders` [ RunTime:0.0077s ]
SQL: SELECT `id`,`title`,`ordernum`,`num`,`money`,`zt`,FROM_UNIXTIME(ordtime,"%Y-%m-%d %H:%i") as times,FROM_UNIXTIME(stime,"%Y-%m-%d") as timec FROM `lj_orders` WHERE `uid` is null ORDER BY ordernum desc LIMIT 0,20   [ RunTime:0.0005s ]
SQL: SELECT COUNT(*) AS tp_count FROM `lj_orders` WHERE `uid` is null LIMIT 1   [ RunTime:0.0004s ]

[ 2018-07-02T17:38:52+08:00 ] 127.0.0.1 /index.php/Website/Orders/tongji
INFO: [ app_init ] --START--
INFO: Run Behavior\BuildLiteBehavior [ RunTime:0.000017s ]
INFO: [ app_init ] --END-- [ RunTime:0.000634s ]
SQL: SHOW COLUMNS FROM `lj_site` [ RunTime:0.0073s ]
SQL: SELECT `value` FROM `lj_site` WHERE `name` = 'extend' LIMIT 1   [ RunTime:0.0006s ]
INFO: [ app_begin ] --START--
INFO: Run Behavior\ReadHtmlCacheBehavior [ RunTime:0.001001s ]
INFO: [ app_begin ] --END-- [ RunTime:0.001091s ]
NOTIC: [8192] mysql_connect(): The mysql extension is deprecated and will be removed in the future: use mysqli or PDO instead D:\WWW\anji\Core\Library\Think\Session\Driver\Db.class.php 第 95 行.
SQL: SHOW COLUMNS FROM `lj_admin` [ RunTime:0.0075s ]
SQL: SELECT `csr` FROM `lj_admin` WHERE `id` = '1' LIMIT 1   [ RunTime:0.0005s ]
INFO: [ view_parse ] --START--
INFO: [ template_filter ] --START--
INFO: Run Behavior\ContentReplaceBehavior [ RunTime:0.000115s ]
INFO: [ template_filter ] --END-- [ RunTime:0.000200s ]
INFO: Run Behavior\ParseTemplateBehavior [ RunTime:0.034727s ]
INFO: [ view_parse ] --END-- [ RunTime:0.034823s ]
INFO: [ view_filter ] --START--
INFO: Run Behavior\WriteHtmlCacheBehavior [ RunTime:0.000753s ]
INFO: [ view_filter ] --END-- [ RunTime:0.000820s ]
INFO: [ app_end ] --START--
INFO: Run Behavior\ShowPageTraceBehavior [ RunTime:0.001087s ]
INFO: [ app_end ] --END-- [ RunTime:0.001161s ]

[ 2018-07-02T17:39:24+08:00 ] 127.0.0.1 /index.php/Website/Finacal/gz
INFO: [ app_init ] --START--
INFO: Run Behavior\BuildLiteBehavior [ RunTime:0.000024s ]
INFO: [ app_init ] --END-- [ RunTime:0.001048s ]
SQL: SHOW COLUMNS FROM `lj_site` [ RunTime:0.0072s ]
SQL: SELECT `value` FROM `lj_site` WHERE `name` = 'extend' LIMIT 1   [ RunTime:0.0005s ]
INFO: [ app_begin ] --START--
INFO: Run Behavior\ReadHtmlCacheBehavior [ RunTime:0.000892s ]
INFO: [ app_begin ] --END-- [ RunTime:0.000972s ]
NOTIC: [8192] mysql_connect(): The mysql extension is deprecated and will be removed in the future: use mysqli or PDO instead D:\WWW\anji\Core\Library\Think\Session\Driver\Db.class.php 第 95 行.
SQL: SHOW COLUMNS FROM `lj_admin` [ RunTime:0.0070s ]
SQL: SELECT `csr` FROM `lj_admin` WHERE `id` = '1' LIMIT 1   [ RunTime:0.0005s ]
SQL: SHOW COLUMNS FROM `lj_ordcar` [ RunTime:0.0179s ]
SQL: SELECT lj_ordcar.carnum,`driver`,SUM(wage) as tc,Count(lj_ordcar.carnum) as ds FROM `lj_ordcar` LEFT JOIN lj_orders on lj_ordcar.ordernum=lj_orders.ordernum INNER JOIN lj_car on lj_ordcar.carnum=lj_car.carnum  WHERE `dtime` BETWEEN 1530374400 AND 1532966400 AND `zt` = 3 GROUP BY lj_ordcar.carnum  [ RunTime:0.0023s ]
INFO: [ view_parse ] --START--
INFO: [ template_filter ] --START--
INFO: Run Behavior\ContentReplaceBehavior [ RunTime:0.000089s ]
INFO: [ template_filter ] --END-- [ RunTime:0.000171s ]
INFO: Run Behavior\ParseTemplateBehavior [ RunTime:0.016329s ]
INFO: [ view_parse ] --END-- [ RunTime:0.016421s ]
INFO: [ view_filter ] --START--
INFO: Run Behavior\WriteHtmlCacheBehavior [ RunTime:0.000652s ]
INFO: [ view_filter ] --END-- [ RunTime:0.000723s ]
INFO: [ app_end ] --START--
INFO: Run Behavior\ShowPageTraceBehavior [ RunTime:0.001039s ]
INFO: [ app_end ] --END-- [ RunTime:0.001113s ]

[ 2018-07-02T17:40:15+08:00 ] 127.0.0.1 /index.php/Website/Finacal/index
INFO: [ app_init ] --START--
INFO: Run Behavior\BuildLiteBehavior [ RunTime:0.000019s ]
INFO: [ app_init ] --END-- [ RunTime:0.000604s ]
SQL: SHOW COLUMNS FROM `lj_site` [ RunTime:0.0062s ]
SQL: SELECT `value` FROM `lj_site` WHERE `name` = 'extend' LIMIT 1   [ RunTime:0.0006s ]
INFO: [ app_begin ] --START--
INFO: Run Behavior\ReadHtmlCacheBehavior [ RunTime:0.000903s ]
INFO: [ app_begin ] --END-- [ RunTime:0.000985s ]
NOTIC: [8192] mysql_connect(): The mysql extension is deprecated and will be removed in the future: use mysqli or PDO instead D:\WWW\anji\Core\Library\Think\Session\Driver\Db.class.php 第 95 行.
SQL: SHOW COLUMNS FROM `lj_admin` [ RunTime:0.0072s ]
SQL: SELECT `csr` FROM `lj_admin` WHERE `id` = '1' LIMIT 1   [ RunTime:0.0004s ]
INFO: [ view_parse ] --START--
INFO: [ template_filter ] --START--
INFO: Run Behavior\ContentReplaceBehavior [ RunTime:0.000108s ]
INFO: [ template_filter ] --END-- [ RunTime:0.000189s ]
INFO: Run Behavior\ParseTemplateBehavior [ RunTime:0.014863s ]
INFO: [ view_parse ] --END-- [ RunTime:0.014960s ]
INFO: [ view_filter ] --START--
INFO: Run Behavior\WriteHtmlCacheBehavior [ RunTime:0.000620s ]
INFO: [ view_filter ] --END-- [ RunTime:0.000684s ]
INFO: [ app_end ] --START--
INFO: Run Behavior\ShowPageTraceBehavior [ RunTime:0.000870s ]
INFO: [ app_end ] --END-- [ RunTime:0.000933s ]

[ 2018-07-02T17:40:18+08:00 ] 127.0.0.1 /index.php/Website/Orders/ajax
INFO: [ app_init ] --START--
INFO: Run Behavior\BuildLiteBehavior [ RunTime:0.000024s ]
INFO: [ app_init ] --END-- [ RunTime:0.000824s ]
SQL: SHOW COLUMNS FROM `lj_site` [ RunTime:0.0065s ]
SQL: SELECT `value` FROM `lj_site` WHERE `name` = 'extend' LIMIT 1   [ RunTime:0.0006s ]
INFO: [ app_begin ] --START--
INFO: Run Behavior\ReadHtmlCacheBehavior [ RunTime:0.000864s ]
INFO: [ app_begin ] --END-- [ RunTime:0.001111s ]
NOTIC: [8192] mysql_connect(): The mysql extension is deprecated and will be removed in the future: use mysqli or PDO instead D:\WWW\anji\Core\Library\Think\Session\Driver\Db.class.php 第 95 行.
SQL: SHOW COLUMNS FROM `lj_admin` [ RunTime:0.0081s ]
SQL: SELECT `csr` FROM `lj_admin` WHERE `id` = '1' LIMIT 1   [ RunTime:0.0006s ]
SQL: SHOW COLUMNS FROM `lj_orders` [ RunTime:0.0147s ]
SQL: SELECT Count(id) as dd,Sum(money) as je,FROM_UNIXTIME(stime,"%m月") as m FROM `lj_orders` WHERE `zt` = 3 AND `stime` >= 1514736000 GROUP BY m ORDER BY m ASC  [ RunTime:0.0011s ]

[ 2018-07-02T17:40:19+08:00 ] 127.0.0.1 /index.php/Website/Hr/rc
INFO: [ app_init ] --START--
INFO: Run Behavior\BuildLiteBehavior [ RunTime:0.000017s ]
INFO: [ app_init ] --END-- [ RunTime:0.000611s ]
SQL: SHOW COLUMNS FROM `lj_site` [ RunTime:0.0069s ]
SQL: SELECT `value` FROM `lj_site` WHERE `name` = 'extend' LIMIT 1   [ RunTime:0.0006s ]
INFO: [ app_begin ] --START--
INFO: Run Behavior\ReadHtmlCacheBehavior [ RunTime:0.001066s ]
INFO: [ app_begin ] --END-- [ RunTime:0.001162s ]
NOTIC: [8192] mysql_connect(): The mysql extension is deprecated and will be removed in the future: use mysqli or PDO instead D:\WWW\anji\Core\Library\Think\Session\Driver\Db.class.php 第 95 行.
SQL: SHOW COLUMNS FROM `lj_admin` [ RunTime:0.0095s ]
SQL: SELECT `csr` FROM `lj_admin` WHERE `id` = '1' LIMIT 1   [ RunTime:0.0005s ]
SQL: SHOW COLUMNS FROM `lj_spend` [ RunTime:0.0219s ]
SQL: SELECT Sum(money) as rc,FROM_UNIXTIME(time,"%m月") as m FROM `lj_spend` WHERE `time` >= 1514736000 GROUP BY m ORDER BY m ASC  [ RunTime:0.0006s ]

[ 2018-07-02T17:40:19+08:00 ] 127.0.0.1 /index.php/Website/Finacal/ajax
INFO: [ app_init ] --START--
INFO: Run Behavior\BuildLiteBehavior [ RunTime:0.000019s ]
INFO: [ app_init ] --END-- [ RunTime:0.000686s ]
SQL: SHOW COLUMNS FROM `lj_site` [ RunTime:0.0074s ]
SQL: SELECT `value` FROM `lj_site` WHERE `name` = 'extend' LIMIT 1   [ RunTime:0.0009s ]
INFO: [ app_begin ] --START--
INFO: Run Behavior\ReadHtmlCacheBehavior [ RunTime:0.001627s ]
INFO: [ app_begin ] --END-- [ RunTime:0.001735s ]
NOTIC: [8192] mysql_connect(): The mysql extension is deprecated and will be removed in the future: use mysqli or PDO instead D:\WWW\anji\Core\Library\Think\Session\Driver\Db.class.php 第 95 行.
SQL: SHOW COLUMNS FROM `lj_admin` [ RunTime:0.0081s ]
SQL: SELECT `csr` FROM `lj_admin` WHERE `id` = '1' LIMIT 1   [ RunTime:0.0008s ]
SQL: SHOW COLUMNS FROM `lj_etc` [ RunTime:0.0176s ]
SQL: SELECT Sum(money) as et,FROM_UNIXTIME(time,"%m月") as m FROM `lj_etc` WHERE `time` >= 1514736000 GROUP BY m ORDER BY m ASC  [ RunTime:0.0006s ]

[ 2018-07-02T17:40:19+08:00 ] 127.0.0.1 /index.php/Website/After/oil
INFO: [ app_init ] --START--
INFO: Run Behavior\BuildLiteBehavior [ RunTime:0.000016s ]
INFO: [ app_init ] --END-- [ RunTime:0.000583s ]
SQL: SHOW COLUMNS FROM `lj_site` [ RunTime:0.0062s ]
SQL: SELECT `value` FROM `lj_site` WHERE `name` = 'extend' LIMIT 1   [ RunTime:0.0005s ]
INFO: [ app_begin ] --START--
INFO: Run Behavior\ReadHtmlCacheBehavior [ RunTime:0.001035s ]
INFO: [ app_begin ] --END-- [ RunTime:0.001130s ]
NOTIC: [8192] mysql_connect(): The mysql extension is deprecated and will be removed in the future: use mysqli or PDO instead D:\WWW\anji\Core\Library\Think\Session\Driver\Db.class.php 第 95 行.
SQL: SHOW COLUMNS FROM `lj_admin` [ RunTime:0.0066s ]
SQL: SELECT `csr` FROM `lj_admin` WHERE `id` = '1' LIMIT 1   [ RunTime:0.0005s ]
SQL: SHOW COLUMNS FROM `lj_ordcar` [ RunTime:0.0066s ]
SQL: SELECT SUM(addoil) as oil,FROM_UNIXTIME(dtime,"%m月") as m FROM `lj_ordcar` LEFT JOIN lj_orders on lj_ordcar.ordernum=lj_orders.ordernum  WHERE `dtime` >= 1514736000 GROUP BY m ORDER BY m ASC  [ RunTime:0.0006s ]

[ 2018-07-02T17:40:19+08:00 ] 127.0.0.1 /index.php/Website/After/wx
INFO: [ app_init ] --START--
INFO: Run Behavior\BuildLiteBehavior [ RunTime:0.000016s ]
INFO: [ app_init ] --END-- [ RunTime:0.000522s ]
SQL: SHOW COLUMNS FROM `lj_site` [ RunTime:0.0065s ]
SQL: SELECT `value` FROM `lj_site` WHERE `name` = 'extend' LIMIT 1   [ RunTime:0.0006s ]
INFO: [ app_begin ] --START--
INFO: Run Behavior\ReadHtmlCacheBehavior [ RunTime:0.001000s ]
INFO: [ app_begin ] --END-- [ RunTime:0.001094s ]
NOTIC: [8192] mysql_connect(): The mysql extension is deprecated and will be removed in the future: use mysqli or PDO instead D:\WWW\anji\Core\Library\Think\Session\Driver\Db.class.php 第 95 行.
SQL: SHOW COLUMNS FROM `lj_admin` [ RunTime:0.0066s ]
SQL: SELECT `csr` FROM `lj_admin` WHERE `id` = '1' LIMIT 1   [ RunTime:0.0004s ]
SQL: SHOW COLUMNS FROM `lj_xiu` [ RunTime:0.0277s ]
SQL: SELECT Sum(money) as wx,FROM_UNIXTIME(time,"%m") as m FROM `lj_xiu` WHERE `type` > 0 AND `time` >= 1514736000 GROUP BY m ORDER BY m ASC  [ RunTime:0.0006s ]
SQL: SELECT Sum(money) as bao,FROM_UNIXTIME(time,"%m") as m FROM `lj_xiu` WHERE `type` = 0 AND `time` >= 1514736000 GROUP BY m ORDER BY m ASC  [ RunTime:0.0006s ]
NOTIC: [8] Undefined index: 06 D:\WWW\anji\WEB\Website\Controller\AfterController.class.php 第 451 行.
NOTIC: [8] Undefined variable: v D:\WWW\anji\WEB\Website\Controller\AfterController.class.php 第 454 行.

[ 2018-07-02T17:40:19+08:00 ] 127.0.0.1 /index.php/Website/Hr/ajax
INFO: [ app_init ] --START--
INFO: Run Behavior\BuildLiteBehavior [ RunTime:0.000023s ]
INFO: [ app_init ] --END-- [ RunTime:0.001055s ]
SQL: SHOW COLUMNS FROM `lj_site` [ RunTime:0.0095s ]
SQL: SELECT `value` FROM `lj_site` WHERE `name` = 'extend' LIMIT 1   [ RunTime:0.0009s ]
INFO: [ app_begin ] --START--
INFO: Run Behavior\ReadHtmlCacheBehavior [ RunTime:0.001037s ]
INFO: [ app_begin ] --END-- [ RunTime:0.001134s ]
NOTIC: [8192] mysql_connect(): The mysql extension is deprecated and will be removed in the future: use mysqli or PDO instead D:\WWW\anji\Core\Library\Think\Session\Driver\Db.class.php 第 95 行.
SQL: SHOW COLUMNS FROM `lj_admin` [ RunTime:0.0079s ]
SQL: SELECT `csr` FROM `lj_admin` WHERE `id` = '1' LIMIT 1   [ RunTime:0.0006s ]
SQL: SHOW COLUMNS FROM `lj_wage` [ RunTime:0.0191s ]
SQL: SELECT Sum(sf) as gz,FROM_UNIXTIME(time,"%m月") as m FROM `lj_wage` WHERE `time` >= 1514736000 GROUP BY m ORDER BY m ASC  [ RunTime:0.0006s ]

