[ 2018-06-17T09:23:28+08:00 ] 127.0.0.1 /index.php/website
INFO: [ app_init ] --START--
INFO: Run Behavior\BuildLiteBehavior [ RunTime:0.000010s ]
INFO: [ app_init ] --END-- [ RunTime:0.000370s ]
INFO: [ app_begin ] --START--
INFO: Run Behavior\ReadHtmlCacheBehavior [ RunTime:0.000582s ]
INFO: [ app_begin ] --END-- [ RunTime:0.000655s ]
NOTIC: [8192] mysql_connect(): The mysql extension is deprecated and will be removed in the future: use mysqli or PDO instead F:\anji\Core\Library\Think\Session\Driver\Db.class.php 第 95 行.
INFO: [ view_parse ] --START--
INFO: [ template_filter ] --START--
INFO: Run Behavior\ContentReplaceBehavior [ RunTime:0.000335s ]
INFO: [ template_filter ] --END-- [ RunTime:0.000466s ]
NOTIC: [8] Undefined index: user F:\anji\WEB\Runtime\Cache\Website\ae74629993cfa41cc96b9b04cbd4e0ee.php 第 33 行.
NOTIC: [8] Undefined index: user F:\anji\WEB\Runtime\Cache\Website\ae74629993cfa41cc96b9b04cbd4e0ee.php 第 34 行.
INFO: Run Behavior\ParseTemplateBehavior [ RunTime:0.052287s ]
INFO: [ view_parse ] --END-- [ RunTime:0.052425s ]
INFO: [ view_filter ] --START--
INFO: Run Behavior\WriteHtmlCacheBehavior [ RunTime:0.001222s ]
INFO: [ view_filter ] --END-- [ RunTime:0.001325s ]
INFO: [ app_end ] --START--
INFO: Run Behavior\ShowPageTraceBehavior [ RunTime:0.000831s ]
INFO: [ app_end ] --END-- [ RunTime:0.000890s ]

[ 2018-06-17T09:23:30+08:00 ] 127.0.0.1 /index.php/Website/Index/welcom
INFO: [ app_init ] --START--
INFO: Run Behavior\BuildLiteBehavior [ RunTime:0.000044s ]
INFO: [ app_init ] --END-- [ RunTime:0.001741s ]
INFO: [ app_begin ] --START--
INFO: Run Behavior\ReadHtmlCacheBehavior [ RunTime:0.000970s ]
INFO: [ app_begin ] --END-- [ RunTime:0.001053s ]
NOTIC: [8192] mysql_connect(): The mysql extension is deprecated and will be removed in the future: use mysqli or PDO instead F:\anji\Core\Library\Think\Session\Driver\Db.class.php 第 95 行.
INFO: [ view_parse ] --START--
INFO: [ template_filter ] --START--
INFO: Run Behavior\ContentReplaceBehavior [ RunTime:0.000037s ]
INFO: [ template_filter ] --END-- [ RunTime:0.000074s ]
INFO: Run Behavior\ParseTemplateBehavior [ RunTime:0.033245s ]
INFO: [ view_parse ] --END-- [ RunTime:0.033332s ]
INFO: [ view_filter ] --START--
INFO: Run Behavior\WriteHtmlCacheBehavior [ RunTime:0.000316s ]
INFO: [ view_filter ] --END-- [ RunTime:0.000340s ]
INFO: [ app_end ] --START--
INFO: Run Behavior\ShowPageTraceBehavior [ RunTime:0.000494s ]
INFO: [ app_end ] --END-- [ RunTime:0.000515s ]

[ 2018-06-17T09:45:28+08:00 ] 127.0.0.1 /index.php/website
INFO: [ app_init ] --START--
INFO: Run Behavior\BuildLiteBehavior [ RunTime:0.000007s ]
INFO: [ app_init ] --END-- [ RunTime:0.000299s ]
INFO: [ app_begin ] --START--
INFO: Run Behavior\ReadHtmlCacheBehavior [ RunTime:0.000370s ]
INFO: [ app_begin ] --END-- [ RunTime:0.000398s ]
NOTIC: [8192] mysql_connect(): The mysql extension is deprecated and will be removed in the future: use mysqli or PDO instead F:\anji\Core\Library\Think\Session\Driver\Db.class.php 第 95 行.
INFO: [ view_parse ] --START--
INFO: [ template_filter ] --START--
INFO: Run Behavior\ContentReplaceBehavior [ RunTime:0.000088s ]
INFO: [ template_filter ] --END-- [ RunTime:0.000122s ]
NOTIC: [8] Undefined index: user F:\anji\WEB\Runtime\Cache\Website\ae74629993cfa41cc96b9b04cbd4e0ee.php 第 33 行.
NOTIC: [8] Undefined index: user F:\anji\WEB\Runtime\Cache\Website\ae74629993cfa41cc96b9b04cbd4e0ee.php 第 34 行.
INFO: Run Behavior\ParseTemplateBehavior [ RunTime:0.039223s ]
INFO: [ view_parse ] --END-- [ RunTime:0.039330s ]
INFO: [ view_filter ] --START--
INFO: Run Behavior\WriteHtmlCacheBehavior [ RunTime:0.001063s ]
INFO: [ view_filter ] --END-- [ RunTime:0.001104s ]
INFO: [ app_end ] --START--
INFO: Run Behavior\ShowPageTraceBehavior [ RunTime:0.000478s ]
INFO: [ app_end ] --END-- [ RunTime:0.000505s ]

[ 2018-06-17T09:45:29+08:00 ] 127.0.0.1 /index.php/Website/Index/welcom
INFO: [ app_init ] --START--
INFO: Run Behavior\BuildLiteBehavior [ RunTime:0.000007s ]
INFO: [ app_init ] --END-- [ RunTime:0.000247s ]
INFO: [ app_begin ] --START--
INFO: Run Behavior\ReadHtmlCacheBehavior [ RunTime:0.000337s ]
INFO: [ app_begin ] --END-- [ RunTime:0.000382s ]
NOTIC: [8192] mysql_connect(): The mysql extension is deprecated and will be removed in the future: use mysqli or PDO instead F:\anji\Core\Library\Think\Session\Driver\Db.class.php 第 95 行.
INFO: [ view_parse ] --START--
INFO: [ template_filter ] --START--
INFO: Run Behavior\ContentReplaceBehavior [ RunTime:0.000222s ]
INFO: [ template_filter ] --END-- [ RunTime:0.000445s ]
INFO: Run Behavior\ParseTemplateBehavior [ RunTime:0.024422s ]
INFO: [ view_parse ] --END-- [ RunTime:0.024578s ]
INFO: [ view_filter ] --START--
INFO: Run Behavior\WriteHtmlCacheBehavior [ RunTime:0.001195s ]
INFO: [ view_filter ] --END-- [ RunTime:0.001308s ]
INFO: [ app_end ] --START--
INFO: Run Behavior\ShowPageTraceBehavior [ RunTime:0.001707s ]
INFO: [ app_end ] --END-- [ RunTime:0.001811s ]

[ 2018-06-17T09:45:35+08:00 ] 127.0.0.1 /index.php/Website/User/index
INFO: [ app_init ] --START--
INFO: Run Behavior\BuildLiteBehavior [ RunTime:0.000019s ]
INFO: [ app_init ] --END-- [ RunTime:0.000479s ]
INFO: [ app_begin ] --START--
INFO: Run Behavior\ReadHtmlCacheBehavior [ RunTime:0.000566s ]
INFO: [ app_begin ] --END-- [ RunTime:0.000638s ]
NOTIC: [8192] mysql_connect(): The mysql extension is deprecated and will be removed in the future: use mysqli or PDO instead F:\anji\Core\Library\Think\Session\Driver\Db.class.php 第 95 行.
INFO: [ view_parse ] --START--
INFO: [ template_filter ] --START--
INFO: Run Behavior\ContentReplaceBehavior [ RunTime:0.000154s ]
INFO: [ template_filter ] --END-- [ RunTime:0.000265s ]
INFO: Run Behavior\ParseTemplateBehavior [ RunTime:0.021762s ]
INFO: [ view_parse ] --END-- [ RunTime:0.021912s ]
INFO: [ view_filter ] --START--
INFO: Run Behavior\WriteHtmlCacheBehavior [ RunTime:0.001179s ]
INFO: [ view_filter ] --END-- [ RunTime:0.001306s ]
INFO: [ app_end ] --START--
INFO: Run Behavior\ShowPageTraceBehavior [ RunTime:0.001660s ]
INFO: [ app_end ] --END-- [ RunTime:0.001772s ]

[ 2018-06-17T09:45:37+08:00 ] 127.0.0.1 /index.php/Website/User/fpage?sEcho=1&iColumns=6&sColumns=%2C%2C%2C%2C%2C&iDisplayStart=0&iDisplayLength=20&mDataProp_0=id&sSearch_0=&bRegex_0=false&bSearchable_0=true&bSortable_0=true&mDataProp_1=photo&sSearch_1=&bRegex_1=false&bSearchable_1=true&bSortable_1=false&mDataProp_2=nickname&sSearch_2=&bRegex_2=false&bSearchable_2=true&bSortable_2=false&mDataProp_3=rtime&sSearch_3=&bRegex_3=false&bSearchable_3=true&bSortable_3=true&mDataProp_4=name&sSearch_4=&bRegex_4=false&bSearchable_4=true&bSortable_4=false&mDataProp_5=id&sSearch_5=&bRegex_5=false&bSearchable_5=true&bSortable_5=false&iSortCol_0=0&sSortDir_0=desc&sSearch=&bRegex=false&iSortingCols=1&_=1529199935195
INFO: [ app_init ] --START--
INFO: Run Behavior\BuildLiteBehavior [ RunTime:0.000007s ]
INFO: [ app_init ] --END-- [ RunTime:0.000353s ]
INFO: [ app_begin ] --START--
INFO: Run Behavior\ReadHtmlCacheBehavior [ RunTime:0.000432s ]
INFO: [ app_begin ] --END-- [ RunTime:0.000465s ]
NOTIC: [8192] mysql_connect(): The mysql extension is deprecated and will be removed in the future: use mysqli or PDO instead F:\anji\Core\Library\Think\Session\Driver\Db.class.php 第 95 行.
SQL: SHOW COLUMNS FROM `lj_user` [ RunTime:0.0202s ]
NOTIC: [8] Undefined variable: where F:\anji\WEB\Website\Controller\UserController.class.php 第 22 行.
SQL: SELECT `id`,`name`,`photo`,`nickname`,FROM_UNIXTIME(regtime,"%Y-%m-%d %H:%i") as rtime FROM `lj_user` ORDER BY id desc LIMIT 0,20   [ RunTime:0.0009s ]
NOTIC: [8] Undefined variable: where F:\anji\WEB\Website\Controller\UserController.class.php 第 23 行.
SQL: SELECT COUNT(*) AS tp_count FROM `lj_user` LIMIT 1   [ RunTime:0.0007s ]

[ 2018-06-17T10:27:50+08:00 ] 127.0.0.1 /index.php/website
INFO: [ app_init ] --START--
INFO: Run Behavior\BuildLiteBehavior [ RunTime:0.000007s ]
INFO: [ app_init ] --END-- [ RunTime:0.000279s ]
INFO: [ app_begin ] --START--
INFO: Run Behavior\ReadHtmlCacheBehavior [ RunTime:0.000434s ]
INFO: [ app_begin ] --END-- [ RunTime:0.000462s ]
NOTIC: [8192] mysql_connect(): The mysql extension is deprecated and will be removed in the future: use mysqli or PDO instead F:\anji\Core\Library\Think\Session\Driver\Db.class.php 第 95 行.
INFO: [ view_parse ] --START--
INFO: [ template_filter ] --START--
INFO: Run Behavior\ContentReplaceBehavior [ RunTime:0.000180s ]
INFO: [ template_filter ] --END-- [ RunTime:0.000254s ]
NOTIC: [8] Undefined index: user F:\anji\WEB\Runtime\Cache\Website\ae74629993cfa41cc96b9b04cbd4e0ee.php 第 33 行.
NOTIC: [8] Undefined index: user F:\anji\WEB\Runtime\Cache\Website\ae74629993cfa41cc96b9b04cbd4e0ee.php 第 34 行.
INFO: Run Behavior\ParseTemplateBehavior [ RunTime:0.057474s ]
INFO: [ view_parse ] --END-- [ RunTime:0.057545s ]
INFO: [ view_filter ] --START--
INFO: Run Behavior\WriteHtmlCacheBehavior [ RunTime:0.000611s ]
INFO: [ view_filter ] --END-- [ RunTime:0.000656s ]
INFO: [ app_end ] --START--
INFO: Run Behavior\ShowPageTraceBehavior [ RunTime:0.000857s ]
INFO: [ app_end ] --END-- [ RunTime:0.000916s ]

[ 2018-06-17T10:27:52+08:00 ] 127.0.0.1 /index.php/Website/Index/welcom
INFO: [ app_init ] --START--
INFO: Run Behavior\BuildLiteBehavior [ RunTime:0.000008s ]
INFO: [ app_init ] --END-- [ RunTime:0.000347s ]
INFO: [ app_begin ] --START--
INFO: Run Behavior\ReadHtmlCacheBehavior [ RunTime:0.000397s ]
INFO: [ app_begin ] --END-- [ RunTime:0.000430s ]
NOTIC: [8192] mysql_connect(): The mysql extension is deprecated and will be removed in the future: use mysqli or PDO instead F:\anji\Core\Library\Think\Session\Driver\Db.class.php 第 95 行.
INFO: [ view_parse ] --START--
INFO: [ template_filter ] --START--
INFO: Run Behavior\ContentReplaceBehavior [ RunTime:0.000045s ]
INFO: [ template_filter ] --END-- [ RunTime:0.000093s ]
INFO: Run Behavior\ParseTemplateBehavior [ RunTime:0.009470s ]
INFO: [ view_parse ] --END-- [ RunTime:0.009534s ]
INFO: [ view_filter ] --START--
INFO: Run Behavior\WriteHtmlCacheBehavior [ RunTime:0.000362s ]
INFO: [ view_filter ] --END-- [ RunTime:0.000385s ]
INFO: [ app_end ] --START--
INFO: Run Behavior\ShowPageTraceBehavior [ RunTime:0.000586s ]
INFO: [ app_end ] --END-- [ RunTime:0.000622s ]

[ 2018-06-17T10:27:58+08:00 ] 127.0.0.1 /index.php/Website/System/index
INFO: [ app_init ] --START--
INFO: Run Behavior\BuildLiteBehavior [ RunTime:0.000007s ]
INFO: [ app_init ] --END-- [ RunTime:0.000302s ]
INFO: [ app_begin ] --START--
INFO: Run Behavior\ReadHtmlCacheBehavior [ RunTime:0.000412s ]
INFO: [ app_begin ] --END-- [ RunTime:0.000443s ]
NOTIC: [8192] mysql_connect(): The mysql extension is deprecated and will be removed in the future: use mysqli or PDO instead F:\anji\Core\Library\Think\Session\Driver\Db.class.php 第 95 行.
SQL: SHOW COLUMNS FROM `lj_site` [ RunTime:0.0338s ]
SQL: SELECT `value` FROM `lj_site` WHERE `name` = 'basic' LIMIT 1   [ RunTime:0.0009s ]
INFO: [ view_parse ] --START--
INFO: [ template_filter ] --START--
INFO: Run Behavior\ContentReplaceBehavior [ RunTime:0.000100s ]
INFO: [ template_filter ] --END-- [ RunTime:0.000171s ]
INFO: Run Behavior\ParseTemplateBehavior [ RunTime:0.052605s ]
INFO: [ view_parse ] --END-- [ RunTime:0.052770s ]
INFO: [ view_filter ] --START--
INFO: Run Behavior\WriteHtmlCacheBehavior [ RunTime:0.000651s ]
INFO: [ view_filter ] --END-- [ RunTime:0.000706s ]
INFO: [ app_end ] --START--
INFO: Run Behavior\ShowPageTraceBehavior [ RunTime:0.000992s ]
INFO: [ app_end ] --END-- [ RunTime:0.001058s ]

[ 2018-06-17T11:09:13+08:00 ] 127.0.0.1 /index.php/Website/User/index
INFO: [ app_init ] --START--
INFO: Run Behavior\BuildLiteBehavior [ RunTime:0.000011s ]
INFO: [ app_init ] --END-- [ RunTime:0.002312s ]
INFO: [ app_begin ] --START--
INFO: Run Behavior\ReadHtmlCacheBehavior [ RunTime:0.000655s ]
INFO: [ app_begin ] --END-- [ RunTime:0.000710s ]
NOTIC: [8192] mysql_connect(): The mysql extension is deprecated and will be removed in the future: use mysqli or PDO instead F:\anji\Core\Library\Think\Session\Driver\Db.class.php 第 95 行.
INFO: [ view_parse ] --START--
INFO: [ template_filter ] --START--
INFO: Run Behavior\ContentReplaceBehavior [ RunTime:0.000987s ]
INFO: [ template_filter ] --END-- [ RunTime:0.001069s ]
INFO: Run Behavior\ParseTemplateBehavior [ RunTime:0.037990s ]
INFO: [ view_parse ] --END-- [ RunTime:0.038071s ]
INFO: [ view_filter ] --START--
INFO: Run Behavior\WriteHtmlCacheBehavior [ RunTime:0.000729s ]
INFO: [ view_filter ] --END-- [ RunTime:0.000783s ]
INFO: [ app_end ] --START--
INFO: Run Behavior\ShowPageTraceBehavior [ RunTime:0.001066s ]
INFO: [ app_end ] --END-- [ RunTime:0.001132s ]

[ 2018-06-17T11:09:16+08:00 ] 127.0.0.1 /index.php/Website/User/fpage?sEcho=1&iColumns=6&sColumns=%2C%2C%2C%2C%2C&iDisplayStart=0&iDisplayLength=20&mDataProp_0=id&sSearch_0=&bRegex_0=false&bSearchable_0=true&bSortable_0=true&mDataProp_1=photo&sSearch_1=&bRegex_1=false&bSearchable_1=true&bSortable_1=false&mDataProp_2=nickname&sSearch_2=&bRegex_2=false&bSearchable_2=true&bSortable_2=false&mDataProp_3=rtime&sSearch_3=&bRegex_3=false&bSearchable_3=true&bSortable_3=true&mDataProp_4=name&sSearch_4=&bRegex_4=false&bSearchable_4=true&bSortable_4=false&mDataProp_5=id&sSearch_5=&bRegex_5=false&bSearchable_5=true&bSortable_5=false&iSortCol_0=0&sSortDir_0=desc&sSearch=&bRegex=false&iSortingCols=1&_=1529204954121
INFO: [ app_init ] --START--
INFO: Run Behavior\BuildLiteBehavior [ RunTime:0.000010s ]
INFO: [ app_init ] --END-- [ RunTime:0.000366s ]
INFO: [ app_begin ] --START--
INFO: Run Behavior\ReadHtmlCacheBehavior [ RunTime:0.000346s ]
INFO: [ app_begin ] --END-- [ RunTime:0.000385s ]
NOTIC: [8192] mysql_connect(): The mysql extension is deprecated and will be removed in the future: use mysqli or PDO instead F:\anji\Core\Library\Think\Session\Driver\Db.class.php 第 95 行.
SQL: SHOW COLUMNS FROM `lj_user` [ RunTime:0.0237s ]
NOTIC: [8] Undefined variable: where F:\anji\WEB\Website\Controller\UserController.class.php 第 22 行.
SQL: SELECT `id`,`name`,`photo`,`nickname`,FROM_UNIXTIME(regtime,"%Y-%m-%d %H:%i") as rtime FROM `lj_user` ORDER BY id desc LIMIT 0,20   [ RunTime:0.0163s ]
NOTIC: [8] Undefined variable: where F:\anji\WEB\Website\Controller\UserController.class.php 第 23 行.
SQL: SELECT COUNT(*) AS tp_count FROM `lj_user` LIMIT 1   [ RunTime:0.0023s ]

[ 2018-06-17T11:09:27+08:00 ] 127.0.0.1 /index.php/Website/Orders/index
INFO: [ app_init ] --START--
INFO: Run Behavior\BuildLiteBehavior [ RunTime:0.000008s ]
INFO: [ app_init ] --END-- [ RunTime:0.000341s ]
INFO: [ app_begin ] --START--
INFO: Run Behavior\ReadHtmlCacheBehavior [ RunTime:0.000412s ]
INFO: [ app_begin ] --END-- [ RunTime:0.000443s ]
NOTIC: [8192] mysql_connect(): The mysql extension is deprecated and will be removed in the future: use mysqli or PDO instead F:\anji\Core\Library\Think\Session\Driver\Db.class.php 第 95 行.
NOTIC: [8] Use of undefined constant intval - assumed 'intval' F:\anji\WEB\Website\Controller\OrdersController.class.php 第 8 行.
NOTIC: [8] Undefined variable: msg F:\anji\WEB\Website\Controller\OrdersController.class.php 第 23 行.
ERR: 模板不存在:./WEB/Website/View/Orders_index.html

[ 2018-06-17T11:09:31+08:00 ] 127.0.0.1 /index.php/Website/Orders/tongji
INFO: [ app_init ] --START--
INFO: Run Behavior\BuildLiteBehavior [ RunTime:0.000013s ]
INFO: [ app_init ] --END-- [ RunTime:0.000331s ]
INFO: [ app_begin ] --START--
INFO: Run Behavior\ReadHtmlCacheBehavior [ RunTime:0.001482s ]
INFO: [ app_begin ] --END-- [ RunTime:0.001560s ]
NOTIC: [8192] mysql_connect(): The mysql extension is deprecated and will be removed in the future: use mysqli or PDO instead F:\anji\Core\Library\Think\Session\Driver\Db.class.php 第 95 行.
ERR: 非法操作:tongji

[ 2018-06-17T17:32:50+08:00 ] 127.0.0.1 /index.php/website
INFO: [ app_init ] --START--
INFO: Run Behavior\BuildLiteBehavior [ RunTime:0.000011s ]
INFO: [ app_init ] --END-- [ RunTime:0.001843s ]
INFO: [ app_begin ] --START--
INFO: Run Behavior\ReadHtmlCacheBehavior [ RunTime:0.001477s ]
INFO: [ app_begin ] --END-- [ RunTime:0.001573s ]
NOTIC: [8192] mysql_connect(): The mysql extension is deprecated and will be removed in the future: use mysqli or PDO instead F:\anji\Core\Library\Think\Session\Driver\Db.class.php 第 95 行.
INFO: [ view_parse ] --START--
INFO: [ template_filter ] --START--
INFO: Run Behavior\ContentReplaceBehavior [ RunTime:0.000942s ]
INFO: [ template_filter ] --END-- [ RunTime:0.001024s ]
NOTIC: [8] Undefined index: user F:\anji\WEB\Runtime\Cache\Website\ae74629993cfa41cc96b9b04cbd4e0ee.php 第 33 行.
NOTIC: [8] Undefined index: user F:\anji\WEB\Runtime\Cache\Website\ae74629993cfa41cc96b9b04cbd4e0ee.php 第 34 行.
INFO: Run Behavior\ParseTemplateBehavior [ RunTime:0.070004s ]
INFO: [ view_parse ] --END-- [ RunTime:0.070107s ]
INFO: [ view_filter ] --START--
INFO: Run Behavior\WriteHtmlCacheBehavior [ RunTime:0.000905s ]
INFO: [ view_filter ] --END-- [ RunTime:0.000963s ]
INFO: [ app_end ] --START--
INFO: Run Behavior\ShowPageTraceBehavior [ RunTime:0.001299s ]
INFO: [ app_end ] --END-- [ RunTime:0.001369s ]

[ 2018-06-17T17:32:52+08:00 ] 127.0.0.1 /index.php/Website/Index/welcom
INFO: [ app_init ] --START--
INFO: Run Behavior\BuildLiteBehavior [ RunTime:0.000008s ]
INFO: [ app_init ] --END-- [ RunTime:0.000338s ]
INFO: [ app_begin ] --START--
INFO: Run Behavior\ReadHtmlCacheBehavior [ RunTime:0.000556s ]
INFO: [ app_begin ] --END-- [ RunTime:0.000599s ]
NOTIC: [8192] mysql_connect(): The mysql extension is deprecated and will be removed in the future: use mysqli or PDO instead F:\anji\Core\Library\Think\Session\Driver\Db.class.php 第 95 行.
INFO: [ view_parse ] --START--
INFO: [ template_filter ] --START--
INFO: Run Behavior\ContentReplaceBehavior [ RunTime:0.000062s ]
INFO: [ template_filter ] --END-- [ RunTime:0.000137s ]
INFO: Run Behavior\ParseTemplateBehavior [ RunTime:0.038152s ]
INFO: [ view_parse ] --END-- [ RunTime:0.038192s ]
INFO: [ view_filter ] --START--
INFO: Run Behavior\WriteHtmlCacheBehavior [ RunTime:0.000252s ]
INFO: [ view_filter ] --END-- [ RunTime:0.000273s ]
INFO: [ app_end ] --START--
INFO: Run Behavior\ShowPageTraceBehavior [ RunTime:0.000335s ]
INFO: [ app_end ] --END-- [ RunTime:0.000368s ]

[ 2018-06-17T17:32:57+08:00 ] 127.0.0.1 /index.php/Website/Orders/xianx
INFO: [ app_init ] --START--
INFO: Run Behavior\BuildLiteBehavior [ RunTime:0.000007s ]
INFO: [ app_init ] --END-- [ RunTime:0.000340s ]
INFO: [ app_begin ] --START--
INFO: Run Behavior\ReadHtmlCacheBehavior [ RunTime:0.000412s ]
INFO: [ app_begin ] --END-- [ RunTime:0.000444s ]
NOTIC: [8192] mysql_connect(): The mysql extension is deprecated and will be removed in the future: use mysqli or PDO instead F:\anji\Core\Library\Think\Session\Driver\Db.class.php 第 95 行.
INFO: [ view_parse ] --START--
INFO: [ template_filter ] --START--
INFO: Run Behavior\ContentReplaceBehavior [ RunTime:0.000150s ]
INFO: [ template_filter ] --END-- [ RunTime:0.000261s ]
INFO: Run Behavior\ParseTemplateBehavior [ RunTime:0.021759s ]
INFO: [ view_parse ] --END-- [ RunTime:0.021857s ]
INFO: [ view_filter ] --START--
INFO: Run Behavior\WriteHtmlCacheBehavior [ RunTime:0.000613s ]
INFO: [ view_filter ] --END-- [ RunTime:0.000665s ]
INFO: [ app_end ] --START--
INFO: Run Behavior\ShowPageTraceBehavior [ RunTime:0.000915s ]
INFO: [ app_end ] --END-- [ RunTime:0.000969s ]

[ 2018-06-17T17:32:59+08:00 ] 127.0.0.1 /index.php/Website/Orders/fpage/id/1?sEcho=1&iColumns=7&sColumns=%2C%2C%2C%2C%2C%2C&iDisplayStart=0&iDisplayLength=20&mDataProp_0=ordernum&sSearch_0=&bRegex_0=false&bSearchable_0=true&bSortable_0=true&mDataProp_1=title&sSearch_1=&bRegex_1=false&bSearchable_1=true&bSortable_1=false&mDataProp_2=num&sSearch_2=&bRegex_2=false&bSearchable_2=true&bSortable_2=false&mDataProp_3=money&sSearch_3=&bRegex_3=false&bSearchable_3=true&bSortable_3=true&mDataProp_4=times&sSearch_4=&bRegex_4=false&bSearchable_4=true&bSortable_4=true&mDataProp_5=zt&sSearch_5=&bRegex_5=false&bSearchable_5=true&bSortable_5=false&mDataProp_6=id&sSearch_6=&bRegex_6=false&bSearchable_6=true&bSortable_6=false&iSortCol_0=0&sSortDir_0=desc&sSearch=&bRegex=false&iSortingCols=1&_=1529227977151
INFO: [ app_init ] --START--
INFO: Run Behavior\BuildLiteBehavior [ RunTime:0.000007s ]
INFO: [ app_init ] --END-- [ RunTime:0.000279s ]
INFO: [ app_begin ] --START--
INFO: Run Behavior\ReadHtmlCacheBehavior [ RunTime:0.000682s ]
INFO: [ app_begin ] --END-- [ RunTime:0.000744s ]
NOTIC: [8192] mysql_connect(): The mysql extension is deprecated and will be removed in the future: use mysqli or PDO instead F:\anji\Core\Library\Think\Session\Driver\Db.class.php 第 95 行.
NOTIC: [8] Use of undefined constant intval - assumed 'intval' F:\anji\WEB\Website\Controller\OrdersController.class.php 第 12 行.
SQL: SHOW COLUMNS FROM `lj_orders` [ RunTime:0.0429s ]
SQL: SELECT `id`,`title`,`ordernum`,`num`,`money`,`zt`,FROM_UNIXTIME(ordtime,"%Y-%m-%d %H:%i") as times FROM `lj_orders` WHERE `uid` <> '' ORDER BY ordernum desc LIMIT 0,20   [ RunTime:0.0016s ]
SQL: SELECT COUNT(*) AS tp_count FROM `lj_orders` WHERE `uid` <> '' LIMIT 1   [ RunTime:0.0010s ]

[ 2018-06-17T18:13:59+08:00 ] 127.0.0.1 /index.php/Website/After/addt
INFO: [ app_init ] --START--
INFO: Run Behavior\BuildLiteBehavior [ RunTime:0.000009s ]
INFO: [ app_init ] --END-- [ RunTime:0.000377s ]
INFO: [ app_begin ] --START--
INFO: Run Behavior\ReadHtmlCacheBehavior [ RunTime:0.000454s ]
INFO: [ app_begin ] --END-- [ RunTime:0.000492s ]
NOTIC: [8192] mysql_connect(): The mysql extension is deprecated and will be removed in the future: use mysqli or PDO instead F:\anji\Core\Library\Think\Session\Driver\Db.class.php 第 95 行.
INFO: [ view_parse ] --START--
INFO: [ template_filter ] --START--
INFO: Run Behavior\ContentReplaceBehavior [ RunTime:0.000188s ]
INFO: [ template_filter ] --END-- [ RunTime:0.000299s ]
NOTIC: [8] Undefined variable: v F:\anji\WEB\Runtime\Cache\Website\c0e31d31af08f8529146b7fbfe38e7c9.php 第 32 行.
NOTIC: [8] Undefined variable: v F:\anji\WEB\Runtime\Cache\Website\c0e31d31af08f8529146b7fbfe38e7c9.php 第 39 行.
NOTIC: [8] Undefined variable: v F:\anji\WEB\Runtime\Cache\Website\c0e31d31af08f8529146b7fbfe38e7c9.php 第 49 行.
NOTIC: [8] Undefined variable: v F:\anji\WEB\Runtime\Cache\Website\c0e31d31af08f8529146b7fbfe38e7c9.php 第 50 行.
NOTIC: [8] Undefined variable: v F:\anji\WEB\Runtime\Cache\Website\c0e31d31af08f8529146b7fbfe38e7c9.php 第 66 行.
NOTIC: [8] Undefined variable: v F:\anji\WEB\Runtime\Cache\Website\c0e31d31af08f8529146b7fbfe38e7c9.php 第 67 行.
INFO: Run Behavior\ParseTemplateBehavior [ RunTime:0.071173s ]
INFO: [ view_parse ] --END-- [ RunTime:0.071269s ]
INFO: [ view_filter ] --START--
INFO: Run Behavior\WriteHtmlCacheBehavior [ RunTime:0.000696s ]
INFO: [ view_filter ] --END-- [ RunTime:0.000741s ]
INFO: [ app_end ] --START--
INFO: Run Behavior\ShowPageTraceBehavior [ RunTime:0.000800s ]
INFO: [ app_end ] --END-- [ RunTime:0.000850s ]

[ 2018-06-17T18:14:14+08:00 ] 127.0.0.1 /index.php/website
INFO: [ app_init ] --START--
INFO: Run Behavior\BuildLiteBehavior [ RunTime:0.000008s ]
INFO: [ app_init ] --END-- [ RunTime:0.000328s ]
INFO: [ app_begin ] --START--
INFO: Run Behavior\ReadHtmlCacheBehavior [ RunTime:0.000677s ]
INFO: [ app_begin ] --END-- [ RunTime:0.000791s ]
NOTIC: [8192] mysql_connect(): The mysql extension is deprecated and will be removed in the future: use mysqli or PDO instead F:\anji\Core\Library\Think\Session\Driver\Db.class.php 第 95 行.
INFO: [ view_parse ] --START--
INFO: [ template_filter ] --START--
INFO: Run Behavior\ContentReplaceBehavior [ RunTime:0.000339s ]
INFO: [ template_filter ] --END-- [ RunTime:0.000441s ]
NOTIC: [8] Undefined index: user F:\anji\WEB\Runtime\Cache\Website\ae74629993cfa41cc96b9b04cbd4e0ee.php 第 33 行.
NOTIC: [8] Undefined index: user F:\anji\WEB\Runtime\Cache\Website\ae74629993cfa41cc96b9b04cbd4e0ee.php 第 34 行.
INFO: Run Behavior\ParseTemplateBehavior [ RunTime:0.035768s ]
INFO: [ view_parse ] --END-- [ RunTime:0.035874s ]
INFO: [ view_filter ] --START--
INFO: Run Behavior\WriteHtmlCacheBehavior [ RunTime:0.000781s ]
INFO: [ view_filter ] --END-- [ RunTime:0.000848s ]
INFO: [ app_end ] --START--
INFO: Run Behavior\ShowPageTraceBehavior [ RunTime:0.001293s ]
INFO: [ app_end ] --END-- [ RunTime:0.001385s ]

[ 2018-06-17T18:14:15+08:00 ] 127.0.0.1 /index.php/Website/Index/welcom
INFO: [ app_init ] --START--
INFO: Run Behavior\BuildLiteBehavior [ RunTime:0.000007s ]
INFO: [ app_init ] --END-- [ RunTime:0.000325s ]
INFO: [ app_begin ] --START--
INFO: Run Behavior\ReadHtmlCacheBehavior [ RunTime:0.000379s ]
INFO: [ app_begin ] --END-- [ RunTime:0.000408s ]
NOTIC: [8192] mysql_connect(): The mysql extension is deprecated and will be removed in the future: use mysqli or PDO instead F:\anji\Core\Library\Think\Session\Driver\Db.class.php 第 95 行.
INFO: [ view_parse ] --START--
INFO: [ template_filter ] --START--
INFO: Run Behavior\ContentReplaceBehavior [ RunTime:0.000072s ]
INFO: [ template_filter ] --END-- [ RunTime:0.000140s ]
INFO: Run Behavior\ParseTemplateBehavior [ RunTime:0.014225s ]
INFO: [ view_parse ] --END-- [ RunTime:0.014354s ]
INFO: [ view_filter ] --START--
INFO: Run Behavior\WriteHtmlCacheBehavior [ RunTime:0.000608s ]
INFO: [ view_filter ] --END-- [ RunTime:0.000666s ]
INFO: [ app_end ] --START--
INFO: Run Behavior\ShowPageTraceBehavior [ RunTime:0.001140s ]
INFO: [ app_end ] --END-- [ RunTime:0.001211s ]

[ 2018-06-17T18:14:47+08:00 ] 127.0.0.1 /index.php/Website/Orders/xianx
INFO: [ app_init ] --START--
INFO: Run Behavior\BuildLiteBehavior [ RunTime:0.000008s ]
INFO: [ app_init ] --END-- [ RunTime:0.000311s ]
INFO: [ app_begin ] --START--
INFO: Run Behavior\ReadHtmlCacheBehavior [ RunTime:0.000378s ]
INFO: [ app_begin ] --END-- [ RunTime:0.000407s ]
NOTIC: [8192] mysql_connect(): The mysql extension is deprecated and will be removed in the future: use mysqli or PDO instead F:\anji\Core\Library\Think\Session\Driver\Db.class.php 第 95 行.
INFO: [ view_parse ] --START--
INFO: [ template_filter ] --START--
INFO: Run Behavior\ContentReplaceBehavior [ RunTime:0.000092s ]
INFO: [ template_filter ] --END-- [ RunTime:0.000158s ]
INFO: Run Behavior\ParseTemplateBehavior [ RunTime:0.016756s ]
INFO: [ view_parse ] --END-- [ RunTime:0.016866s ]
INFO: [ view_filter ] --START--
INFO: Run Behavior\WriteHtmlCacheBehavior [ RunTime:0.000652s ]
INFO: [ view_filter ] --END-- [ RunTime:0.000706s ]
INFO: [ app_end ] --START--
INFO: Run Behavior\ShowPageTraceBehavior [ RunTime:0.000992s ]
INFO: [ app_end ] --END-- [ RunTime:0.001052s ]

[ 2018-06-17T18:14:49+08:00 ] 127.0.0.1 /index.php/Website/Orders/fpage?sEcho=1&iColumns=7&sColumns=%2C%2C%2C%2C%2C%2C&iDisplayStart=0&iDisplayLength=20&mDataProp_0=ordernum&sSearch_0=&bRegex_0=false&bSearchable_0=true&bSortable_0=true&mDataProp_1=title&sSearch_1=&bRegex_1=false&bSearchable_1=true&bSortable_1=false&mDataProp_2=num&sSearch_2=&bRegex_2=false&bSearchable_2=true&bSortable_2=false&mDataProp_3=money&sSearch_3=&bRegex_3=false&bSearchable_3=true&bSortable_3=true&mDataProp_4=times&sSearch_4=&bRegex_4=false&bSearchable_4=true&bSortable_4=true&mDataProp_5=zt&sSearch_5=&bRegex_5=false&bSearchable_5=true&bSortable_5=false&mDataProp_6=id&sSearch_6=&bRegex_6=false&bSearchable_6=true&bSortable_6=false&iSortCol_0=0&sSortDir_0=desc&sSearch=&bRegex=false&iSortingCols=1&_=1529230487682
INFO: [ app_init ] --START--
INFO: Run Behavior\BuildLiteBehavior [ RunTime:0.000009s ]
INFO: [ app_init ] --END-- [ RunTime:0.000276s ]
INFO: [ app_begin ] --START--
INFO: Run Behavior\ReadHtmlCacheBehavior [ RunTime:0.000369s ]
INFO: [ app_begin ] --END-- [ RunTime:0.000414s ]
NOTIC: [8192] mysql_connect(): The mysql extension is deprecated and will be removed in the future: use mysqli or PDO instead F:\anji\Core\Library\Think\Session\Driver\Db.class.php 第 95 行.
NOTIC: [8] Use of undefined constant intval - assumed 'intval' F:\anji\WEB\Website\Controller\OrdersController.class.php 第 12 行.
SQL: SHOW COLUMNS FROM `lj_orders` [ RunTime:0.0091s ]
SQL: SELECT `id`,`title`,`ordernum`,`num`,`money`,`zt`,FROM_UNIXTIME(ordtime,"%Y-%m-%d %H:%i") as times FROM `lj_orders` WHERE `uid` = '' ORDER BY ordernum desc LIMIT 0,20   [ RunTime:0.0009s ]
SQL: SELECT COUNT(*) AS tp_count FROM `lj_orders` WHERE `uid` = '' LIMIT 1   [ RunTime:0.0008s ]

[ 2018-06-17T18:14:53+08:00 ] 127.0.0.1 /index.php/Website/Orders/add
INFO: [ app_init ] --START--
INFO: Run Behavior\BuildLiteBehavior [ RunTime:0.000008s ]
INFO: [ app_init ] --END-- [ RunTime:0.000271s ]
INFO: [ app_begin ] --START--
INFO: Run Behavior\ReadHtmlCacheBehavior [ RunTime:0.001267s ]
INFO: [ app_begin ] --END-- [ RunTime:0.001343s ]
NOTIC: [8192] mysql_connect(): The mysql extension is deprecated and will be removed in the future: use mysqli or PDO instead F:\anji\Core\Library\Think\Session\Driver\Db.class.php 第 95 行.
INFO: [ view_parse ] --START--
INFO: [ template_filter ] --START--
INFO: Run Behavior\ContentReplaceBehavior [ RunTime:0.000140s ]
INFO: [ template_filter ] --END-- [ RunTime:0.000213s ]
NOTIC: [8] Undefined variable: orders F:\anji\WEB\Runtime\Cache\Website\4933d71a43ae6a60bf51db52c202fe38.php 第 29 行.
NOTIC: [8] Undefined variable: orders F:\anji\WEB\Runtime\Cache\Website\4933d71a43ae6a60bf51db52c202fe38.php 第 39 行.
NOTIC: [8] Undefined variable: orders F:\anji\WEB\Runtime\Cache\Website\4933d71a43ae6a60bf51db52c202fe38.php 第 43 行.
NOTIC: [8] Undefined variable: orders F:\anji\WEB\Runtime\Cache\Website\4933d71a43ae6a60bf51db52c202fe38.php 第 51 行.
NOTIC: [8] Undefined variable: orders F:\anji\WEB\Runtime\Cache\Website\4933d71a43ae6a60bf51db52c202fe38.php 第 54 行.
NOTIC: [8] Undefined variable: orders F:\anji\WEB\Runtime\Cache\Website\4933d71a43ae6a60bf51db52c202fe38.php 第 57 行.
NOTIC: [8] Undefined variable: class F:\anji\WEB\Runtime\Cache\Website\4933d71a43ae6a60bf51db52c202fe38.php 第 63 行.
NOTIC: [8] Undefined variable: orders F:\anji\WEB\Runtime\Cache\Website\4933d71a43ae6a60bf51db52c202fe38.php 第 71 行.
NOTIC: [8] Undefined variable: orders F:\anji\WEB\Runtime\Cache\Website\4933d71a43ae6a60bf51db52c202fe38.php 第 75 行.
NOTIC: [8] Undefined variable: orders F:\anji\WEB\Runtime\Cache\Website\4933d71a43ae6a60bf51db52c202fe38.php 第 94 行.
NOTIC: [8] Undefined variable: orders F:\anji\WEB\Runtime\Cache\Website\4933d71a43ae6a60bf51db52c202fe38.php 第 101 行.
NOTIC: [8] Undefined variable: orders F:\anji\WEB\Runtime\Cache\Website\4933d71a43ae6a60bf51db52c202fe38.php 第 104 行.
NOTIC: [8] Undefined variable: orders F:\anji\WEB\Runtime\Cache\Website\4933d71a43ae6a60bf51db52c202fe38.php 第 107 行.
NOTIC: [8] Undefined variable: orders F:\anji\WEB\Runtime\Cache\Website\4933d71a43ae6a60bf51db52c202fe38.php 第 115 行.
NOTIC: [8] Undefined variable: orders F:\anji\WEB\Runtime\Cache\Website\4933d71a43ae6a60bf51db52c202fe38.php 第 120 行.
NOTIC: [8] Undefined variable: carnum F:\anji\WEB\Runtime\Cache\Website\4933d71a43ae6a60bf51db52c202fe38.php 第 129 行.
NOTIC: [8] Undefined variable: orders F:\anji\WEB\Runtime\Cache\Website\4933d71a43ae6a60bf51db52c202fe38.php 第 133 行.
NOTIC: [8] Undefined variable: orders F:\anji\WEB\Runtime\Cache\Website\4933d71a43ae6a60bf51db52c202fe38.php 第 139 行.
NOTIC: [8] Undefined variable: orders F:\anji\WEB\Runtime\Cache\Website\4933d71a43ae6a60bf51db52c202fe38.php 第 142 行.
INFO: Run Behavior\ParseTemplateBehavior [ RunTime:0.026198s ]
INFO: [ view_parse ] --END-- [ RunTime:0.026292s ]
INFO: [ view_filter ] --START--
INFO: Run Behavior\WriteHtmlCacheBehavior [ RunTime:0.000722s ]
INFO: [ view_filter ] --END-- [ RunTime:0.000787s ]
INFO: [ app_end ] --START--
INFO: Run Behavior\ShowPageTraceBehavior [ RunTime:0.001059s ]
INFO: [ app_end ] --END-- [ RunTime:0.001125s ]

[ 2018-06-17T18:16:35+08:00 ] 127.0.0.1 /index.php/website
INFO: [ app_init ] --START--
INFO: Run Behavior\BuildLiteBehavior [ RunTime:0.000017s ]
INFO: [ app_init ] --END-- [ RunTime:0.000774s ]
INFO: [ app_begin ] --START--
INFO: Run Behavior\ReadHtmlCacheBehavior [ RunTime:0.000751s ]
INFO: [ app_begin ] --END-- [ RunTime:0.000810s ]
NOTIC: [8192] mysql_connect(): The mysql extension is deprecated and will be removed in the future: use mysqli or PDO instead F:\anji\Core\Library\Think\Session\Driver\Db.class.php 第 95 行.
INFO: [ view_parse ] --START--
INFO: [ template_filter ] --START--
INFO: Run Behavior\ContentReplaceBehavior [ RunTime:0.000220s ]
INFO: [ template_filter ] --END-- [ RunTime:0.000300s ]
NOTIC: [8] Undefined index: user F:\anji\WEB\Runtime\Cache\Website\ae74629993cfa41cc96b9b04cbd4e0ee.php 第 33 行.
NOTIC: [8] Undefined index: user F:\anji\WEB\Runtime\Cache\Website\ae74629993cfa41cc96b9b04cbd4e0ee.php 第 34 行.
INFO: Run Behavior\ParseTemplateBehavior [ RunTime:0.032971s ]
INFO: [ view_parse ] --END-- [ RunTime:0.033081s ]
INFO: [ view_filter ] --START--
INFO: Run Behavior\WriteHtmlCacheBehavior [ RunTime:0.000809s ]
INFO: [ view_filter ] --END-- [ RunTime:0.000886s ]
INFO: [ app_end ] --START--
INFO: Run Behavior\ShowPageTraceBehavior [ RunTime:0.001202s ]
INFO: [ app_end ] --END-- [ RunTime:0.001287s ]

[ 2018-06-17T18:16:36+08:00 ] 127.0.0.1 /index.php/website
INFO: [ app_init ] --START--
INFO: Run Behavior\BuildLiteBehavior [ RunTime:0.000032s ]
INFO: [ app_init ] --END-- [ RunTime:0.001352s ]
INFO: [ app_begin ] --START--
INFO: Run Behavior\ReadHtmlCacheBehavior [ RunTime:0.001626s ]
INFO: [ app_begin ] --END-- [ RunTime:0.001778s ]
NOTIC: [8192] mysql_connect(): The mysql extension is deprecated and will be removed in the future: use mysqli or PDO instead F:\anji\Core\Library\Think\Session\Driver\Db.class.php 第 95 行.
INFO: [ view_parse ] --START--
INFO: [ template_filter ] --START--
INFO: Run Behavior\ContentReplaceBehavior [ RunTime:0.000355s ]
INFO: [ template_filter ] --END-- [ RunTime:0.000515s ]
NOTIC: [8] Undefined index: user F:\anji\WEB\Runtime\Cache\Website\ae74629993cfa41cc96b9b04cbd4e0ee.php 第 33 行.
NOTIC: [8] Undefined index: user F:\anji\WEB\Runtime\Cache\Website\ae74629993cfa41cc96b9b04cbd4e0ee.php 第 34 行.
INFO: Run Behavior\ParseTemplateBehavior [ RunTime:0.023123s ]
INFO: [ view_parse ] --END-- [ RunTime:0.023201s ]
INFO: [ view_filter ] --START--
INFO: Run Behavior\WriteHtmlCacheBehavior [ RunTime:0.000687s ]
INFO: [ view_filter ] --END-- [ RunTime:0.000747s ]
INFO: [ app_end ] --START--
INFO: Run Behavior\ShowPageTraceBehavior [ RunTime:0.001032s ]
INFO: [ app_end ] --END-- [ RunTime:0.001113s ]

[ 2018-06-17T18:16:37+08:00 ] 127.0.0.1 /index.php/Website/Index/welcom
INFO: [ app_init ] --START--
INFO: Run Behavior\BuildLiteBehavior [ RunTime:0.000021s ]
INFO: [ app_init ] --END-- [ RunTime:0.000360s ]
INFO: [ app_begin ] --START--
INFO: Run Behavior\ReadHtmlCacheBehavior [ RunTime:0.000335s ]
INFO: [ app_begin ] --END-- [ RunTime:0.000362s ]
NOTIC: [8192] mysql_connect(): The mysql extension is deprecated and will be removed in the future: use mysqli or PDO instead F:\anji\Core\Library\Think\Session\Driver\Db.class.php 第 95 行.
INFO: [ view_parse ] --START--
INFO: [ template_filter ] --START--
INFO: Run Behavior\ContentReplaceBehavior [ RunTime:0.000150s ]
INFO: [ template_filter ] --END-- [ RunTime:0.000287s ]
INFO: Run Behavior\ParseTemplateBehavior [ RunTime:0.023287s ]
INFO: [ view_parse ] --END-- [ RunTime:0.023596s ]
INFO: [ view_filter ] --START--
INFO: Run Behavior\WriteHtmlCacheBehavior [ RunTime:0.001216s ]
INFO: [ view_filter ] --END-- [ RunTime:0.001342s ]
INFO: [ app_end ] --START--
INFO: Run Behavior\ShowPageTraceBehavior [ RunTime:0.001796s ]
INFO: [ app_end ] --END-- [ RunTime:0.001913s ]

[ 2018-06-17T18:16:43+08:00 ] 127.0.0.1 /index.php/Website/Orders/xianx
INFO: [ app_init ] --START--
INFO: Run Behavior\BuildLiteBehavior [ RunTime:0.000008s ]
INFO: [ app_init ] --END-- [ RunTime:0.000312s ]
INFO: [ app_begin ] --START--
INFO: Run Behavior\ReadHtmlCacheBehavior [ RunTime:0.000402s ]
INFO: [ app_begin ] --END-- [ RunTime:0.000436s ]
NOTIC: [8192] mysql_connect(): The mysql extension is deprecated and will be removed in the future: use mysqli or PDO instead F:\anji\Core\Library\Think\Session\Driver\Db.class.php 第 95 行.
INFO: [ view_parse ] --START--
INFO: [ template_filter ] --START--
INFO: Run Behavior\ContentReplaceBehavior [ RunTime:0.000095s ]
INFO: [ template_filter ] --END-- [ RunTime:0.000161s ]
INFO: Run Behavior\ParseTemplateBehavior [ RunTime:0.014494s ]
INFO: [ view_parse ] --END-- [ RunTime:0.014601s ]
INFO: [ view_filter ] --START--
INFO: Run Behavior\WriteHtmlCacheBehavior [ RunTime:0.000681s ]
INFO: [ view_filter ] --END-- [ RunTime:0.000741s ]
INFO: [ app_end ] --START--
INFO: Run Behavior\ShowPageTraceBehavior [ RunTime:0.000991s ]
INFO: [ app_end ] --END-- [ RunTime:0.001053s ]

[ 2018-06-17T18:16:46+08:00 ] 127.0.0.1 /index.php/Website/Orders/fpage?sEcho=1&iColumns=7&sColumns=%2C%2C%2C%2C%2C%2C&iDisplayStart=0&iDisplayLength=20&mDataProp_0=ordernum&sSearch_0=&bRegex_0=false&bSearchable_0=true&bSortable_0=true&mDataProp_1=title&sSearch_1=&bRegex_1=false&bSearchable_1=true&bSortable_1=false&mDataProp_2=num&sSearch_2=&bRegex_2=false&bSearchable_2=true&bSortable_2=false&mDataProp_3=money&sSearch_3=&bRegex_3=false&bSearchable_3=true&bSortable_3=true&mDataProp_4=times&sSearch_4=&bRegex_4=false&bSearchable_4=true&bSortable_4=true&mDataProp_5=zt&sSearch_5=&bRegex_5=false&bSearchable_5=true&bSortable_5=false&mDataProp_6=id&sSearch_6=&bRegex_6=false&bSearchable_6=true&bSortable_6=false&iSortCol_0=0&sSortDir_0=desc&sSearch=&bRegex=false&iSortingCols=1&_=1529230604004
INFO: [ app_init ] --START--
INFO: Run Behavior\BuildLiteBehavior [ RunTime:0.000008s ]
INFO: [ app_init ] --END-- [ RunTime:0.000415s ]
INFO: [ app_begin ] --START--
INFO: Run Behavior\ReadHtmlCacheBehavior [ RunTime:0.000390s ]
INFO: [ app_begin ] --END-- [ RunTime:0.000422s ]
NOTIC: [8192] mysql_connect(): The mysql extension is deprecated and will be removed in the future: use mysqli or PDO instead F:\anji\Core\Library\Think\Session\Driver\Db.class.php 第 95 行.
NOTIC: [8] Use of undefined constant intval - assumed 'intval' F:\anji\WEB\Website\Controller\OrdersController.class.php 第 12 行.
SQL: SHOW COLUMNS FROM `lj_orders` [ RunTime:0.0049s ]
SQL: SELECT `id`,`title`,`ordernum`,`num`,`money`,`zt`,FROM_UNIXTIME(ordtime,"%Y-%m-%d %H:%i") as times FROM `lj_orders` WHERE `uid` = '' ORDER BY ordernum desc LIMIT 0,20   [ RunTime:0.0003s ]
SQL: SELECT COUNT(*) AS tp_count FROM `lj_orders` WHERE `uid` = '' LIMIT 1   [ RunTime:0.0002s ]

[ 2018-06-17T18:16:48+08:00 ] 127.0.0.1 /index.php/Website/Orders/add
INFO: [ app_init ] --START--
INFO: Run Behavior\BuildLiteBehavior [ RunTime:0.000007s ]
INFO: [ app_init ] --END-- [ RunTime:0.000301s ]
INFO: [ app_begin ] --START--
INFO: Run Behavior\ReadHtmlCacheBehavior [ RunTime:0.000414s ]
INFO: [ app_begin ] --END-- [ RunTime:0.000445s ]
NOTIC: [8192] mysql_connect(): The mysql extension is deprecated and will be removed in the future: use mysqli or PDO instead F:\anji\Core\Library\Think\Session\Driver\Db.class.php 第 95 行.
INFO: [ view_parse ] --START--
INFO: [ template_filter ] --START--
INFO: Run Behavior\ContentReplaceBehavior [ RunTime:0.000226s ]
INFO: [ template_filter ] --END-- [ RunTime:0.000336s ]
NOTIC: [8] Undefined variable: orders F:\anji\WEB\Runtime\Cache\Website\4933d71a43ae6a60bf51db52c202fe38.php 第 29 行.
NOTIC: [8] Undefined variable: orders F:\anji\WEB\Runtime\Cache\Website\4933d71a43ae6a60bf51db52c202fe38.php 第 39 行.
NOTIC: [8] Undefined variable: orders F:\anji\WEB\Runtime\Cache\Website\4933d71a43ae6a60bf51db52c202fe38.php 第 43 行.
NOTIC: [8] Undefined variable: orders F:\anji\WEB\Runtime\Cache\Website\4933d71a43ae6a60bf51db52c202fe38.php 第 51 行.
NOTIC: [8] Undefined variable: orders F:\anji\WEB\Runtime\Cache\Website\4933d71a43ae6a60bf51db52c202fe38.php 第 53 行.
NOTIC: [8] Undefined variable: orders F:\anji\WEB\Runtime\Cache\Website\4933d71a43ae6a60bf51db52c202fe38.php 第 55 行.
NOTIC: [8] Undefined variable: class F:\anji\WEB\Runtime\Cache\Website\4933d71a43ae6a60bf51db52c202fe38.php 第 60 行.
NOTIC: [8] Undefined variable: orders F:\anji\WEB\Runtime\Cache\Website\4933d71a43ae6a60bf51db52c202fe38.php 第 68 行.
NOTIC: [8] Undefined variable: orders F:\anji\WEB\Runtime\Cache\Website\4933d71a43ae6a60bf51db52c202fe38.php 第 72 行.
NOTIC: [8] Undefined variable: orders F:\anji\WEB\Runtime\Cache\Website\4933d71a43ae6a60bf51db52c202fe38.php 第 91 行.
NOTIC: [8] Undefined variable: orders F:\anji\WEB\Runtime\Cache\Website\4933d71a43ae6a60bf51db52c202fe38.php 第 98 行.
NOTIC: [8] Undefined variable: orders F:\anji\WEB\Runtime\Cache\Website\4933d71a43ae6a60bf51db52c202fe38.php 第 100 行.
NOTIC: [8] Undefined variable: orders F:\anji\WEB\Runtime\Cache\Website\4933d71a43ae6a60bf51db52c202fe38.php 第 102 行.
NOTIC: [8] Undefined variable: orders F:\anji\WEB\Runtime\Cache\Website\4933d71a43ae6a60bf51db52c202fe38.php 第 109 行.
NOTIC: [8] Undefined variable: orders F:\anji\WEB\Runtime\Cache\Website\4933d71a43ae6a60bf51db52c202fe38.php 第 114 行.
NOTIC: [8] Undefined variable: carnum F:\anji\WEB\Runtime\Cache\Website\4933d71a43ae6a60bf51db52c202fe38.php 第 123 行.
NOTIC: [8] Undefined variable: orders F:\anji\WEB\Runtime\Cache\Website\4933d71a43ae6a60bf51db52c202fe38.php 第 127 行.
NOTIC: [8] Undefined variable: orders F:\anji\WEB\Runtime\Cache\Website\4933d71a43ae6a60bf51db52c202fe38.php 第 133 行.
NOTIC: [8] Undefined variable: orders F:\anji\WEB\Runtime\Cache\Website\4933d71a43ae6a60bf51db52c202fe38.php 第 136 行.
INFO: Run Behavior\ParseTemplateBehavior [ RunTime:0.032600s ]
INFO: [ view_parse ] --END-- [ RunTime:0.032713s ]
INFO: [ view_filter ] --START--
INFO: Run Behavior\WriteHtmlCacheBehavior [ RunTime:0.001145s ]
INFO: [ view_filter ] --END-- [ RunTime:0.001305s ]
INFO: [ app_end ] --START--
INFO: Run Behavior\ShowPageTraceBehavior [ RunTime:0.000979s ]
INFO: [ app_end ] --END-- [ RunTime:0.001041s ]

[ 2018-06-17T18:19:52+08:00 ] 127.0.0.1 /index.php/website
INFO: [ app_init ] --START--
INFO: Run Behavior\BuildLiteBehavior [ RunTime:0.000008s ]
INFO: [ app_init ] --END-- [ RunTime:0.000355s ]
INFO: [ app_begin ] --START--
INFO: Run Behavior\ReadHtmlCacheBehavior [ RunTime:0.000361s ]
INFO: [ app_begin ] --END-- [ RunTime:0.000391s ]
NOTIC: [8192] mysql_connect(): The mysql extension is deprecated and will be removed in the future: use mysqli or PDO instead F:\anji\Core\Library\Think\Session\Driver\Db.class.php 第 95 行.
INFO: [ view_parse ] --START--
INFO: [ template_filter ] --START--
INFO: Run Behavior\ContentReplaceBehavior [ RunTime:0.000166s ]
INFO: [ template_filter ] --END-- [ RunTime:0.000228s ]
NOTIC: [8] Undefined index: user F:\anji\WEB\Runtime\Cache\Website\ae74629993cfa41cc96b9b04cbd4e0ee.php 第 33 行.
NOTIC: [8] Undefined index: user F:\anji\WEB\Runtime\Cache\Website\ae74629993cfa41cc96b9b04cbd4e0ee.php 第 34 行.
INFO: Run Behavior\ParseTemplateBehavior [ RunTime:0.030283s ]
INFO: [ view_parse ] --END-- [ RunTime:0.030376s ]
INFO: [ view_filter ] --START--
INFO: Run Behavior\WriteHtmlCacheBehavior [ RunTime:0.000645s ]
INFO: [ view_filter ] --END-- [ RunTime:0.000694s ]
INFO: [ app_end ] --START--
INFO: Run Behavior\ShowPageTraceBehavior [ RunTime:0.000883s ]
INFO: [ app_end ] --END-- [ RunTime:0.000950s ]

[ 2018-06-17T18:19:53+08:00 ] 127.0.0.1 /index.php/Website/Index/welcom
INFO: [ app_init ] --START--
INFO: Run Behavior\BuildLiteBehavior [ RunTime:0.000008s ]
INFO: [ app_init ] --END-- [ RunTime:0.000415s ]
INFO: [ app_begin ] --START--
INFO: Run Behavior\ReadHtmlCacheBehavior [ RunTime:0.000385s ]
INFO: [ app_begin ] --END-- [ RunTime:0.000415s ]
NOTIC: [8192] mysql_connect(): The mysql extension is deprecated and will be removed in the future: use mysqli or PDO instead F:\anji\Core\Library\Think\Session\Driver\Db.class.php 第 95 行.
INFO: [ view_parse ] --START--
INFO: [ template_filter ] --START--
INFO: Run Behavior\ContentReplaceBehavior [ RunTime:0.000147s ]
INFO: [ template_filter ] --END-- [ RunTime:0.000281s ]
INFO: Run Behavior\ParseTemplateBehavior [ RunTime:0.024517s ]
INFO: [ view_parse ] --END-- [ RunTime:0.024679s ]
INFO: [ view_filter ] --START--
INFO: Run Behavior\WriteHtmlCacheBehavior [ RunTime:0.001099s ]
INFO: [ view_filter ] --END-- [ RunTime:0.001201s ]
INFO: [ app_end ] --START--
INFO: Run Behavior\ShowPageTraceBehavior [ RunTime:0.001705s ]
INFO: [ app_end ] --END-- [ RunTime:0.001807s ]

[ 2018-06-17T18:19:59+08:00 ] 127.0.0.1 /index.php/Website/Orders/xianx
INFO: [ app_init ] --START--
INFO: Run Behavior\BuildLiteBehavior [ RunTime:0.000008s ]
INFO: [ app_init ] --END-- [ RunTime:0.000312s ]
INFO: [ app_begin ] --START--
INFO: Run Behavior\ReadHtmlCacheBehavior [ RunTime:0.000363s ]
INFO: [ app_begin ] --END-- [ RunTime:0.000393s ]
NOTIC: [8192] mysql_connect(): The mysql extension is deprecated and will be removed in the future: use mysqli or PDO instead F:\anji\Core\Library\Think\Session\Driver\Db.class.php 第 95 行.
INFO: [ view_parse ] --START--
INFO: [ template_filter ] --START--
INFO: Run Behavior\ContentReplaceBehavior [ RunTime:0.000153s ]
INFO: [ template_filter ] --END-- [ RunTime:0.000271s ]
INFO: Run Behavior\ParseTemplateBehavior [ RunTime:0.020938s ]
INFO: [ view_parse ] --END-- [ RunTime:0.021039s ]
INFO: [ view_filter ] --START--
INFO: Run Behavior\WriteHtmlCacheBehavior [ RunTime:0.000573s ]
INFO: [ view_filter ] --END-- [ RunTime:0.000629s ]
INFO: [ app_end ] --START--
INFO: Run Behavior\ShowPageTraceBehavior [ RunTime:0.000817s ]
INFO: [ app_end ] --END-- [ RunTime:0.000866s ]

[ 2018-06-17T18:20:01+08:00 ] 127.0.0.1 /index.php/Website/Orders/fpage?sEcho=1&iColumns=7&sColumns=%2C%2C%2C%2C%2C%2C&iDisplayStart=0&iDisplayLength=20&mDataProp_0=ordernum&sSearch_0=&bRegex_0=false&bSearchable_0=true&bSortable_0=true&mDataProp_1=title&sSearch_1=&bRegex_1=false&bSearchable_1=true&bSortable_1=false&mDataProp_2=num&sSearch_2=&bRegex_2=false&bSearchable_2=true&bSortable_2=false&mDataProp_3=money&sSearch_3=&bRegex_3=false&bSearchable_3=true&bSortable_3=true&mDataProp_4=times&sSearch_4=&bRegex_4=false&bSearchable_4=true&bSortable_4=true&mDataProp_5=zt&sSearch_5=&bRegex_5=false&bSearchable_5=true&bSortable_5=false&mDataProp_6=id&sSearch_6=&bRegex_6=false&bSearchable_6=true&bSortable_6=false&iSortCol_0=0&sSortDir_0=desc&sSearch=&bRegex=false&iSortingCols=1&_=1529230799778
INFO: [ app_init ] --START--
INFO: Run Behavior\BuildLiteBehavior [ RunTime:0.000032s ]
INFO: [ app_init ] --END-- [ RunTime:0.000950s ]
INFO: [ app_begin ] --START--
INFO: Run Behavior\ReadHtmlCacheBehavior [ RunTime:0.000487s ]
INFO: [ app_begin ] --END-- [ RunTime:0.000534s ]
NOTIC: [8192] mysql_connect(): The mysql extension is deprecated and will be removed in the future: use mysqli or PDO instead F:\anji\Core\Library\Think\Session\Driver\Db.class.php 第 95 行.
NOTIC: [8] Use of undefined constant intval - assumed 'intval' F:\anji\WEB\Website\Controller\OrdersController.class.php 第 12 行.
SQL: SHOW COLUMNS FROM `lj_orders` [ RunTime:0.0085s ]
SQL: SELECT `id`,`title`,`ordernum`,`num`,`money`,`zt`,FROM_UNIXTIME(ordtime,"%Y-%m-%d %H:%i") as times FROM `lj_orders` WHERE `uid` = '' ORDER BY ordernum desc LIMIT 0,20   [ RunTime:0.0005s ]
SQL: SELECT COUNT(*) AS tp_count FROM `lj_orders` WHERE `uid` = '' LIMIT 1   [ RunTime:0.0004s ]

[ 2018-06-17T18:20:03+08:00 ] 127.0.0.1 /index.php/Website/Orders/add
INFO: [ app_init ] --START--
INFO: Run Behavior\BuildLiteBehavior [ RunTime:0.000007s ]
INFO: [ app_init ] --END-- [ RunTime:0.000329s ]
INFO: [ app_begin ] --START--
INFO: Run Behavior\ReadHtmlCacheBehavior [ RunTime:0.000380s ]
INFO: [ app_begin ] --END-- [ RunTime:0.000411s ]
NOTIC: [8192] mysql_connect(): The mysql extension is deprecated and will be removed in the future: use mysqli or PDO instead F:\anji\Core\Library\Think\Session\Driver\Db.class.php 第 95 行.
INFO: [ view_parse ] --START--
INFO: [ template_filter ] --START--
INFO: Run Behavior\ContentReplaceBehavior [ RunTime:0.000046s ]
INFO: [ template_filter ] --END-- [ RunTime:0.000070s ]
NOTIC: [8] Undefined variable: orders F:\anji\WEB\Runtime\Cache\Website\4933d71a43ae6a60bf51db52c202fe38.php 第 29 行.
NOTIC: [8] Undefined variable: orders F:\anji\WEB\Runtime\Cache\Website\4933d71a43ae6a60bf51db52c202fe38.php 第 39 行.
NOTIC: [8] Undefined variable: orders F:\anji\WEB\Runtime\Cache\Website\4933d71a43ae6a60bf51db52c202fe38.php 第 43 行.
NOTIC: [8] Undefined variable: orders F:\anji\WEB\Runtime\Cache\Website\4933d71a43ae6a60bf51db52c202fe38.php 第 51 行.
NOTIC: [8] Undefined variable: orders F:\anji\WEB\Runtime\Cache\Website\4933d71a43ae6a60bf51db52c202fe38.php 第 53 行.
NOTIC: [8] Undefined variable: orders F:\anji\WEB\Runtime\Cache\Website\4933d71a43ae6a60bf51db52c202fe38.php 第 55 行.
NOTIC: [8] Undefined variable: class F:\anji\WEB\Runtime\Cache\Website\4933d71a43ae6a60bf51db52c202fe38.php 第 60 行.
NOTIC: [8] Undefined variable: orders F:\anji\WEB\Runtime\Cache\Website\4933d71a43ae6a60bf51db52c202fe38.php 第 68 行.
NOTIC: [8] Undefined variable: orders F:\anji\WEB\Runtime\Cache\Website\4933d71a43ae6a60bf51db52c202fe38.php 第 72 行.
NOTIC: [8] Undefined variable: orders F:\anji\WEB\Runtime\Cache\Website\4933d71a43ae6a60bf51db52c202fe38.php 第 91 行.
NOTIC: [8] Undefined variable: orders F:\anji\WEB\Runtime\Cache\Website\4933d71a43ae6a60bf51db52c202fe38.php 第 98 行.
NOTIC: [8] Undefined variable: orders F:\anji\WEB\Runtime\Cache\Website\4933d71a43ae6a60bf51db52c202fe38.php 第 100 行.
NOTIC: [8] Undefined variable: orders F:\anji\WEB\Runtime\Cache\Website\4933d71a43ae6a60bf51db52c202fe38.php 第 102 行.
NOTIC: [8] Undefined variable: orders F:\anji\WEB\Runtime\Cache\Website\4933d71a43ae6a60bf51db52c202fe38.php 第 110 行.
NOTIC: [8] Undefined variable: orders F:\anji\WEB\Runtime\Cache\Website\4933d71a43ae6a60bf51db52c202fe38.php 第 117 行.
NOTIC: [8] Undefined variable: carnum F:\anji\WEB\Runtime\Cache\Website\4933d71a43ae6a60bf51db52c202fe38.php 第 126 行.
NOTIC: [8] Undefined variable: orders F:\anji\WEB\Runtime\Cache\Website\4933d71a43ae6a60bf51db52c202fe38.php 第 130 行.
NOTIC: [8] Undefined variable: orders F:\anji\WEB\Runtime\Cache\Website\4933d71a43ae6a60bf51db52c202fe38.php 第 136 行.
NOTIC: [8] Undefined variable: orders F:\anji\WEB\Runtime\Cache\Website\4933d71a43ae6a60bf51db52c202fe38.php 第 139 行.
INFO: Run Behavior\ParseTemplateBehavior [ RunTime:0.007243s ]
INFO: [ view_parse ] --END-- [ RunTime:0.007268s ]
INFO: [ view_filter ] --START--
INFO: Run Behavior\WriteHtmlCacheBehavior [ RunTime:0.000269s ]
INFO: [ view_filter ] --END-- [ RunTime:0.000291s ]
INFO: [ app_end ] --START--
INFO: Run Behavior\ShowPageTraceBehavior [ RunTime:0.000413s ]
INFO: [ app_end ] --END-- [ RunTime:0.000435s ]

[ 2018-06-17T18:20:43+08:00 ] 127.0.0.1 /index.php/website
INFO: [ app_init ] --START--
INFO: Run Behavior\BuildLiteBehavior [ RunTime:0.000006s ]
INFO: [ app_init ] --END-- [ RunTime:0.000279s ]
INFO: [ app_begin ] --START--
INFO: Run Behavior\ReadHtmlCacheBehavior [ RunTime:0.000370s ]
INFO: [ app_begin ] --END-- [ RunTime:0.000399s ]
NOTIC: [8192] mysql_connect(): The mysql extension is deprecated and will be removed in the future: use mysqli or PDO instead F:\anji\Core\Library\Think\Session\Driver\Db.class.php 第 95 行.
INFO: [ view_parse ] --START--
INFO: [ template_filter ] --START--
INFO: Run Behavior\ContentReplaceBehavior [ RunTime:0.000158s ]
INFO: [ template_filter ] --END-- [ RunTime:0.000216s ]
NOTIC: [8] Undefined index: user F:\anji\WEB\Runtime\Cache\Website\ae74629993cfa41cc96b9b04cbd4e0ee.php 第 33 行.
NOTIC: [8] Undefined index: user F:\anji\WEB\Runtime\Cache\Website\ae74629993cfa41cc96b9b04cbd4e0ee.php 第 34 行.
INFO: Run Behavior\ParseTemplateBehavior [ RunTime:0.043137s ]
INFO: [ view_parse ] --END-- [ RunTime:0.043228s ]
INFO: [ view_filter ] --START--
INFO: Run Behavior\WriteHtmlCacheBehavior [ RunTime:0.000611s ]
INFO: [ view_filter ] --END-- [ RunTime:0.000657s ]
INFO: [ app_end ] --START--
INFO: Run Behavior\ShowPageTraceBehavior [ RunTime:0.000540s ]
INFO: [ app_end ] --END-- [ RunTime:0.000567s ]

[ 2018-06-17T18:20:44+08:00 ] 127.0.0.1 /index.php/Website/Index/welcom
INFO: [ app_init ] --START--
INFO: Run Behavior\BuildLiteBehavior [ RunTime:0.000007s ]
INFO: [ app_init ] --END-- [ RunTime:0.000338s ]
INFO: [ app_begin ] --START--
INFO: Run Behavior\ReadHtmlCacheBehavior [ RunTime:0.000398s ]
INFO: [ app_begin ] --END-- [ RunTime:0.000427s ]
NOTIC: [8192] mysql_connect(): The mysql extension is deprecated and will be removed in the future: use mysqli or PDO instead F:\anji\Core\Library\Think\Session\Driver\Db.class.php 第 95 行.
INFO: [ view_parse ] --START--
INFO: [ template_filter ] --START--
INFO: Run Behavior\ContentReplaceBehavior [ RunTime:0.000069s ]
INFO: [ template_filter ] --END-- [ RunTime:0.000137s ]
INFO: Run Behavior\ParseTemplateBehavior [ RunTime:0.024749s ]
INFO: [ view_parse ] --END-- [ RunTime:0.024924s ]
INFO: [ view_filter ] --START--
INFO: Run Behavior\WriteHtmlCacheBehavior [ RunTime:0.000591s ]
INFO: [ view_filter ] --END-- [ RunTime:0.000644s ]
INFO: [ app_end ] --START--
INFO: Run Behavior\ShowPageTraceBehavior [ RunTime:0.001079s ]
INFO: [ app_end ] --END-- [ RunTime:0.001141s ]

[ 2018-06-17T18:20:48+08:00 ] 127.0.0.1 /index.php/Website/Orders/xianx
INFO: [ app_init ] --START--
INFO: Run Behavior\BuildLiteBehavior [ RunTime:0.000008s ]
INFO: [ app_init ] --END-- [ RunTime:0.000310s ]
INFO: [ app_begin ] --START--
INFO: Run Behavior\ReadHtmlCacheBehavior [ RunTime:0.000373s ]
INFO: [ app_begin ] --END-- [ RunTime:0.000404s ]
NOTIC: [8192] mysql_connect(): The mysql extension is deprecated and will be removed in the future: use mysqli or PDO instead F:\anji\Core\Library\Think\Session\Driver\Db.class.php 第 95 行.
INFO: [ view_parse ] --START--
INFO: [ template_filter ] --START--
INFO: Run Behavior\ContentReplaceBehavior [ RunTime:0.000156s ]
INFO: [ template_filter ] --END-- [ RunTime:0.000273s ]
INFO: Run Behavior\ParseTemplateBehavior [ RunTime:0.021382s ]
INFO: [ view_parse ] --END-- [ RunTime:0.021526s ]
INFO: [ view_filter ] --START--
INFO: Run Behavior\WriteHtmlCacheBehavior [ RunTime:0.001173s ]
INFO: [ view_filter ] --END-- [ RunTime:0.001275s ]
INFO: [ app_end ] --START--
INFO: Run Behavior\ShowPageTraceBehavior [ RunTime:0.001824s ]
INFO: [ app_end ] --END-- [ RunTime:0.001930s ]

[ 2018-06-17T18:20:50+08:00 ] 127.0.0.1 /index.php/Website/Orders/fpage?sEcho=1&iColumns=7&sColumns=%2C%2C%2C%2C%2C%2C&iDisplayStart=0&iDisplayLength=20&mDataProp_0=ordernum&sSearch_0=&bRegex_0=false&bSearchable_0=true&bSortable_0=true&mDataProp_1=title&sSearch_1=&bRegex_1=false&bSearchable_1=true&bSortable_1=false&mDataProp_2=num&sSearch_2=&bRegex_2=false&bSearchable_2=true&bSortable_2=false&mDataProp_3=money&sSearch_3=&bRegex_3=false&bSearchable_3=true&bSortable_3=true&mDataProp_4=times&sSearch_4=&bRegex_4=false&bSearchable_4=true&bSortable_4=true&mDataProp_5=zt&sSearch_5=&bRegex_5=false&bSearchable_5=true&bSortable_5=false&mDataProp_6=id&sSearch_6=&bRegex_6=false&bSearchable_6=true&bSortable_6=false&iSortCol_0=0&sSortDir_0=desc&sSearch=&bRegex=false&iSortingCols=1&_=1529230848260
INFO: [ app_init ] --START--
INFO: Run Behavior\BuildLiteBehavior [ RunTime:0.000014s ]
INFO: [ app_init ] --END-- [ RunTime:0.001342s ]
INFO: [ app_begin ] --START--
INFO: Run Behavior\ReadHtmlCacheBehavior [ RunTime:0.000389s ]
INFO: [ app_begin ] --END-- [ RunTime:0.000423s ]
NOTIC: [8192] mysql_connect(): The mysql extension is deprecated and will be removed in the future: use mysqli or PDO instead F:\anji\Core\Library\Think\Session\Driver\Db.class.php 第 95 行.
NOTIC: [8] Use of undefined constant intval - assumed 'intval' F:\anji\WEB\Website\Controller\OrdersController.class.php 第 12 行.
SQL: SHOW COLUMNS FROM `lj_orders` [ RunTime:0.0175s ]
SQL: SELECT `id`,`title`,`ordernum`,`num`,`money`,`zt`,FROM_UNIXTIME(ordtime,"%Y-%m-%d %H:%i") as times FROM `lj_orders` WHERE `uid` = '' ORDER BY ordernum desc LIMIT 0,20   [ RunTime:0.0009s ]
SQL: SELECT COUNT(*) AS tp_count FROM `lj_orders` WHERE `uid` = '' LIMIT 1   [ RunTime:0.0007s ]

[ 2018-06-17T18:20:51+08:00 ] 127.0.0.1 /index.php/Website/Orders/add
INFO: [ app_init ] --START--
INFO: Run Behavior\BuildLiteBehavior [ RunTime:0.000033s ]
INFO: [ app_init ] --END-- [ RunTime:0.001324s ]
INFO: [ app_begin ] --START--
INFO: Run Behavior\ReadHtmlCacheBehavior [ RunTime:0.001686s ]
INFO: [ app_begin ] --END-- [ RunTime:0.001827s ]
NOTIC: [8192] mysql_connect(): The mysql extension is deprecated and will be removed in the future: use mysqli or PDO instead F:\anji\Core\Library\Think\Session\Driver\Db.class.php 第 95 行.
INFO: [ view_parse ] --START--
INFO: [ template_filter ] --START--
INFO: Run Behavior\ContentReplaceBehavior [ RunTime:0.000144s ]
INFO: [ template_filter ] --END-- [ RunTime:0.000218s ]
NOTIC: [8] Undefined variable: orders F:\anji\WEB\Runtime\Cache\Website\4933d71a43ae6a60bf51db52c202fe38.php 第 29 行.
NOTIC: [8] Undefined variable: orders F:\anji\WEB\Runtime\Cache\Website\4933d71a43ae6a60bf51db52c202fe38.php 第 39 行.
NOTIC: [8] Undefined variable: orders F:\anji\WEB\Runtime\Cache\Website\4933d71a43ae6a60bf51db52c202fe38.php 第 43 行.
NOTIC: [8] Undefined variable: orders F:\anji\WEB\Runtime\Cache\Website\4933d71a43ae6a60bf51db52c202fe38.php 第 51 行.
NOTIC: [8] Undefined variable: orders F:\anji\WEB\Runtime\Cache\Website\4933d71a43ae6a60bf51db52c202fe38.php 第 53 行.
NOTIC: [8] Undefined variable: orders F:\anji\WEB\Runtime\Cache\Website\4933d71a43ae6a60bf51db52c202fe38.php 第 55 行.
NOTIC: [8] Undefined variable: class F:\anji\WEB\Runtime\Cache\Website\4933d71a43ae6a60bf51db52c202fe38.php 第 60 行.
NOTIC: [8] Undefined variable: orders F:\anji\WEB\Runtime\Cache\Website\4933d71a43ae6a60bf51db52c202fe38.php 第 68 行.
NOTIC: [8] Undefined variable: orders F:\anji\WEB\Runtime\Cache\Website\4933d71a43ae6a60bf51db52c202fe38.php 第 72 行.
NOTIC: [8] Undefined variable: orders F:\anji\WEB\Runtime\Cache\Website\4933d71a43ae6a60bf51db52c202fe38.php 第 91 行.
NOTIC: [8] Undefined variable: orders F:\anji\WEB\Runtime\Cache\Website\4933d71a43ae6a60bf51db52c202fe38.php 第 98 行.
NOTIC: [8] Undefined variable: orders F:\anji\WEB\Runtime\Cache\Website\4933d71a43ae6a60bf51db52c202fe38.php 第 100 行.
NOTIC: [8] Undefined variable: orders F:\anji\WEB\Runtime\Cache\Website\4933d71a43ae6a60bf51db52c202fe38.php 第 102 行.
NOTIC: [8] Undefined variable: orders F:\anji\WEB\Runtime\Cache\Website\4933d71a43ae6a60bf51db52c202fe38.php 第 110 行.
NOTIC: [8] Undefined variable: orders F:\anji\WEB\Runtime\Cache\Website\4933d71a43ae6a60bf51db52c202fe38.php 第 117 行.
NOTIC: [8] Undefined variable: carnum F:\anji\WEB\Runtime\Cache\Website\4933d71a43ae6a60bf51db52c202fe38.php 第 126 行.
NOTIC: [8] Undefined variable: orders F:\anji\WEB\Runtime\Cache\Website\4933d71a43ae6a60bf51db52c202fe38.php 第 130 行.
NOTIC: [8] Undefined variable: orders F:\anji\WEB\Runtime\Cache\Website\4933d71a43ae6a60bf51db52c202fe38.php 第 136 行.
NOTIC: [8] Undefined variable: orders F:\anji\WEB\Runtime\Cache\Website\4933d71a43ae6a60bf51db52c202fe38.php 第 139 行.
INFO: Run Behavior\ParseTemplateBehavior [ RunTime:0.027414s ]
INFO: [ view_parse ] --END-- [ RunTime:0.027509s ]
INFO: [ view_filter ] --START--
INFO: Run Behavior\WriteHtmlCacheBehavior [ RunTime:0.000707s ]
INFO: [ view_filter ] --END-- [ RunTime:0.000775s ]
INFO: [ app_end ] --START--
INFO: Run Behavior\ShowPageTraceBehavior [ RunTime:0.001026s ]
INFO: [ app_end ] --END-- [ RunTime:0.001091s ]

[ 2018-06-17T18:21:03+08:00 ] 127.0.0.1 /index.php/Website/System/index
INFO: [ app_init ] --START--
INFO: Run Behavior\BuildLiteBehavior [ RunTime:0.000008s ]
INFO: [ app_init ] --END-- [ RunTime:0.000347s ]
INFO: [ app_begin ] --START--
INFO: Run Behavior\ReadHtmlCacheBehavior [ RunTime:0.000408s ]
INFO: [ app_begin ] --END-- [ RunTime:0.000439s ]
NOTIC: [8192] mysql_connect(): The mysql extension is deprecated and will be removed in the future: use mysqli or PDO instead F:\anji\Core\Library\Think\Session\Driver\Db.class.php 第 95 行.
SQL: SHOW COLUMNS FROM `lj_site` [ RunTime:0.0434s ]
SQL: SELECT `value` FROM `lj_site` WHERE `name` = 'basic' LIMIT 1   [ RunTime:0.0010s ]
INFO: [ view_parse ] --START--
INFO: [ template_filter ] --START--
INFO: Run Behavior\ContentReplaceBehavior [ RunTime:0.000167s ]
INFO: [ template_filter ] --END-- [ RunTime:0.000287s ]
INFO: Run Behavior\ParseTemplateBehavior [ RunTime:0.054624s ]
INFO: [ view_parse ] --END-- [ RunTime:0.054846s ]
INFO: [ view_filter ] --START--
INFO: Run Behavior\WriteHtmlCacheBehavior [ RunTime:0.001176s ]
INFO: [ view_filter ] --END-- [ RunTime:0.001283s ]
INFO: [ app_end ] --START--
INFO: Run Behavior\ShowPageTraceBehavior [ RunTime:0.001774s ]
INFO: [ app_end ] --END-- [ RunTime:0.001887s ]

